10:27:53.654 | 成功打开Chroma开机电子负载,初始化Chroma开机电子负载成功
10:27:53.748 | 连接控制IO板失败:接收数据长度错误:FDFBFBFFFFFDB7DB
10:30:46.894 | 连接控制IO板失败:接收数据长度错误:FDFBFBFFFFFDB7DB
10:30:47.941 | 关闭Chroma电子负载串口
10:30:50.598 | 成功打开Chroma开机电子负载,初始化Chroma开机电子负载成功
10:30:50.676 | 连接控制IO板失败:接收数据长度错误:FDFBFBFFFFFDB7DB
10:30:52.895 | 关闭Chroma电子负载串口
10:30:55.557 | 成功打开Chroma开机电子负载,初始化Chroma开机电子负载成功
10:30:55.635 | 连接控制IO板失败:接收数据长度错误:FDFBFBFFFFFDB7DB
10:30:55.744 | 连接控制IO板失败:接收数据长度错误:FDFBFBFFFFFDB7DB
10:30:56.957 | 连接控制IO板失败:接收数据长度错误:FDFBFBFFFFFDB7DB
10:30:57.842 | 关闭Chroma电子负载串口
10:31:10.726 | 成功打开Chroma开机电子负载,初始化Chroma开机电子负载成功
10:31:10.789 | 成功控制IO板串口,检测控制IO板通信正常.
10:31:10.820 | 成功连接到PLC主机
10:31:10.851 | <Chroma仪器1>开始启动测试
10:31:11.007 | <Chroma仪器1>测试通道【1】开始测试
10:31:16.649 | 成功加载Chroma负载参数[A180A017]
10:31:28.048 | <Chroma仪器1>测试通道【2】开始测试
10:31:38.485 | <Chroma仪器1>测试结束:27.6秒
10:32:28.488 | 成功打开Chroma开机电子负载,初始化Chroma开机电子负载成功
10:32:28.581 | <Chroma仪器1>开始启动测试
10:32:28.738 | <Chroma仪器1>测试通道【1】开始测试
10:32:29.737 | 成功加载Chroma负载参数[A180A017]
10:32:49.440 | <Chroma仪器1>测试通道【2】开始测试
10:33:08.191 | <Chroma仪器1>测试结束:39.6秒
10:34:38.905 | 成功打开Chroma开机电子负载,初始化Chroma开机电子负载成功
10:34:38.999 | <Chroma仪器1>开始启动测试
10:34:39.155 | <Chroma仪器1>测试通道【1】开始测试
10:34:40.187 | 成功加载Chroma负载参数[A065RP09P]
10:34:51.624 | <Chroma仪器1>测试通道【2】开始测试
10:35:02.077 | <Chroma仪器1>测试结束:23.1秒
10:35:08.783 | 断开连接PLC主机
10:35:08.814 | 关闭控制IO板串口
10:38:23.944 | 成功打开Chroma开机电子负载,初始化Chroma开机电子负载成功
10:38:24.022 | 成功控制IO板串口,检测控制IO板通信正常.
10:38:24.038 | 成功连接到PLC主机
10:38:24.069 | <Chroma仪器1>开始启动测试
10:38:24.210 | <Chroma仪器1>测试通道【1】开始测试
10:38:31.134 | 成功加载Chroma负载参数[A065RP09P]
10:38:34.727 | <Chroma仪器1>测试通道【2】开始测试
10:38:40.274 | <Chroma仪器1>测试结束:16.2秒
10:38:43.268 | 成功打开Chroma开机电子负载,初始化Chroma开机电子负载成功
10:38:43.362 | <Chroma仪器1>开始启动测试
10:38:43.502 | <Chroma仪器1>测试通道【1】开始测试
10:38:44.549 | 成功加载Chroma负载参数[A065RP09P]
10:38:48.174 | <Chroma仪器1>测试通道【2】开始测试
10:38:53.736 | <Chroma仪器1>测试结束:10.4秒
10:49:17.023 | 成功打开Chroma开机电子负载,初始化Chroma开机电子负载成功
10:49:17.101 | 成功控制IO板串口,检测控制IO板通信正常.
10:49:17.117 | 成功连接到PLC主机
10:49:17.195 | <Chroma仪器1>开始启动测试
10:49:17.336 | <Chroma仪器1>测试通道【1】开始测试
10:49:22.039 | 成功加载Chroma负载参数[A065RP09P]
10:49:25.648 | <Chroma仪器1>测试通道【2】开始测试
10:49:31.221 | <Chroma仪器1>测试结束:14.0秒
10:49:39.019 | 断开连接PLC主机
10:49:39.050 | 关闭控制IO板串口
11:45:39.163 | 成功连接到PLC1主机
11:45:42.973 | 成功打开读卡器串口COM1
11:45:43.011 | 服务器[端口:8000]启动监听.
11:45:43.058 | 启动测试TCP服务器监听:端口[8000]
11:45:43.256 | 成功连接MES远端服务器【192.168.3.200】
11:45:43.690 | 启动PLC监控线程.
11:45:43.740 | 启动测试站检查线程.
11:45:43.782 | 启动测试站检查线程.
11:47:09.296 | 成功连接到PLC1主机
11:47:13.100 | 成功打开读卡器串口COM1
11:47:13.151 | 服务器[端口:8000]启动监听.
11:47:13.197 | 启动测试TCP服务器监听:端口[8000]
11:47:13.324 | 成功连接MES远端服务器【192.168.3.200】
11:47:13.690 | 启动PLC监控线程.
11:47:13.729 | 启动测试站检查线程.
11:47:13.784 | 启动测试站检查线程.
11:47:25.115 | <ATE1>治具[0003513875]到位,检查治具流程.
11:47:25.202 | <ATE1>治具[0003513875]为空治具,准备过站
11:47:28.880 | <ATE2>治具[0003513875]到位,检查治具流程.
11:47:28.923 | <ATE2>治具[0003513875]为空治具,准备过站
11:47:31.728 | <ATE3>治具[0003513875]到位,检查治具流程.
11:47:31.802 | <ATE3>治具[0003513875]为空治具,准备过站
11:47:34.434 | <ATE4>设置为不测试,准备过站
11:47:34.523 | <ATE4>设置为不测试,准备过站
11:47:36.953 | <RRCC>设置为不测试,准备过站
11:47:37.050 | <RRCC>设置为不测试,准备过站
11:47:37.124 | <RRCC>设置为不测试,准备过站
11:47:37.204 | <RRCC>设置为不测试,准备过站
11:47:37.396 | <RRCC>设置为不测试,准备过站
11:47:37.471 | <RRCC>设置为不测试,准备过站
11:47:37.538 | <RRCC>设置为不测试,准备过站
11:47:37.638 | <RRCC>设置为不测试,准备过站
11:47:37.746 | <RRCC>设置为不测试,准备过站
11:47:37.824 | <RRCC>设置为不测试,准备过站
11:47:37.915 | <RRCC>设置为不测试,准备过站
11:47:37.988 | <RRCC>设置为不测试,准备过站
11:47:38.059 | <RRCC>设置为不测试,准备过站
11:47:38.124 | <RRCC>设置为不测试,准备过站
11:47:38.184 | <RRCC>设置为不测试,准备过站
11:47:38.251 | <RRCC>设置为不测试,准备过站
11:47:38.356 | <RRCC>设置为不测试,准备过站
11:47:38.419 | <RRCC>设置为不测试,准备过站
11:47:38.491 | <RRCC>设置为不测试,准备过站
11:47:38.568 | <RRCC>设置为不测试,准备过站
11:47:38.643 | <RRCC>设置为不测试,准备过站
11:47:38.723 | <RRCC>设置为不测试,准备过站
11:47:38.783 | <RRCC>设置为不测试,准备过站
11:47:38.865 | <RRCC>设置为不测试,准备过站
11:47:38.924 | <RRCC>设置为不测试,准备过站
11:47:38.986 | <RRCC>设置为不测试,准备过站
11:47:39.052 | <RRCC>设置为不测试,准备过站
11:47:39.122 | <RRCC>设置为不测试,准备过站
11:47:39.183 | <RRCC>设置为不测试,准备过站
11:47:39.252 | <RRCC>设置为不测试,准备过站
11:47:39.337 | <RRCC>设置为不测试,准备过站
11:47:39.408 | <RRCC>设置为不测试,准备过站
11:47:39.470 | <RRCC>设置为不测试,准备过站
11:47:39.531 | <RRCC>设置为不测试,准备过站
11:47:39.602 | <RRCC>设置为不测试,准备过站
11:47:39.712 | <RRCC>设置为不测试,准备过站
11:47:39.780 | <RRCC>设置为不测试,准备过站
11:47:39.861 | <RRCC>设置为不测试,准备过站
11:47:39.921 | <RRCC>设置为不测试,准备过站
11:47:39.991 | <RRCC>设置为不测试,准备过站
11:47:40.051 | <RRCC>设置为不测试,准备过站
11:47:40.111 | <RRCC>设置为不测试,准备过站
11:47:40.182 | <RRCC>设置为不测试,准备过站
11:47:40.272 | <RRCC>设置为不测试,准备过站
11:47:40.384 | <RRCC>设置为不测试,准备过站
11:47:40.452 | <RRCC>设置为不测试,准备过站
11:47:40.523 | <RRCC>设置为不测试,准备过站
11:47:40.625 | <RRCC>设置为不测试,准备过站
11:47:40.690 | <RRCC>设置为不测试,准备过站
11:47:40.763 | <RRCC>设置为不测试,准备过站
11:47:40.863 | <RRCC>设置为不测试,准备过站
11:47:40.938 | <RRCC>设置为不测试,准备过站
11:47:41.007 | <RRCC>设置为不测试,准备过站
11:47:41.075 | <RRCC>设置为不测试,准备过站
11:47:41.145 | <RRCC>设置为不测试,准备过站
11:47:41.234 | <RRCC>设置为不测试,准备过站
11:47:41.307 | <RRCC>设置为不测试,准备过站
11:47:41.366 | <RRCC>设置为不测试,准备过站
11:47:41.436 | <RRCC>设置为不测试,准备过站
11:47:41.498 | <RRCC>设置为不测试,准备过站
11:47:41.571 | <RRCC>设置为不测试,准备过站
11:47:41.633 | <RRCC>设置为不测试,准备过站
11:47:41.704 | <RRCC>设置为不测试,准备过站
11:47:41.764 | <RRCC>设置为不测试,准备过站
11:47:41.822 | <RRCC>设置为不测试,准备过站
11:47:41.893 | <RRCC>设置为不测试,准备过站
11:47:41.954 | <RRCC>设置为不测试,准备过站
11:47:42.017 | <RRCC>设置为不测试,准备过站
11:47:42.090 | <RRCC>设置为不测试,准备过站
11:47:42.172 | <RRCC>设置为不测试,准备过站
11:47:42.238 | <RRCC>设置为不测试,准备过站
11:47:42.298 | <RRCC>设置为不测试,准备过站
11:47:42.359 | <RRCC>设置为不测试,准备过站
11:47:42.430 | <RRCC>设置为不测试,准备过站
11:47:42.496 | <RRCC>设置为不测试,准备过站
11:47:42.594 | <RRCC>设置为不测试,准备过站
11:47:42.663 | <RRCC>设置为不测试,准备过站
11:47:42.734 | <RRCC>设置为不测试,准备过站
11:47:42.794 | <RRCC>设置为不测试,准备过站
11:47:42.859 | <RRCC>设置为不测试,准备过站
11:47:42.971 | <RRCC>设置为不测试,准备过站
11:47:43.032 | <RRCC>设置为不测试,准备过站
11:47:43.147 | <RRCC>设置为不测试,准备过站
11:47:43.224 | <RRCC>设置为不测试,准备过站
11:47:43.337 | <RRCC>设置为不测试,准备过站
11:47:43.411 | <RRCC>设置为不测试,准备过站
11:47:43.497 | <RRCC>设置为不测试,准备过站
11:47:43.578 | <RRCC>设置为不测试,准备过站
11:47:43.690 | <RRCC>设置为不测试,准备过站
11:47:43.767 | <RRCC>设置为不测试,准备过站
11:47:43.875 | <RRCC>设置为不测试,准备过站
11:47:43.947 | <RRCC>设置为不测试,准备过站
11:47:44.062 | <RRCC>设置为不测试,准备过站
11:47:44.134 | <RRCC>设置为不测试,准备过站
11:47:44.225 | <RRCC>设置为不测试,准备过站
11:47:44.348 | <RRCC>设置为不测试,准备过站
11:47:44.454 | <RRCC>设置为不测试,准备过站
11:47:44.533 | <RRCC>设置为不测试,准备过站
11:47:44.625 | <RRCC>设置为不测试,准备过站
11:47:44.709 | <RRCC>设置为不测试,准备过站
11:47:44.785 | <RRCC>设置为不测试,准备过站
11:47:44.890 | <RRCC>设置为不测试,准备过站
11:47:44.965 | <RRCC>设置为不测试,准备过站
11:47:45.084 | <RRCC>设置为不测试,准备过站
11:47:45.153 | <RRCC>设置为不测试,准备过站
11:47:45.218 | <RRCC>设置为不测试,准备过站
11:47:45.282 | <RRCC>设置为不测试,准备过站
11:47:45.355 | <RRCC>设置为不测试,准备过站
11:47:45.450 | <RRCC>设置为不测试,准备过站
11:47:45.560 | <RRCC>设置为不测试,准备过站
11:47:45.667 | <RRCC>设置为不测试,准备过站
11:47:45.745 | <RRCC>设置为不测试,准备过站
11:47:45.851 | <RRCC>设置为不测试,准备过站
11:47:45.926 | <RRCC>设置为不测试,准备过站
11:47:46.034 | <RRCC>设置为不测试,准备过站
11:47:46.108 | <RRCC>设置为不测试,准备过站
11:47:46.188 | <RRCC>设置为不测试,准备过站
11:47:46.259 | <RRCC>设置为不测试,准备过站
11:47:46.334 | <RRCC>设置为不测试,准备过站
11:47:46.431 | <RRCC>设置为不测试,准备过站
11:47:46.512 | <RRCC>设置为不测试,准备过站
11:47:46.623 | <RRCC>设置为不测试,准备过站
11:47:46.746 | <RRCC>设置为不测试,准备过站
11:47:46.822 | <RRCC>设置为不测试,准备过站
11:47:46.922 | <RRCC>设置为不测试,准备过站
11:47:47.001 | <RRCC>设置为不测试,准备过站
11:47:47.098 | <RRCC>设置为不测试,准备过站
11:47:47.201 | <RRCC>设置为不测试,准备过站
11:47:47.322 | <RRCC>设置为不测试,准备过站
11:47:47.436 | <RRCC>设置为不测试,准备过站
11:47:47.562 | <RRCC>设置为不测试,准备过站
11:47:47.637 | <RRCC>设置为不测试,准备过站
11:47:47.742 | <RRCC>设置为不测试,准备过站
11:47:47.858 | <RRCC>设置为不测试,准备过站
11:47:47.969 | <RRCC>设置为不测试,准备过站
11:47:48.073 | <RRCC>设置为不测试,准备过站
11:47:48.147 | <RRCC>设置为不测试,准备过站
11:47:48.246 | <RRCC>设置为不测试,准备过站
11:47:48.324 | <RRCC>设置为不测试,准备过站
11:47:48.425 | <RRCC>设置为不测试,准备过站
11:47:48.530 | <RRCC>设置为不测试,准备过站
11:47:48.642 | <RRCC>设置为不测试,准备过站
11:47:48.717 | <RRCC>设置为不测试,准备过站
11:47:48.803 | <RRCC>设置为不测试,准备过站
11:47:48.881 | <RRCC>设置为不测试,准备过站
11:47:48.956 | <RRCC>设置为不测试,准备过站
11:47:49.057 | <RRCC>设置为不测试,准备过站
11:47:49.134 | <RRCC>设置为不测试,准备过站
11:47:49.259 | <RRCC>设置为不测试,准备过站
11:47:49.338 | <RRCC>设置为不测试,准备过站
11:47:49.440 | <RRCC>设置为不测试,准备过站
11:47:49.519 | <RRCC>设置为不测试,准备过站
11:47:49.625 | <RRCC>设置为不测试,准备过站
11:47:49.703 | <RRCC>设置为不测试,准备过站
11:47:49.809 | <RRCC>设置为不测试,准备过站
11:47:49.897 | <RRCC>设置为不测试,准备过站
11:47:49.998 | <RRCC>设置为不测试,准备过站
11:47:50.070 | <RRCC>设置为不测试,准备过站
11:47:50.132 | <RRCC>设置为不测试,准备过站
11:47:50.194 | <RRCC>设置为不测试,准备过站
11:47:50.268 | <RRCC>设置为不测试,准备过站
11:47:50.370 | <RRCC>设置为不测试,准备过站
11:47:50.475 | <RRCC>设置为不测试,准备过站
11:47:50.549 | <RRCC>设置为不测试,准备过站
11:47:50.664 | <RRCC>设置为不测试,准备过站
11:47:50.744 | <RRCC>设置为不测试,准备过站
11:47:50.819 | <RRCC>设置为不测试,准备过站
11:47:50.922 | <RRCC>设置为不测试,准备过站
11:47:51.034 | <RRCC>设置为不测试,准备过站
11:47:51.112 | <RRCC>设置为不测试,准备过站
11:47:51.218 | <RRCC>设置为不测试,准备过站
11:47:51.330 | <RRCC>设置为不测试,准备过站
11:47:51.410 | <RRCC>设置为不测试,准备过站
11:47:51.483 | <RRCC>设置为不测试,准备过站
11:47:51.587 | <RRCC>设置为不测试,准备过站
11:47:51.719 | <RRCC>设置为不测试,准备过站
11:47:51.797 | <RRCC>设置为不测试,准备过站
11:47:51.897 | <RRCC>设置为不测试,准备过站
11:47:51.966 | <RRCC>设置为不测试,准备过站
11:47:52.042 | <RRCC>设置为不测试,准备过站
11:47:52.146 | <RRCC>设置为不测试,准备过站
11:47:52.258 | <RRCC>设置为不测试,准备过站
11:47:52.342 | <RRCC>设置为不测试,准备过站
11:47:52.458 | <RRCC>设置为不测试,准备过站
11:47:52.532 | <RRCC>设置为不测试,准备过站
11:47:52.595 | <RRCC>设置为不测试,准备过站
11:47:52.699 | <RRCC>设置为不测试,准备过站
11:47:52.818 | <RRCC>设置为不测试,准备过站
11:47:52.911 | <RRCC>设置为不测试,准备过站
11:47:53.002 | <RRCC>设置为不测试,准备过站
11:47:53.086 | <RRCC>设置为不测试,准备过站
11:47:53.198 | <RRCC>设置为不测试,准备过站
11:47:53.274 | <RRCC>设置为不测试,准备过站
11:47:53.386 | <RRCC>设置为不测试,准备过站
11:47:53.499 | <RRCC>设置为不测试,准备过站
11:47:53.575 | <RRCC>设置为不测试,准备过站
11:47:53.683 | <RRCC>设置为不测试,准备过站
11:47:53.793 | <RRCC>设置为不测试,准备过站
11:47:53.911 | <RRCC>设置为不测试,准备过站
11:47:53.990 | <RRCC>设置为不测试,准备过站
11:47:54.089 | <RRCC>设置为不测试,准备过站
11:47:54.169 | <RRCC>设置为不测试,准备过站
11:47:54.241 | <RRCC>设置为不测试,准备过站
11:47:54.304 | <RRCC>设置为不测试,准备过站
11:47:54.382 | <RRCC>设置为不测试,准备过站
11:47:54.497 | <RRCC>设置为不测试,准备过站
11:47:54.571 | <RRCC>设置为不测试,准备过站
11:47:54.666 | <RRCC>设置为不测试,准备过站
11:47:54.744 | <RRCC>设置为不测试,准备过站
11:47:54.859 | <RRCC>设置为不测试,准备过站
11:47:54.931 | <RRCC>设置为不测试,准备过站
11:47:54.994 | <RRCC>设置为不测试,准备过站
11:47:55.098 | <RRCC>设置为不测试,准备过站
11:47:55.211 | <RRCC>设置为不测试,准备过站
11:47:55.287 | <RRCC>设置为不测试,准备过站
11:47:55.357 | <RRCC>设置为不测试,准备过站
11:47:55.457 | <RRCC>设置为不测试,准备过站
11:47:55.537 | <RRCC>设置为不测试,准备过站
11:47:55.642 | <RRCC>设置为不测试,准备过站
11:47:55.715 | <RRCC>设置为不测试,准备过站
11:47:55.827 | <RRCC>设置为不测试,准备过站
11:47:55.897 | <RRCC>设置为不测试,准备过站
11:47:56.002 | <RRCC>设置为不测试,准备过站
11:47:56.072 | <RRCC>设置为不测试,准备过站
11:47:56.144 | <RRCC>设置为不测试,准备过站
11:47:56.243 | <RRCC>设置为不测试,准备过站
11:47:56.363 | <RRCC>设置为不测试,准备过站
11:47:56.443 | <RRCC>设置为不测试,准备过站
11:47:56.553 | <RRCC>设置为不测试,准备过站
11:47:56.632 | <RRCC>设置为不测试,准备过站
11:47:56.722 | <RRCC>设置为不测试,准备过站
11:47:56.823 | <RRCC>设置为不测试,准备过站
11:47:56.922 | <RRCC>设置为不测试,准备过站
11:47:57.012 | <RRCC>设置为不测试,准备过站
11:47:57.121 | <RRCC>设置为不测试,准备过站
11:47:57.238 | <RRCC>设置为不测试,准备过站
11:47:57.319 | <RRCC>设置为不测试,准备过站
11:47:57.392 | <RRCC>设置为不测试,准备过站
11:47:57.458 | <RRCC>设置为不测试,准备过站
11:47:57.555 | <RRCC>设置为不测试,准备过站
11:47:57.665 | <RRCC>设置为不测试,准备过站
11:47:57.769 | <RRCC>设置为不测试,准备过站
11:47:57.841 | <RRCC>设置为不测试,准备过站
11:47:57.937 | <RRCC>设置为不测试,准备过站
11:47:58.050 | <RRCC>设置为不测试,准备过站
11:47:58.130 | <RRCC>设置为不测试,准备过站
11:47:58.216 | <RRCC>设置为不测试,准备过站
11:47:58.329 | <RRCC>设置为不测试,准备过站
11:47:58.406 | <RRCC>设置为不测试,准备过站
11:47:58.486 | <RRCC>设置为不测试,准备过站
11:47:58.603 | <RRCC>设置为不测试,准备过站
11:47:58.678 | <RRCC>设置为不测试,准备过站
11:47:58.745 | <RRCC>设置为不测试,准备过站
11:47:58.849 | <RRCC>设置为不测试,准备过站
11:47:58.955 | <RRCC>设置为不测试,准备过站
11:47:59.033 | <RRCC>设置为不测试,准备过站
11:47:59.095 | <RRCC>设置为不测试,准备过站
11:47:59.203 | <RRCC>设置为不测试,准备过站
11:47:59.314 | <RRCC>设置为不测试,准备过站
11:47:59.444 | <RRCC>设置为不测试,准备过站
11:47:59.518 | <RRCC>设置为不测试,准备过站
11:47:59.596 | <RRCC>设置为不测试,准备过站
11:47:59.705 | <RRCC>设置为不测试,准备过站
11:47:59.783 | <RRCC>设置为不测试,准备过站
11:47:59.846 | <RRCC>设置为不测试,准备过站
11:47:59.947 | <RRCC>设置为不测试,准备过站
11:48:00.058 | <RRCC>设置为不测试,准备过站
11:48:00.137 | <RRCC>设置为不测试,准备过站
11:48:00.234 | <RRCC>设置为不测试,准备过站
11:48:00.314 | <RRCC>设置为不测试,准备过站
11:48:00.417 | <RRCC>设置为不测试,准备过站
11:48:00.498 | <RRCC>设置为不测试,准备过站
11:48:00.603 | <RRCC>设置为不测试,准备过站
11:48:00.718 | <RRCC>设置为不测试,准备过站
11:48:00.830 | <RRCC>设置为不测试,准备过站
11:48:00.904 | <RRCC>设置为不测试,准备过站
11:48:00.971 | <RRCC>设置为不测试,准备过站
11:48:01.081 | <RRCC>设置为不测试,准备过站
11:48:01.194 | <RRCC>设置为不测试,准备过站
11:48:01.273 | <RRCC>设置为不测试,准备过站
11:48:01.371 | <RRCC>设置为不测试,准备过站
11:48:01.481 | <RRCC>设置为不测试,准备过站
11:48:01.558 | <RRCC>设置为不测试,准备过站
11:48:01.665 | <RRCC>设置为不测试,准备过站
11:48:01.777 | <RRCC>设置为不测试,准备过站
11:48:01.897 | <RRCC>设置为不测试,准备过站
11:48:01.974 | <RRCC>设置为不测试,准备过站
11:48:02.082 | <RRCC>设置为不测试,准备过站
11:48:02.202 | <RRCC>设置为不测试,准备过站
11:48:02.310 | <RRCC>设置为不测试,准备过站
11:48:02.390 | <RRCC>设置为不测试,准备过站
11:48:02.488 | <RRCC>设置为不测试,准备过站
11:48:02.623 | <RRCC>设置为不测试,准备过站
11:48:02.698 | <RRCC>设置为不测试,准备过站
11:48:02.767 | <RRCC>设置为不测试,准备过站
11:48:02.831 | <RRCC>设置为不测试,准备过站
11:48:02.938 | <RRCC>设置为不测试,准备过站
11:48:03.020 | <RRCC>设置为不测试,准备过站
11:48:03.137 | <RRCC>设置为不测试,准备过站
11:48:03.216 | <RRCC>设置为不测试,准备过站
11:48:03.295 | <RRCC>设置为不测试,准备过站
11:48:03.393 | <RRCC>设置为不测试,准备过站
11:48:03.472 | <RRCC>设置为不测试,准备过站
11:48:03.570 | <RRCC>设置为不测试,准备过站
11:48:03.650 | <RRCC>设置为不测试,准备过站
11:48:03.757 | <RRCC>设置为不测试,准备过站
11:48:03.834 | <RRCC>设置为不测试,准备过站
11:48:03.956 | <RRCC>设置为不测试,准备过站
11:48:04.064 | <RRCC>设置为不测试,准备过站
11:48:04.170 | <RRCC>设置为不测试,准备过站
11:48:04.283 | <RRCC>设置为不测试,准备过站
11:48:04.401 | <RRCC>设置为不测试,准备过站
11:48:04.486 | <RRCC>设置为不测试,准备过站
11:48:04.588 | <RRCC>设置为不测试,准备过站
11:48:04.668 | <RRCC>设置为不测试,准备过站
11:48:04.770 | <RRCC>设置为不测试,准备过站
11:48:04.874 | <RRCC>设置为不测试,准备过站
11:48:04.948 | <RRCC>设置为不测试,准备过站
11:48:05.053 | <RRCC>设置为不测试,准备过站
11:48:05.128 | <RRCC>设置为不测试,准备过站
11:48:05.237 | <RRCC>设置为不测试,准备过站
11:48:05.318 | <RRCC>设置为不测试,准备过站
11:48:05.433 | <RRCC>设置为不测试,准备过站
11:48:05.540 | <RRCC>设置为不测试,准备过站
11:48:05.613 | <RRCC>设置为不测试,准备过站
11:48:05.690 | <RRCC>设置为不测试,准备过站
11:48:05.785 | <RRCC>设置为不测试,准备过站
11:48:05.866 | <RRCC>设置为不测试,准备过站
11:48:05.968 | <RRCC>设置为不测试,准备过站
11:48:06.048 | <RRCC>设置为不测试,准备过站
11:48:06.145 | <RRCC>设置为不测试,准备过站
11:48:06.226 | <RRCC>设置为不测试,准备过站
11:48:06.289 | <RRCC>设置为不测试,准备过站
11:48:06.392 | <RRCC>设置为不测试,准备过站
11:48:06.506 | <RRCC>设置为不测试,准备过站
11:48:06.609 | <RRCC>设置为不测试,准备过站
11:48:06.685 | <RRCC>设置为不测试,准备过站
11:48:06.801 | <RRCC>设置为不测试,准备过站
11:48:06.910 | <RRCC>设置为不测试,准备过站
11:48:06.986 | <RRCC>设置为不测试,准备过站
11:48:07.089 | <RRCC>设置为不测试,准备过站
11:48:07.198 | <RRCC>设置为不测试,准备过站
11:48:07.313 | <RRCC>设置为不测试,准备过站
11:48:07.418 | <RRCC>设置为不测试,准备过站
11:48:07.497 | <RRCC>设置为不测试,准备过站
11:48:07.618 | <RRCC>设置为不测试,准备过站
11:48:07.698 | <RRCC>设置为不测试,准备过站
11:48:07.801 | <RRCC>设置为不测试,准备过站
11:48:07.882 | <RRCC>设置为不测试,准备过站
11:48:07.976 | <RRCC>设置为不测试,准备过站
11:48:08.056 | <RRCC>设置为不测试,准备过站
11:48:08.162 | <RRCC>设置为不测试,准备过站
11:48:08.235 | <RRCC>设置为不测试,准备过站
11:48:08.299 | <RRCC>设置为不测试,准备过站
11:48:08.368 | <RRCC>设置为不测试,准备过站
11:48:08.448 | <RRCC>设置为不测试,准备过站
11:48:08.559 | <RRCC>设置为不测试,准备过站
11:48:08.642 | <RRCC>设置为不测试,准备过站
11:48:08.758 | <RRCC>设置为不测试,准备过站
11:48:08.838 | <RRCC>设置为不测试,准备过站
11:48:08.961 | <RRCC>设置为不测试,准备过站
11:48:09.032 | <RRCC>设置为不测试,准备过站
11:48:09.113 | <RRCC>设置为不测试,准备过站
11:48:09.193 | <RRCC>设置为不测试,准备过站
11:48:09.303 | <RRCC>设置为不测试,准备过站
11:48:09.419 | <RRCC>设置为不测试,准备过站
11:48:09.501 | <RRCC>设置为不测试,准备过站
11:48:09.601 | <RRCC>设置为不测试,准备过站
11:48:09.718 | <RRCC>设置为不测试,准备过站
11:48:09.798 | <RRCC>设置为不测试,准备过站
11:48:09.902 | <RRCC>设置为不测试,准备过站
11:48:10.016 | <RRCC>设置为不测试,准备过站
11:48:10.098 | <RRCC>设置为不测试,准备过站
11:48:10.205 | <RRCC>设置为不测试,准备过站
11:48:10.288 | <RRCC>设置为不测试,准备过站
11:48:10.395 | <RRCC>设置为不测试,准备过站
11:48:10.497 | <RRCC>设置为不测试,准备过站
11:48:10.578 | <RRCC>设置为不测试,准备过站
11:48:10.644 | <RRCC>设置为不测试,准备过站
11:48:10.760 | <RRCC>设置为不测试,准备过站
11:48:10.846 | <RRCC>设置为不测试,准备过站
11:48:10.919 | <RRCC>设置为不测试,准备过站
11:48:10.985 | <RRCC>设置为不测试,准备过站
11:48:11.105 | <RRCC>设置为不测试,准备过站
11:48:11.183 | <RRCC>设置为不测试,准备过站
11:48:11.287 | <RRCC>设置为不测试,准备过站
11:48:11.376 | <RRCC>设置为不测试,准备过站
11:48:11.480 | <RRCC>设置为不测试,准备过站
11:48:11.555 | <RRCC>设置为不测试,准备过站
11:48:11.622 | <RRCC>设置为不测试,准备过站
11:48:11.730 | <RRCC>设置为不测试,准备过站
11:48:11.837 | <RRCC>设置为不测试,准备过站
11:48:11.909 | <RRCC>设置为不测试,准备过站
11:48:11.972 | <RRCC>设置为不测试,准备过站
11:48:12.046 | <RRCC>设置为不测试,准备过站
11:48:12.151 | <RRCC>设置为不测试,准备过站
11:48:12.249 | <RRCC>设置为不测试,准备过站
11:48:12.338 | <RRCC>设置为不测试,准备过站
11:48:12.437 | <RRCC>设置为不测试,准备过站
11:48:12.511 | <RRCC>设置为不测试,准备过站
11:48:12.587 | <RRCC>设置为不测试,准备过站
11:48:12.674 | <RRCC>设置为不测试,准备过站
11:48:12.793 | <RRCC>设置为不测试,准备过站
11:48:12.880 | <RRCC>设置为不测试,准备过站
11:48:12.985 | <RRCC>设置为不测试,准备过站
11:48:13.058 | <RRCC>设置为不测试,准备过站
11:48:13.136 | <RRCC>设置为不测试,准备过站
11:48:13.242 | <RRCC>设置为不测试,准备过站
11:48:13.318 | <RRCC>设置为不测试,准备过站
11:48:13.428 | <RRCC>设置为不测试,准备过站
11:48:13.501 | <RRCC>设置为不测试,准备过站
11:48:13.562 | <RRCC>设置为不测试,准备过站
11:48:13.623 | <RRCC>设置为不测试,准备过站
11:48:13.695 | <RRCC>设置为不测试,准备过站
11:48:13.793 | <RRCC>设置为不测试,准备过站
11:48:13.875 | <RRCC>设置为不测试,准备过站
11:48:14.000 | <RRCC>设置为不测试,准备过站
11:48:14.084 | <RRCC>设置为不测试,准备过站
11:48:14.176 | <RRCC>设置为不测试,准备过站
11:48:14.274 | <RRCC>设置为不测试,准备过站
11:48:14.346 | <RRCC>设置为不测试,准备过站
11:48:14.456 | <RRCC>设置为不测试,准备过站
11:48:14.536 | <RRCC>设置为不测试,准备过站
11:48:14.649 | <RRCC>设置为不测试,准备过站
11:48:14.762 | <RRCC>设置为不测试,准备过站
11:48:14.842 | <RRCC>设置为不测试,准备过站
11:48:14.934 | <RRCC>设置为不测试,准备过站
11:48:15.016 | <RRCC>设置为不测试,准备过站
11:48:15.116 | <RRCC>设置为不测试,准备过站
11:48:15.241 | <RRCC>设置为不测试,准备过站
11:48:15.321 | <RRCC>设置为不测试,准备过站
11:48:15.425 | <RRCC>设置为不测试,准备过站
11:48:15.529 | <RRCC>设置为不测试,准备过站
11:48:15.610 | <RRCC>设置为不测试,准备过站
11:48:15.686 | <RRCC>设置为不测试,准备过站
11:48:15.800 | <RRCC>设置为不测试,准备过站
11:48:15.919 | <RRCC>设置为不测试,准备过站
11:48:15.992 | <RRCC>设置为不测试,准备过站
11:48:16.057 | <RRCC>设置为不测试,准备过站
11:48:16.158 | <RRCC>设置为不测试,准备过站
11:48:16.270 | <RRCC>设置为不测试,准备过站
11:48:16.347 | <RRCC>设置为不测试,准备过站
11:48:16.427 | <RRCC>设置为不测试,准备过站
11:48:16.513 | <RRCC>设置为不测试,准备过站
11:48:16.629 | <RRCC>设置为不测试,准备过站
11:48:16.705 | <RRCC>设置为不测试,准备过站
11:48:16.809 | <RRCC>设置为不测试,准备过站
11:48:16.897 | <RRCC>设置为不测试,准备过站
11:48:17.007 | <RRCC>设置为不测试,准备过站
11:48:17.076 | <RRCC>设置为不测试,准备过站
11:48:17.140 | <RRCC>设置为不测试,准备过站
11:48:17.214 | <RRCC>设置为不测试,准备过站
11:48:17.315 | <RRCC>设置为不测试,准备过站
11:48:17.395 | <RRCC>设置为不测试,准备过站
11:48:17.493 | <RRCC>设置为不测试,准备过站
11:48:17.642 | <RRCC>设置为不测试,准备过站
11:48:17.721 | <RRCC>设置为不测试,准备过站
11:48:17.782 | <RRCC>设置为不测试,准备过站
11:48:17.846 | <RRCC>设置为不测试,准备过站
11:48:17.944 | <RRCC>设置为不测试,准备过站
11:48:18.025 | <RRCC>设置为不测试,准备过站
11:48:18.086 | <RRCC>设置为不测试,准备过站
11:48:18.201 | <RRCC>设置为不测试,准备过站
11:48:18.272 | <RRCC>设置为不测试,准备过站
11:48:18.334 | <RRCC>设置为不测试,准备过站
11:48:18.397 | <RRCC>设置为不测试,准备过站
11:48:18.472 | <RRCC>设置为不测试,准备过站
11:48:18.543 | <RRCC>设置为不测试,准备过站
11:48:18.606 | <RRCC>设置为不测试,准备过站
11:48:18.707 | <RRCC>设置为不测试,准备过站
11:48:18.791 | <RRCC>设置为不测试,准备过站
11:48:18.896 | <RRCC>设置为不测试,准备过站
11:48:18.976 | <RRCC>设置为不测试,准备过站
11:48:19.082 | <RRCC>设置为不测试,准备过站
11:48:19.162 | <RRCC>设置为不测试,准备过站
11:48:19.278 | <RRCC>设置为不测试,准备过站
11:48:19.352 | <RRCC>设置为不测试,准备过站
11:48:19.472 | <RRCC>设置为不测试,准备过站
11:48:19.580 | <RRCC>设置为不测试,准备过站
11:48:19.654 | <RRCC>设置为不测试,准备过站
11:48:19.718 | <RRCC>设置为不测试,准备过站
11:48:19.831 | <RRCC>设置为不测试,准备过站
11:48:19.953 | <RRCC>设置为不测试,准备过站
11:48:20.032 | <RRCC>设置为不测试,准备过站
11:48:20.105 | <RRCC>设置为不测试,准备过站
11:48:20.204 | <RRCC>设置为不测试,准备过站
11:48:20.279 | <RRCC>设置为不测试,准备过站
11:48:20.346 | <RRCC>设置为不测试,准备过站
11:48:20.425 | <RRCC>设置为不测试,准备过站
11:48:20.539 | <RRCC>设置为不测试,准备过站
11:48:20.614 | <RRCC>设置为不测试,准备过站
11:48:20.681 | <RRCC>设置为不测试,准备过站
11:48:20.760 | <RRCC>设置为不测试,准备过站
11:48:20.865 | <RRCC>设置为不测试,准备过站
11:48:20.941 | <RRCC>设置为不测试,准备过站
11:48:21.066 | <RRCC>设置为不测试,准备过站
11:48:21.186 | <RRCC>设置为不测试,准备过站
11:48:21.264 | <RRCC>设置为不测试,准备过站
11:48:21.345 | <RRCC>设置为不测试,准备过站
11:48:21.441 | <RRCC>设置为不测试,准备过站
11:48:21.562 | <RRCC>设置为不测试,准备过站
11:48:21.645 | <RRCC>设置为不测试,准备过站
11:48:21.706 | <RRCC>设置为不测试,准备过站
11:48:21.783 | <RRCC>设置为不测试,准备过站
11:48:21.903 | <RRCC>设置为不测试,准备过站
11:48:21.987 | <RRCC>设置为不测试,准备过站
11:48:22.097 | <RRCC>设置为不测试,准备过站
11:48:22.174 | <RRCC>设置为不测试,准备过站
11:48:22.293 | <RRCC>设置为不测试,准备过站
11:48:22.374 | <RRCC>设置为不测试,准备过站
11:48:22.472 | <RRCC>设置为不测试,准备过站
11:48:22.593 | <RRCC>设置为不测试,准备过站
11:48:22.674 | <RRCC>设置为不测试,准备过站
11:48:22.784 | <RRCC>设置为不测试,准备过站
11:48:22.859 | <RRCC>设置为不测试,准备过站
11:48:22.966 | <RRCC>设置为不测试,准备过站
11:48:23.040 | <RRCC>设置为不测试,准备过站
11:48:23.104 | <RRCC>设置为不测试,准备过站
11:48:23.168 | <RRCC>设置为不测试,准备过站
11:48:23.288 | <RRCC>设置为不测试,准备过站
11:48:23.401 | <RRCC>设置为不测试,准备过站
11:48:23.514 | <RRCC>设置为不测试,准备过站
11:48:23.597 | <RRCC>设置为不测试,准备过站
11:48:23.696 | <RRCC>设置为不测试,准备过站
11:48:23.805 | <RRCC>设置为不测试,准备过站
11:48:23.880 | <RRCC>设置为不测试,准备过站
11:48:23.954 | <RRCC>设置为不测试,准备过站
11:48:24.029 | <RRCC>设置为不测试,准备过站
11:48:24.128 | <RRCC>设置为不测试,准备过站
11:48:24.206 | <RRCC>设置为不测试,准备过站
11:48:24.313 | <RRCC>设置为不测试,准备过站
11:48:24.389 | <RRCC>设置为不测试,准备过站
11:48:24.453 | <RRCC>设置为不测试,准备过站
11:48:24.522 | <RRCC>设置为不测试,准备过站
11:48:24.632 | <RRCC>设置为不测试,准备过站
11:48:24.701 | <RRCC>设置为不测试,准备过站
11:48:24.768 | <RRCC>设置为不测试,准备过站
11:48:24.833 | <RRCC>设置为不测试,准备过站
11:48:24.942 | <RRCC>设置为不测试,准备过站
11:48:25.018 | <RRCC>设置为不测试,准备过站
11:48:25.128 | <RRCC>设置为不测试,准备过站
11:48:25.240 | <RRCC>设置为不测试,准备过站
11:48:25.353 | <RRCC>设置为不测试,准备过站
11:48:25.462 | <RRCC>设置为不测试,准备过站
11:48:25.526 | <RRCC>设置为不测试,准备过站
11:48:25.610 | <RRCC>设置为不测试,准备过站
11:48:25.677 | <RRCC>设置为不测试,准备过站
11:48:25.759 | <RRCC>设置为不测试,准备过站
11:48:25.863 | <RRCC>设置为不测试,准备过站
11:48:25.980 | <RRCC>设置为不测试,准备过站
11:48:26.087 | <RRCC>设置为不测试,准备过站
11:48:26.162 | <RRCC>设置为不测试,准备过站
11:48:26.227 | <RRCC>设置为不测试,准备过站
11:48:26.302 | <RRCC>设置为不测试,准备过站
11:48:26.414 | <RRCC>设置为不测试,准备过站
11:48:26.490 | <RRCC>设置为不测试,准备过站
11:48:26.554 | <RRCC>设置为不测试,准备过站
11:48:26.661 | <RRCC>设置为不测试,准备过站
11:48:26.736 | <RRCC>设置为不测试,准备过站
11:48:26.805 | <RRCC>设置为不测试,准备过站
11:48:26.922 | <RRCC>设置为不测试,准备过站
11:48:26.998 | <RRCC>设置为不测试,准备过站
11:48:27.103 | <RRCC>设置为不测试,准备过站
11:48:27.178 | <RRCC>设置为不测试,准备过站
11:48:27.288 | <RRCC>设置为不测试,准备过站
11:48:27.362 | <RRCC>设置为不测试,准备过站
11:48:27.425 | <RRCC>设置为不测试,准备过站
11:48:27.530 | <RRCC>设置为不测试,准备过站
11:48:27.612 | <RRCC>设置为不测试,准备过站
11:48:27.719 | <RRCC>设置为不测试,准备过站
11:48:27.828 | <RRCC>设置为不测试,准备过站
11:48:27.902 | <RRCC>设置为不测试,准备过站
11:48:28.008 | <RRCC>设置为不测试,准备过站
11:48:28.118 | <RRCC>设置为不测试,准备过站
11:48:28.197 | <RRCC>设置为不测试,准备过站
11:48:28.267 | <RRCC>设置为不测试,准备过站
11:48:28.342 | <RRCC>设置为不测试,准备过站
11:48:28.412 | <RRCC>设置为不测试,准备过站
11:48:28.473 | <RRCC>设置为不测试,准备过站
11:48:28.570 | <RRCC>设置为不测试,准备过站
11:48:28.694 | <RRCC>设置为不测试,准备过站
11:48:28.768 | <RRCC>设置为不测试,准备过站
11:48:28.830 | <RRCC>设置为不测试,准备过站
11:48:28.901 | <RRCC>设置为不测试,准备过站
11:48:28.978 | <RRCC>设置为不测试,准备过站
11:48:29.092 | <RRCC>设置为不测试,准备过站
11:48:29.176 | <RRCC>设置为不测试,准备过站
11:48:29.286 | <RRCC>设置为不测试,准备过站
11:48:29.365 | <RRCC>设置为不测试,准备过站
11:48:29.470 | <RRCC>设置为不测试,准备过站
11:48:29.550 | <RRCC>设置为不测试,准备过站
11:48:29.660 | <RRCC>设置为不测试,准备过站
11:48:29.734 | <RRCC>设置为不测试,准备过站
11:48:29.838 | <RRCC>设置为不测试,准备过站
11:48:29.921 | <RRCC>设置为不测试,准备过站
11:48:30.033 | <RRCC>设置为不测试,准备过站
11:48:30.114 | <RRCC>设置为不测试,准备过站
11:48:30.175 | <RRCC>设置为不测试,准备过站
11:48:30.302 | <RRCC>设置为不测试,准备过站
11:48:30.385 | <RRCC>设置为不测试,准备过站
11:48:30.481 | <RRCC>设置为不测试,准备过站
11:48:30.584 | <RRCC>设置为不测试,准备过站
11:48:30.698 | <RRCC>设置为不测试,准备过站
11:48:30.777 | <RRCC>设置为不测试,准备过站
11:48:30.881 | <RRCC>设置为不测试,准备过站
11:48:30.957 | <RRCC>设置为不测试,准备过站
11:48:31.071 | <RRCC>设置为不测试,准备过站
11:48:31.141 | <RRCC>设置为不测试,准备过站
11:48:31.202 | <RRCC>设置为不测试,准备过站
11:48:31.263 | <RRCC>设置为不测试,准备过站
11:48:31.334 | <RRCC>设置为不测试,准备过站
11:48:31.396 | <RRCC>设置为不测试,准备过站
11:48:31.498 | <RRCC>设置为不测试,准备过站
11:48:31.618 | <RRCC>设置为不测试,准备过站
11:48:31.701 | <RRCC>设置为不测试,准备过站
11:48:31.772 | <RRCC>设置为不测试,准备过站
11:48:31.834 | <RRCC>设置为不测试,准备过站
11:48:31.928 | <RRCC>设置为不测试,准备过站
11:48:32.011 | <RRCC>设置为不测试,准备过站
11:48:32.118 | <RRCC>设置为不测试,准备过站
11:48:32.191 | <RRCC>设置为不测试,准备过站
11:48:32.282 | <RRCC>设置为不测试,准备过站
11:48:32.387 | <RRCC>设置为不测试,准备过站
11:48:32.496 | <RRCC>设置为不测试,准备过站
11:48:32.577 | <RRCC>设置为不测试,准备过站
11:48:32.698 | <RRCC>设置为不测试,准备过站
11:48:32.815 | <RRCC>设置为不测试,准备过站
11:48:32.898 | <RRCC>设置为不测试,准备过站
11:48:33.008 | <RRCC>设置为不测试,准备过站
11:48:33.128 | <RRCC>设置为不测试,准备过站
11:48:33.231 | <RRCC>设置为不测试,准备过站
11:48:33.305 | <RRCC>设置为不测试,准备过站
11:48:33.408 | <RRCC>设置为不测试,准备过站
11:48:33.529 | <RRCC>设置为不测试,准备过站
11:48:33.602 | <RRCC>设置为不测试,准备过站
11:48:33.699 | <RRCC>设置为不测试,准备过站
11:48:33.879 | <RRCC>设置为不测试,准备过站
11:48:33.960 | <RRCC>设置为不测试,准备过站
11:48:34.078 | <RRCC>设置为不测试,准备过站
11:48:34.160 | <RRCC>设置为不测试,准备过站
11:48:34.258 | <RRCC>设置为不测试,准备过站
11:48:34.329 | <RRCC>设置为不测试,准备过站
11:48:34.409 | <RRCC>设置为不测试,准备过站
11:48:34.477 | <RRCC>设置为不测试,准备过站
11:48:34.594 | <RRCC>设置为不测试,准备过站
11:48:34.675 | <RRCC>设置为不测试,准备过站
11:48:34.777 | <RRCC>设置为不测试,准备过站
11:48:34.856 | <RRCC>设置为不测试,准备过站
11:48:34.961 | <RRCC>设置为不测试,准备过站
11:48:35.039 | <RRCC>设置为不测试,准备过站
11:48:35.107 | <RRCC>设置为不测试,准备过站
11:48:35.220 | <RRCC>设置为不测试,准备过站
11:48:35.333 | <RRCC>设置为不测试,准备过站
11:48:35.448 | <RRCC>设置为不测试,准备过站
11:48:35.524 | <RRCC>设置为不测试,准备过站
11:48:35.639 | <RRCC>设置为不测试,准备过站
11:48:35.752 | <RRCC>设置为不测试,准备过站
11:48:35.837 | <RRCC>设置为不测试,准备过站
11:48:35.948 | <RRCC>设置为不测试,准备过站
11:48:36.063 | <RRCC>设置为不测试,准备过站
11:48:36.144 | <RRCC>设置为不测试,准备过站
11:48:36.213 | <RRCC>设置为不测试,准备过站
11:48:36.273 | <RRCC>设置为不测试,准备过站
11:48:36.347 | <RRCC>设置为不测试,准备过站
11:48:36.456 | <RRCC>设置为不测试,准备过站
11:48:36.536 | <RRCC>设置为不测试,准备过站
11:48:36.628 | <RRCC>设置为不测试,准备过站
11:48:36.737 | <RRCC>设置为不测试,准备过站
11:48:36.822 | <RRCC>设置为不测试,准备过站
11:48:36.929 | <RRCC>设置为不测试,准备过站
11:48:37.049 | <RRCC>设置为不测试,准备过站
11:48:37.169 | <RRCC>设置为不测试,准备过站
11:48:37.250 | <RRCC>设置为不测试,准备过站
11:48:37.319 | <RRCC>设置为不测试,准备过站
11:48:37.420 | <RRCC>设置为不测试,准备过站
11:48:37.498 | <RRCC>设置为不测试,准备过站
11:48:37.600 | <RRCC>设置为不测试,准备过站
11:48:37.679 | <RRCC>设置为不测试,准备过站
11:48:37.817 | <RRCC>设置为不测试,准备过站
11:48:37.900 | <RRCC>设置为不测试,准备过站
11:48:37.977 | <RRCC>设置为不测试,准备过站
11:48:38.080 | <RRCC>设置为不测试,准备过站
11:48:38.183 | <RRCC>设置为不测试,准备过站
11:48:38.295 | <RRCC>设置为不测试,准备过站
11:48:38.415 | <RRCC>设置为不测试,准备过站
11:48:38.504 | <RRCC>设置为不测试,准备过站
11:48:38.620 | <RRCC>设置为不测试,准备过站
11:48:38.705 | <RRCC>设置为不测试,准备过站
11:48:38.808 | <RRCC>设置为不测试,准备过站
11:48:38.928 | <RRCC>设置为不测试,准备过站
11:48:39.003 | <RRCC>设置为不测试,准备过站
11:48:39.110 | <RRCC>设置为不测试,准备过站
11:48:39.195 | <RRCC>设置为不测试,准备过站
11:48:39.302 | <RRCC>设置为不测试,准备过站
11:48:39.384 | <RRCC>设置为不测试,准备过站
11:48:39.480 | <RRCC>设置为不测试,准备过站
11:48:39.564 | <RRCC>设置为不测试,准备过站
11:48:39.672 | <RRCC>设置为不测试,准备过站
11:48:39.778 | <RRCC>设置为不测试,准备过站
11:48:39.889 | <RRCC>设置为不测试,准备过站
11:48:40.008 | <RRCC>设置为不测试,准备过站
11:48:40.116 | <RRCC>设置为不测试,准备过站
11:48:40.196 | <RRCC>设置为不测试,准备过站
11:48:40.295 | <RRCC>设置为不测试,准备过站
11:48:40.415 | <RRCC>设置为不测试,准备过站
11:48:40.526 | <RRCC>设置为不测试,准备过站
11:48:40.610 | <RRCC>设置为不测试,准备过站
11:48:40.702 | <RRCC>设置为不测试,准备过站
11:48:40.818 | <RRCC>设置为不测试,准备过站
11:48:40.902 | <RRCC>设置为不测试,准备过站
11:48:41.001 | <RRCC>设置为不测试,准备过站
11:48:41.126 | <RRCC>设置为不测试,准备过站
11:48:41.248 | <RRCC>设置为不测试,准备过站
11:48:41.330 | <RRCC>设置为不测试,准备过站
11:48:41.396 | <RRCC>设置为不测试,准备过站
11:48:41.493 | <RRCC>设置为不测试,准备过站
11:48:41.608 | <RRCC>设置为不测试,准备过站
11:48:41.734 | <RRCC>设置为不测试,准备过站
11:48:41.799 | <RRCC>设置为不测试,准备过站
11:48:41.904 | <RRCC>设置为不测试,准备过站
11:48:41.989 | <RRCC>设置为不测试,准备过站
11:48:42.080 | <RRCC>设置为不测试,准备过站
11:48:42.191 | <RRCC>设置为不测试,准备过站
11:48:42.318 | <RRCC>设置为不测试,准备过站
11:48:42.453 | <RRCC>设置为不测试,准备过站
11:48:42.536 | <RRCC>设置为不测试,准备过站
11:48:42.632 | <RRCC>设置为不测试,准备过站
11:48:42.761 | <RRCC>设置为不测试,准备过站
11:48:42.842 | <RRCC>设置为不测试,准备过站
11:48:42.938 | <RRCC>设置为不测试,准备过站
11:48:43.048 | <RRCC>设置为不测试,准备过站
11:48:43.169 | <RRCC>设置为不测试,准备过站
11:48:43.288 | <RRCC>设置为不测试,准备过站
11:48:43.370 | <RRCC>设置为不测试,准备过站
11:48:43.437 | <RRCC>设置为不测试,准备过站
11:48:43.526 | <RRCC>设置为不测试,准备过站
11:48:43.599 | <RRCC>设置为不测试,准备过站
11:48:43.662 | <RRCC>设置为不测试,准备过站
11:48:43.737 | <RRCC>设置为不测试,准备过站
11:48:43.825 | <RRCC>设置为不测试,准备过站
11:48:43.889 | <RRCC>设置为不测试,准备过站
11:48:43.960 | <RRCC>设置为不测试,准备过站
11:48:44.031 | <RRCC>设置为不测试,准备过站
11:48:44.104 | <RRCC>设置为不测试,准备过站
11:48:44.167 | <RRCC>设置为不测试,准备过站
11:48:44.227 | <RRCC>设置为不测试,准备过站
11:48:44.302 | <RRCC>设置为不测试,准备过站
11:48:44.365 | <RRCC>设置为不测试,准备过站
11:48:44.426 | <RRCC>设置为不测试,准备过站
11:48:44.498 | <RRCC>设置为不测试,准备过站
11:48:44.597 | <RRCC>设置为不测试,准备过站
11:48:44.680 | <RRCC>设置为不测试,准备过站
11:48:44.741 | <RRCC>设置为不测试,准备过站
11:48:44.813 | <RRCC>设置为不测试,准备过站
11:48:44.879 | <RRCC>设置为不测试,准备过站
11:48:44.940 | <RRCC>设置为不测试,准备过站
11:48:45.013 | <RRCC>设置为不测试,准备过站
11:48:45.123 | <RRCC>设置为不测试,准备过站
11:48:45.196 | <RRCC>设置为不测试,准备过站
11:48:45.265 | <RRCC>设置为不测试,准备过站
11:48:45.335 | <RRCC>设置为不测试,准备过站
11:48:45.452 | <RRCC>设置为不测试,准备过站
11:48:45.518 | <RRCC>设置为不测试,准备过站
11:48:45.591 | <RRCC>设置为不测试,准备过站
11:48:45.661 | <RRCC>设置为不测试,准备过站
11:48:45.732 | <RRCC>设置为不测试,准备过站
11:48:45.793 | <RRCC>设置为不测试,准备过站
11:48:45.858 | <RRCC>设置为不测试,准备过站
11:48:45.954 | <RRCC>设置为不测试,准备过站
11:48:46.025 | <RRCC>设置为不测试,准备过站
11:48:46.098 | <RRCC>设置为不测试,准备过站
11:48:46.159 | <RRCC>设置为不测试,准备过站
11:48:46.231 | <RRCC>设置为不测试,准备过站
11:48:46.343 | <RRCC>设置为不测试,准备过站
11:48:46.409 | <RRCC>设置为不测试,准备过站
11:48:46.484 | <RRCC>设置为不测试,准备过站
11:48:46.605 | <RRCC>设置为不测试,准备过站
11:48:46.680 | <RRCC>设置为不测试,准备过站
11:48:46.742 | <RRCC>设置为不测试,准备过站
11:48:46.803 | <RRCC>设置为不测试,准备过站
11:48:46.877 | <RRCC>设置为不测试,准备过站
11:48:46.975 | <RRCC>设置为不测试,准备过站
11:48:47.037 | <RRCC>设置为不测试,准备过站
11:48:47.110 | <RRCC>设置为不测试,准备过站
11:48:47.228 | <RRCC>设置为不测试,准备过站
11:48:47.290 | <RRCC>设置为不测试,准备过站
11:48:47.358 | <RRCC>设置为不测试,准备过站
11:48:47.431 | <RRCC>设置为不测试,准备过站
11:48:47.507 | <RRCC>设置为不测试,准备过站
11:48:47.568 | <RRCC>设置为不测试,准备过站
11:48:47.642 | <RRCC>设置为不测试,准备过站
11:48:47.767 | <RRCC>设置为不测试,准备过站
11:48:47.833 | <RRCC>设置为不测试,准备过站
11:48:47.901 | <RRCC>设置为不测试,准备过站
11:48:47.971 | <RRCC>设置为不测试,准备过站
11:48:48.087 | <RRCC>设置为不测试,准备过站
11:48:48.166 | <RRCC>设置为不测试,准备过站
11:48:48.240 | <RRCC>设置为不测试,准备过站
11:48:48.309 | <RRCC>设置为不测试,准备过站
11:48:48.385 | <RRCC>设置为不测试,准备过站
11:48:48.479 | <RRCC>设置为不测试,准备过站
11:48:48.550 | <RRCC>设置为不测试,准备过站
11:48:48.669 | <RRCC>设置为不测试,准备过站
11:48:48.781 | <RRCC>设置为不测试,准备过站
11:48:48.867 | <RRCC>设置为不测试,准备过站
11:48:48.939 | <RRCC>设置为不测试,准备过站
11:48:49.037 | <RRCC>设置为不测试,准备过站
11:48:49.121 | <RRCC>设置为不测试,准备过站
11:48:49.225 | <RRCC>设置为不测试,准备过站
11:48:49.345 | <RRCC>设置为不测试,准备过站
11:48:49.472 | <RRCC>设置为不测试,准备过站
11:48:49.580 | <RRCC>设置为不测试,准备过站
11:48:49.692 | <RRCC>设置为不测试,准备过站
11:48:49.765 | <RRCC>设置为不测试,准备过站
11:48:49.871 | <RRCC>设置为不测试,准备过站
11:48:49.980 | <RRCC>设置为不测试,准备过站
11:48:50.054 | <RRCC>设置为不测试,准备过站
11:48:50.122 | <RRCC>设置为不测试,准备过站
11:48:50.198 | <RRCC>设置为不测试,准备过站
11:48:50.289 | <RRCC>设置为不测试,准备过站
11:48:50.359 | <RRCC>设置为不测试,准备过站
11:48:50.471 | <RRCC>设置为不测试,准备过站
11:48:50.538 | <RRCC>设置为不测试,准备过站
11:48:50.603 | <RRCC>设置为不测试,准备过站
11:48:50.664 | <RRCC>设置为不测试,准备过站
11:48:50.744 | <RRCC>设置为不测试,准备过站
11:48:50.817 | <RRCC>设置为不测试,准备过站
11:48:50.890 | <RRCC>设置为不测试,准备过站
11:48:50.992 | <RRCC>设置为不测试,准备过站
11:48:51.102 | <RRCC>设置为不测试,准备过站
11:48:51.182 | <RRCC>设置为不测试,准备过站
11:48:51.253 | <RRCC>设置为不测试,准备过站
11:48:51.366 | <RRCC>设置为不测试,准备过站
11:48:51.475 | <RRCC>设置为不测试,准备过站
11:48:51.549 | <RRCC>设置为不测试,准备过站
11:48:51.655 | <RRCC>设置为不测试,准备过站
11:48:51.726 | <RRCC>设置为不测试,准备过站
11:48:51.801 | <RRCC>设置为不测试,准备过站
11:48:51.867 | <RRCC>设置为不测试,准备过站
11:48:51.938 | <RRCC>设置为不测试,准备过站
11:48:52.047 | <RRCC>设置为不测试,准备过站
11:48:52.118 | <RRCC>设置为不测试,准备过站
11:48:52.177 | <RRCC>设置为不测试,准备过站
11:48:52.236 | <RRCC>设置为不测试,准备过站
11:48:52.304 | <RRCC>设置为不测试,准备过站
11:48:52.399 | <RRCC>设置为不测试,准备过站
11:48:52.520 | <RRCC>设置为不测试,准备过站
11:48:52.590 | <RRCC>设置为不测试,准备过站
11:48:52.708 | <RRCC>设置为不测试,准备过站
11:48:52.793 | <RRCC>设置为不测试,准备过站
11:48:52.859 | <RRCC>设置为不测试,准备过站
11:48:52.965 | <RRCC>设置为不测试,准备过站
11:48:53.038 | <RRCC>设置为不测试,准备过站
11:48:53.159 | <RRCC>设置为不测试,准备过站
11:48:53.230 | <RRCC>设置为不测试,准备过站
11:48:53.336 | <RRCC>设置为不测试,准备过站
11:48:53.410 | <RRCC>设置为不测试,准备过站
11:48:53.477 | <RRCC>设置为不测试,准备过站
11:48:53.537 | <RRCC>设置为不测试,准备过站
11:48:53.609 | <RRCC>设置为不测试,准备过站
11:48:53.717 | <RRCC>设置为不测试,准备过站
11:48:53.789 | <RRCC>设置为不测试,准备过站
11:48:53.897 | <RRCC>设置为不测试,准备过站
11:48:54.005 | <RRCC>设置为不测试,准备过站
11:48:54.078 | <RRCC>设置为不测试,准备过站
11:48:54.147 | <RRCC>设置为不测试,准备过站
11:48:54.211 | <RRCC>设置为不测试,准备过站
11:48:54.291 | <RRCC>设置为不测试,准备过站
11:48:54.389 | <RRCC>设置为不测试,准备过站
11:48:54.458 | <RRCC>设置为不测试,准备过站
11:48:54.557 | <RRCC>设置为不测试,准备过站
11:48:54.639 | <RRCC>设置为不测试,准备过站
11:48:54.725 | <RRCC>设置为不测试,准备过站
11:48:54.798 | <RRCC>设置为不测试,准备过站
11:48:54.877 | <RRCC>设置为不测试,准备过站
11:48:54.980 | <RRCC>设置为不测试,准备过站
11:48:55.051 | <RRCC>设置为不测试,准备过站
11:48:55.150 | <RRCC>设置为不测试,准备过站
11:48:55.257 | <RRCC>设置为不测试,准备过站
11:48:55.329 | <RRCC>设置为不测试,准备过站
11:48:55.408 | <RRCC>设置为不测试,准备过站
11:48:55.492 | <RRCC>设置为不测试,准备过站
11:48:55.589 | <RRCC>设置为不测试,准备过站
11:48:55.664 | <RRCC>设置为不测试,准备过站
11:48:55.760 | <RRCC>设置为不测试,准备过站
11:48:55.832 | <RRCC>设置为不测试,准备过站
11:48:55.934 | <RRCC>设置为不测试,准备过站
11:48:56.060 | <RRCC>设置为不测试,准备过站
11:48:56.167 | <RRCC>设置为不测试,准备过站
11:48:56.278 | <RRCC>设置为不测试,准备过站
11:48:56.352 | <RRCC>设置为不测试,准备过站
11:48:56.411 | <RRCC>设置为不测试,准备过站
11:48:56.480 | <RRCC>设置为不测试,准备过站
11:48:56.575 | <RRCC>设置为不测试,准备过站
11:48:56.704 | <RRCC>设置为不测试,准备过站
11:48:56.784 | <RRCC>设置为不测试,准备过站
11:48:56.839 | <RRCC>设置为不测试,准备过站
11:48:56.908 | <RRCC>设置为不测试,准备过站
11:48:56.978 | <RRCC>设置为不测试,准备过站
11:48:57.048 | <RRCC>设置为不测试,准备过站
11:48:57.116 | <RRCC>设置为不测试,准备过站
11:48:57.213 | <RRCC>设置为不测试,准备过站
11:48:57.296 | <RRCC>设置为不测试,准备过站
11:48:57.356 | <RRCC>设置为不测试,准备过站
11:48:57.415 | <RRCC>设置为不测试,准备过站
11:48:57.492 | <RRCC>设置为不测试,准备过站
11:48:57.593 | <RRCC>设置为不测试,准备过站
11:48:57.663 | <RRCC>设置为不测试,准备过站
11:48:57.758 | <RRCC>设置为不测试,准备过站
11:48:57.832 | <RRCC>设置为不测试,准备过站
11:48:57.891 | <RRCC>设置为不测试,准备过站
11:48:57.950 | <RRCC>设置为不测试,准备过站
11:48:58.022 | <RRCC>设置为不测试,准备过站
11:48:58.083 | <RRCC>设置为不测试,准备过站
11:48:58.139 | <RRCC>设置为不测试,准备过站
11:48:58.238 | <RRCC>设置为不测试,准备过站
11:48:58.341 | <RRCC>设置为不测试,准备过站
11:48:58.415 | <RRCC>设置为不测试,准备过站
11:48:58.507 | <RRCC>设置为不测试,准备过站
11:48:58.579 | <RRCC>设置为不测试,准备过站
11:48:58.691 | <RRCC>设置为不测试,准备过站
11:48:58.803 | <RRCC>设置为不测试,准备过站
11:48:58.869 | <RRCC>设置为不测试,准备过站
11:48:58.938 | <RRCC>设置为不测试,准备过站
11:48:59.016 | <RRCC>设置为不测试,准备过站
11:48:59.110 | <RRCC>设置为不测试,准备过站
11:48:59.184 | <RRCC>设置为不测试,准备过站
11:48:59.283 | <RRCC>设置为不测试,准备过站
11:48:59.353 | <RRCC>设置为不测试,准备过站
11:48:59.417 | <RRCC>设置为不测试,准备过站
11:48:59.490 | <RRCC>设置为不测试,准备过站
11:48:59.597 | <RRCC>设置为不测试,准备过站
11:48:59.667 | <RRCC>设置为不测试,准备过站
11:48:59.741 | <RRCC>设置为不测试,准备过站
11:48:59.811 | <RRCC>设置为不测试,准备过站
11:48:59.918 | <RRCC>设置为不测试,准备过站
11:48:59.991 | <RRCC>设置为不测试,准备过站
11:49:00.050 | <RRCC>设置为不测试,准备过站
11:49:00.118 | <RRCC>设置为不测试,准备过站
11:49:00.190 | <RRCC>设置为不测试,准备过站
11:49:00.260 | <RRCC>设置为不测试,准备过站
11:49:00.368 | <RRCC>设置为不测试,准备过站
11:49:00.448 | <RRCC>设置为不测试,准备过站
11:49:00.506 | <RRCC>设置为不测试,准备过站
11:49:00.573 | <RRCC>设置为不测试,准备过站
11:49:00.645 | <RRCC>设置为不测试,准备过站
11:49:00.725 | <RRCC>设置为不测试,准备过站
11:49:00.814 | <RRCC>设置为不测试,准备过站
11:49:00.893 | <RRCC>设置为不测试,准备过站
11:49:00.997 | <RRCC>设置为不测试,准备过站
11:49:01.078 | <RRCC>设置为不测试,准备过站
11:49:01.164 | <RRCC>设置为不测试,准备过站
11:49:01.226 | <RRCC>设置为不测试,准备过站
11:49:01.285 | <RRCC>设置为不测试,准备过站
11:49:01.393 | <RRCC>设置为不测试,准备过站
11:49:01.464 | <RRCC>设置为不测试,准备过站
11:49:01.529 | <RRCC>设置为不测试,准备过站
11:49:01.598 | <RRCC>设置为不测试,准备过站
11:49:01.690 | <RRCC>设置为不测试,准备过站
11:49:01.763 | <RRCC>设置为不测试,准备过站
11:49:01.830 | <RRCC>设置为不测试,准备过站
11:49:01.941 | <RRCC>设置为不测试,准备过站
11:49:02.014 | <RRCC>设置为不测试,准备过站
11:49:02.088 | <RRCC>设置为不测试,准备过站
11:49:02.148 | <RRCC>设置为不测试,准备过站
11:49:02.239 | <RRCC>设置为不测试,准备过站
11:49:02.306 | <RRCC>设置为不测试,准备过站
11:49:02.367 | <RRCC>设置为不测试,准备过站
11:49:02.454 | <RRCC>设置为不测试,准备过站
11:49:02.525 | <RRCC>设置为不测试,准备过站
11:49:02.585 | <RRCC>设置为不测试,准备过站
11:49:02.645 | <RRCC>设置为不测试,准备过站
11:49:02.707 | <RRCC>设置为不测试,准备过站
11:49:02.769 | <RRCC>设置为不测试,准备过站
11:49:02.854 | <RRCC>设置为不测试,准备过站
11:49:02.943 | <RRCC>设置为不测试,准备过站
11:49:03.052 | <RRCC>设置为不测试,准备过站
11:49:03.121 | <RRCC>设置为不测试,准备过站
11:49:03.182 | <RRCC>设置为不测试,准备过站
11:49:03.242 | <RRCC>设置为不测试,准备过站
11:49:03.311 | <RRCC>设置为不测试,准备过站
11:49:03.383 | <RRCC>设置为不测试,准备过站
11:49:03.456 | <RRCC>设置为不测试,准备过站
11:49:03.530 | <RRCC>设置为不测试,准备过站
11:49:03.638 | <RRCC>设置为不测试,准备过站
11:49:03.698 | <RRCC>设置为不测试,准备过站
11:49:03.760 | <RRCC>设置为不测试,准备过站
11:49:03.829 | <RRCC>设置为不测试,准备过站
11:49:03.909 | <RRCC>设置为不测试,准备过站
11:49:03.970 | <RRCC>设置为不测试,准备过站
11:49:04.035 | <RRCC>设置为不测试,准备过站
11:49:04.107 | <RRCC>设置为不测试,准备过站
11:49:04.180 | <RRCC>设置为不测试,准备过站
11:49:04.253 | <RRCC>设置为不测试,准备过站
11:49:04.316 | <RRCC>设置为不测试,准备过站
11:49:04.387 | <RRCC>设置为不测试,准备过站
11:49:04.448 | <RRCC>设置为不测试,准备过站
11:49:04.508 | <RRCC>设置为不测试,准备过站
11:49:04.573 | <RRCC>设置为不测试,准备过站
11:49:04.648 | <RRCC>设置为不测试,准备过站
11:49:04.709 | <RRCC>设置为不测试,准备过站
11:49:04.812 | <RRCC>设置为不测试,准备过站
11:49:04.882 | <RRCC>设置为不测试,准备过站
11:49:04.955 | <RRCC>设置为不测试,准备过站
11:49:05.011 | <RRCC>设置为不测试,准备过站
11:49:05.070 | <RRCC>设置为不测试,准备过站
11:49:05.139 | <RRCC>设置为不测试,准备过站
11:49:05.238 | <RRCC>设置为不测试,准备过站
11:49:05.305 | <RRCC>设置为不测试,准备过站
11:49:05.382 | <RRCC>设置为不测试,准备过站
11:49:05.450 | <RRCC>设置为不测试,准备过站
11:49:05.526 | <RRCC>设置为不测试,准备过站
11:49:05.618 | <RRCC>设置为不测试,准备过站
11:49:05.694 | <RRCC>设置为不测试,准备过站
11:49:05.787 | <RRCC>设置为不测试,准备过站
11:49:05.854 | <RRCC>设置为不测试,准备过站
11:49:05.921 | <RRCC>设置为不测试,准备过站
11:49:06.028 | <RRCC>设置为不测试,准备过站
11:49:06.104 | <RRCC>设置为不测试,准备过站
11:49:06.204 | <RRCC>设置为不测试,准备过站
11:49:06.270 | <RRCC>设置为不测试,准备过站
11:49:06.335 | <RRCC>设置为不测试,准备过站
11:49:06.436 | <RRCC>设置为不测试,准备过站
11:49:06.502 | <RRCC>设置为不测试,准备过站
11:49:06.565 | <RRCC>设置为不测试,准备过站
11:49:06.635 | <RRCC>设置为不测试,准备过站
11:49:06.710 | <RRCC>设置为不测试,准备过站
11:49:06.780 | <RRCC>设置为不测试,准备过站
11:49:06.868 | <RRCC>设置为不测试,准备过站
11:49:06.944 | <RRCC>设置为不测试,准备过站
11:49:07.011 | <RRCC>设置为不测试,准备过站
11:49:07.067 | <RRCC>设置为不测试,准备过站
11:49:07.125 | <RRCC>设置为不测试,准备过站
11:49:07.200 | <RRCC>设置为不测试,准备过站
11:49:07.265 | <RRCC>设置为不测试,准备过站
11:49:07.331 | <RRCC>设置为不测试,准备过站
11:49:07.396 | <RRCC>设置为不测试,准备过站
11:49:07.461 | <RRCC>设置为不测试,准备过站
11:49:07.515 | <RRCC>设置为不测试,准备过站
11:49:07.581 | <RRCC>设置为不测试,准备过站
11:49:07.653 | <RRCC>设置为不测试,准备过站
11:49:07.718 | <RRCC>设置为不测试,准备过站
11:49:07.783 | <RRCC>设置为不测试,准备过站
11:49:07.853 | <RRCC>设置为不测试,准备过站
11:49:07.953 | <RRCC>设置为不测试,准备过站
11:49:08.020 | <RRCC>设置为不测试,准备过站
11:49:08.099 | <RRCC>设置为不测试,准备过站
11:49:08.163 | <RRCC>设置为不测试,准备过站
11:49:08.240 | <RRCC>设置为不测试,准备过站
11:49:08.332 | <RRCC>设置为不测试,准备过站
11:49:08.399 | <RRCC>设置为不测试,准备过站
11:49:08.465 | <RRCC>设置为不测试,准备过站
11:49:08.572 | <RRCC>设置为不测试,准备过站
11:49:08.636 | <RRCC>设置为不测试,准备过站
11:49:08.690 | <RRCC>设置为不测试,准备过站
11:49:08.779 | <RRCC>设置为不测试,准备过站
11:49:08.854 | <RRCC>设置为不测试,准备过站
11:49:08.947 | <RRCC>设置为不测试,准备过站
11:49:09.018 | <RRCC>设置为不测试,准备过站
11:49:09.097 | <RRCC>设置为不测试,准备过站
11:49:09.166 | <RRCC>设置为不测试,准备过站
11:49:09.230 | <RRCC>设置为不测试,准备过站
11:49:09.292 | <RRCC>设置为不测试,准备过站
11:49:09.350 | <RRCC>设置为不测试,准备过站
11:49:09.426 | <RRCC>设置为不测试,准备过站
11:49:09.508 | <RRCC>设置为不测试,准备过站
11:49:09.587 | <RRCC>设置为不测试,准备过站
11:49:09.663 | <RRCC>设置为不测试,准备过站
11:49:09.729 | <RRCC>设置为不测试,准备过站
11:49:09.786 | <RRCC>设置为不测试,准备过站
11:49:09.855 | <RRCC>设置为不测试,准备过站
11:49:09.931 | <RRCC>设置为不测试,准备过站
11:49:10.027 | <RRCC>设置为不测试,准备过站
11:49:10.100 | <RRCC>设置为不测试,准备过站
11:49:10.170 | <RRCC>设置为不测试,准备过站
11:49:10.246 | <RRCC>设置为不测试,准备过站
11:49:10.312 | <RRCC>设置为不测试,准备过站
11:49:10.405 | <RRCC>设置为不测试,准备过站
11:49:10.474 | <RRCC>设置为不测试,准备过站
11:49:10.554 | <RRCC>设置为不测试,准备过站
11:49:10.610 | <RRCC>设置为不测试,准备过站
11:49:10.678 | <RRCC>设置为不测试,准备过站
11:49:10.747 | <RRCC>设置为不测试,准备过站
11:49:10.816 | <RRCC>设置为不测试,准备过站
11:49:10.873 | <RRCC>设置为不测试,准备过站
11:49:10.931 | <RRCC>设置为不测试,准备过站
11:49:11.036 | <RRCC>设置为不测试,准备过站
11:49:11.113 | <RRCC>设置为不测试,准备过站
11:49:11.182 | <RRCC>设置为不测试,准备过站
11:49:11.248 | <RRCC>设置为不测试,准备过站
11:49:11.318 | <RRCC>设置为不测试,准备过站
11:49:11.383 | <RRCC>设置为不测试,准备过站
11:49:11.484 | <RRCC>设置为不测试,准备过站
11:49:11.550 | <RRCC>设置为不测试,准备过站
11:49:11.626 | <RRCC>设置为不测试,准备过站
11:49:11.693 | <RRCC>设置为不测试,准备过站
11:49:11.748 | <RRCC>设置为不测试,准备过站
11:49:11.804 | <RRCC>设置为不测试,准备过站
11:49:11.880 | <RRCC>设置为不测试,准备过站
11:49:11.956 | <RRCC>设置为不测试,准备过站
11:49:12.027 | <RRCC>设置为不测试,准备过站
11:49:12.104 | <RRCC>设置为不测试,准备过站
11:49:12.161 | <RRCC>设置为不测试,准备过站
11:49:12.226 | <RRCC>设置为不测试,准备过站
11:49:12.299 | <RRCC>设置为不测试,准备过站
11:49:12.378 | <RRCC>设置为不测试,准备过站
11:49:12.442 | <RRCC>设置为不测试,准备过站
11:49:12.502 | <RRCC>设置为不测试,准备过站
11:49:12.575 | <RRCC>设置为不测试,准备过站
11:49:12.667 | <RRCC>设置为不测试,准备过站
11:49:12.723 | <RRCC>设置为不测试,准备过站
11:49:12.782 | <RRCC>设置为不测试,准备过站
11:49:12.851 | <RRCC>设置为不测试,准备过站
11:49:12.956 | <RRCC>设置为不测试,准备过站
11:49:13.020 | <RRCC>设置为不测试,准备过站
11:49:13.083 | <RRCC>设置为不测试,准备过站
11:49:13.153 | <RRCC>设置为不测试,准备过站
11:49:13.231 | <RRCC>设置为不测试,准备过站
11:49:13.300 | <RRCC>设置为不测试,准备过站
11:49:13.402 | <RRCC>设置为不测试,准备过站
11:49:13.523 | <RRCC>设置为不测试,准备过站
11:49:13.599 | <RRCC>设置为不测试,准备过站
11:49:13.666 | <RRCC>设置为不测试,准备过站
11:49:13.731 | <RRCC>设置为不测试,准备过站
11:49:13.833 | <RRCC>设置为不测试,准备过站
11:49:13.926 | <RRCC>设置为不测试,准备过站
11:49:14.004 | <RRCC>设置为不测试,准备过站
11:49:14.076 | <RRCC>设置为不测试,准备过站
11:49:14.139 | <RRCC>设置为不测试,准备过站
11:49:14.212 | <RRCC>设置为不测试,准备过站
11:49:14.284 | <RRCC>设置为不测试,准备过站
11:49:14.392 | <RRCC>设置为不测试,准备过站
11:49:14.458 | <RRCC>设置为不测试,准备过站
11:49:14.516 | <RRCC>设置为不测试,准备过站
11:49:14.579 | <RRCC>设置为不测试,准备过站
11:49:14.647 | <RRCC>设置为不测试,准备过站
11:49:14.716 | <RRCC>设置为不测试,准备过站
11:49:14.793 | <RRCC>设置为不测试,准备过站
11:49:14.916 | <RRCC>设置为不测试,准备过站
11:49:14.985 | <RRCC>设置为不测试,准备过站
11:49:15.045 | <RRCC>设置为不测试,准备过站
11:49:15.116 | <RRCC>设置为不测试,准备过站
11:49:15.179 | <RRCC>设置为不测试,准备过站
11:49:15.254 | <RRCC>设置为不测试,准备过站
11:49:15.320 | <RRCC>设置为不测试,准备过站
11:49:15.419 | <RRCC>设置为不测试,准备过站
11:49:15.489 | <RRCC>设置为不测试,准备过站
11:49:15.546 | <RRCC>设置为不测试,准备过站
11:49:15.612 | <RRCC>设置为不测试,准备过站
11:49:15.675 | <RRCC>设置为不测试,准备过站
11:49:15.742 | <RRCC>设置为不测试,准备过站
11:49:15.844 | <RRCC>设置为不测试,准备过站
11:49:15.908 | <RRCC>设置为不测试,准备过站
11:49:15.971 | <RRCC>设置为不测试,准备过站
11:49:16.047 | <RRCC>设置为不测试,准备过站
11:49:16.138 | <RRCC>设置为不测试,准备过站
11:49:16.205 | <RRCC>设置为不测试,准备过站
11:49:16.272 | <RRCC>设置为不测试,准备过站
11:49:16.376 | <RRCC>设置为不测试,准备过站
11:49:16.448 | <RRCC>设置为不测试,准备过站
11:49:16.515 | <RRCC>设置为不测试,准备过站
11:49:16.588 | <RRCC>设置为不测试,准备过站
11:49:16.664 | <RRCC>设置为不测试,准备过站
11:49:16.730 | <RRCC>设置为不测试,准备过站
11:49:16.784 | <RRCC>设置为不测试,准备过站
11:49:16.860 | <RRCC>设置为不测试,准备过站
11:49:16.927 | <RRCC>设置为不测试,准备过站
11:49:16.992 | <RRCC>设置为不测试,准备过站
11:49:17.083 | <RRCC>设置为不测试,准备过站
11:49:17.160 | <RRCC>设置为不测试,准备过站
11:49:17.251 | <RRCC>设置为不测试,准备过站
11:49:17.358 | <RRCC>设置为不测试,准备过站
11:49:17.427 | <RRCC>设置为不测试,准备过站
11:49:17.499 | <RRCC>设置为不测试,准备过站
11:49:17.557 | <RRCC>设置为不测试,准备过站
11:49:17.612 | <RRCC>设置为不测试,准备过站
11:49:17.672 | <RRCC>设置为不测试,准备过站
11:49:17.795 | <RRCC>设置为不测试,准备过站
11:49:17.900 | <RRCC>设置为不测试,准备过站
11:49:17.973 | <RRCC>设置为不测试,准备过站
11:49:18.054 | <RRCC>设置为不测试,准备过站
11:49:18.122 | <RRCC>设置为不测试,准备过站
11:49:18.188 | <RRCC>设置为不测试,准备过站
11:49:18.256 | <RRCC>设置为不测试,准备过站
11:49:18.359 | <RRCC>设置为不测试,准备过站
11:49:18.455 | <RRCC>设置为不测试,准备过站
11:49:18.522 | <RRCC>设置为不测试,准备过站
11:49:18.587 | <RRCC>设置为不测试,准备过站
11:49:18.692 | <RRCC>设置为不测试,准备过站
11:49:18.759 | <RRCC>设置为不测试,准备过站
11:49:18.826 | <RRCC>设置为不测试,准备过站
11:49:18.895 | <RRCC>设置为不测试,准备过站
11:49:18.986 | <RRCC>设置为不测试,准备过站
11:49:19.091 | <RRCC>设置为不测试,准备过站
11:49:19.157 | <RRCC>设置为不测试,准备过站
11:49:19.218 | <RRCC>设置为不测试,准备过站
11:49:19.482 | <RRCC>设置为不测试,准备过站
11:49:19.587 | <RRCC>设置为不测试,准备过站
11:49:19.654 | <RRCC>设置为不测试,准备过站
11:49:19.722 | <RRCC>设置为不测试,准备过站
11:49:19.819 | <RRCC>设置为不测试,准备过站
11:49:19.894 | <RRCC>设置为不测试,准备过站
11:49:19.962 | <RRCC>设置为不测试,准备过站
11:49:20.029 | <RRCC>设置为不测试,准备过站
11:49:20.587 | <RRCC>设置为不测试,准备过站
11:49:20.653 | <RRCC>设置为不测试,准备过站
11:49:20.735 | <RRCC>设置为不测试,准备过站
11:49:20.802 | <RRCC>设置为不测试,准备过站
11:49:20.883 | <RRCC>设置为不测试,准备过站
11:49:20.948 | <RRCC>设置为不测试,准备过站
11:49:21.019 | <RRCC>设置为不测试,准备过站
11:49:21.088 | <RRCC>设置为不测试,准备过站
11:49:21.147 | <RRCC>设置为不测试,准备过站
11:49:21.205 | <RRCC>设置为不测试,准备过站
11:49:21.271 | <RRCC>设置为不测试,准备过站
11:49:21.362 | <RRCC>设置为不测试,准备过站
11:49:21.476 | <RRCC>设置为不测试,准备过站
11:49:21.545 | <RRCC>设置为不测试,准备过站
11:49:22.060 | <RRCC>设置为不测试,准备过站
11:49:22.131 | <RRCC>设置为不测试,准备过站
11:49:22.217 | <RRCC>设置为不测试,准备过站
11:49:22.282 | <RRCC>设置为不测试,准备过站
11:49:22.380 | <RRCC>设置为不测试,准备过站
11:49:22.447 | <RRCC>设置为不测试,准备过站
11:49:22.513 | <RRCC>设置为不测试,准备过站
11:49:22.580 | <RRCC>设置为不测试,准备过站
11:49:22.694 | <RRCC>设置为不测试,准备过站
11:49:22.761 | <RRCC>设置为不测试,准备过站
11:49:22.866 | <RRCC>设置为不测试,准备过站
11:49:22.974 | <RRCC>设置为不测试,准备过站
11:49:23.050 | <RRCC>设置为不测试,准备过站
11:49:23.144 | <RRCC>设置为不测试,准备过站
11:49:23.237 | <RRCC>设置为不测试,准备过站
11:49:23.303 | <RRCC>设置为不测试,准备过站
11:49:23.381 | <RRCC>设置为不测试,准备过站
11:49:23.448 | <RRCC>设置为不测试,准备过站
11:49:23.555 | <RRCC>设置为不测试,准备过站
11:49:23.625 | <RRCC>设置为不测试,准备过站
11:49:23.694 | <RRCC>设置为不测试,准备过站
11:49:23.757 | <RRCC>设置为不测试,准备过站
11:49:23.819 | <RRCC>设置为不测试,准备过站
11:49:24.171 | <RRCC>设置为不测试,准备过站
11:49:24.244 | <RRCC>设置为不测试,准备过站
11:49:24.316 | <RRCC>设置为不测试,准备过站
11:49:24.383 | <RRCC>设置为不测试,准备过站
11:49:24.461 | <RRCC>设置为不测试,准备过站
11:49:24.528 | <RRCC>设置为不测试,准备过站
11:49:24.595 | <RRCC>设置为不测试,准备过站
11:49:24.663 | <RRCC>设置为不测试,准备过站
11:49:24.770 | <RRCC>设置为不测试,准备过站
11:49:24.834 | <RRCC>设置为不测试,准备过站
11:49:24.892 | <RRCC>设置为不测试,准备过站
11:49:24.954 | <RRCC>设置为不测试,准备过站
11:49:25.073 | <RRCC>设置为不测试,准备过站
11:49:25.162 | <RRCC>设置为不测试,准备过站
11:49:25.241 | <RRCC>设置为不测试,准备过站
11:49:25.307 | <RRCC>设置为不测试,准备过站
11:49:25.403 | <RRCC>设置为不测试,准备过站
11:49:25.475 | <RRCC>设置为不测试,准备过站
11:49:25.543 | <RRCC>设置为不测试,准备过站
11:49:25.610 | <RRCC>设置为不测试,准备过站
11:49:26.355 | <RRCC>设置为不测试,准备过站
11:49:26.427 | <RRCC>设置为不测试,准备过站
11:49:26.494 | <RRCC>设置为不测试,准备过站
11:49:26.596 | <RRCC>设置为不测试,准备过站
11:49:26.665 | <RRCC>设置为不测试,准备过站
11:49:26.739 | <RRCC>设置为不测试,准备过站
11:49:26.826 | <RRCC>设置为不测试,准备过站
11:49:26.939 | <RRCC>设置为不测试,准备过站
11:49:27.032 | <RRCC>设置为不测试,准备过站
11:49:27.104 | <RRCC>设置为不测试,准备过站
11:49:27.175 | <RRCC>设置为不测试,准备过站
11:49:27.388 | <RRCC>设置为不测试,准备过站
11:49:27.491 | <RRCC>设置为不测试,准备过站
11:49:27.559 | <RRCC>设置为不测试,准备过站
11:49:27.627 | <RRCC>设置为不测试,准备过站
11:49:27.730 | <RRCC>设置为不测试,准备过站
11:49:27.799 | <RRCC>设置为不测试,准备过站
11:49:27.870 | <RRCC>设置为不测试,准备过站
11:49:27.940 | <RRCC>设置为不测试,准备过站
11:49:28.027 | <RRCC>设置为不测试,准备过站
11:49:28.096 | <RRCC>设置为不测试,准备过站
11:49:28.167 | <RRCC>设置为不测试,准备过站
11:49:28.245 | <RRCC>设置为不测试,准备过站
11:49:28.313 | <RRCC>设置为不测试,准备过站
11:49:28.392 | <RRCC>设置为不测试,准备过站
11:49:28.462 | <RRCC>设置为不测试,准备过站
11:49:28.574 | <RRCC>设置为不测试,准备过站
11:49:28.643 | <RRCC>设置为不测试,准备过站
11:49:28.721 | <RRCC>设置为不测试,准备过站
11:49:28.792 | <RRCC>设置为不测试,准备过站
11:49:28.870 | <RRCC>设置为不测试,准备过站
11:49:28.972 | <RRCC>设置为不测试,准备过站
11:49:29.041 | <RRCC>设置为不测试,准备过站
11:49:29.153 | <RRCC>设置为不测试,准备过站
11:49:29.231 | <RRCC>设置为不测试,准备过站
11:49:29.298 | <RRCC>设置为不测试,准备过站
11:49:29.365 | <RRCC>设置为不测试,准备过站
11:49:29.434 | <RRCC>设置为不测试,准备过站
11:49:29.495 | <RRCC>设置为不测试,准备过站
11:49:29.572 | <RRCC>设置为不测试,准备过站
11:49:29.640 | <RRCC>设置为不测试,准备过站
11:49:29.755 | <RRCC>设置为不测试,准备过站
11:49:29.843 | <RRCC>设置为不测试,准备过站
11:49:29.917 | <RRCC>设置为不测试,准备过站
11:49:30.013 | <RRCC>设置为不测试,准备过站
11:49:30.137 | <RRCC>设置为不测试,准备过站
11:49:30.204 | <RRCC>设置为不测试,准备过站
11:49:30.273 | <RRCC>设置为不测试,准备过站
11:49:30.394 | <RRCC>设置为不测试,准备过站
11:49:30.462 | <RRCC>设置为不测试,准备过站
11:49:30.545 | <RRCC>设置为不测试,准备过站
11:49:30.612 | <RRCC>设置为不测试,准备过站
11:49:30.716 | <RRCC>设置为不测试,准备过站
11:49:30.794 | <RRCC>设置为不测试,准备过站
11:49:30.860 | <RRCC>设置为不测试,准备过站
11:49:30.923 | <RRCC>设置为不测试,准备过站
11:49:31.000 | <RRCC>设置为不测试,准备过站
11:49:31.067 | <RRCC>设置为不测试,准备过站
11:49:31.135 | <RRCC>设置为不测试,准备过站
11:49:31.236 | <RRCC>设置为不测试,准备过站
11:49:31.310 | <RRCC>设置为不测试,准备过站
11:49:31.428 | <RRCC>设置为不测试,准备过站
11:49:31.503 | <RRCC>设置为不测试,准备过站
11:49:31.571 | <RRCC>设置为不测试,准备过站
11:49:31.638 | <RRCC>设置为不测试,准备过站
11:49:31.710 | <RRCC>设置为不测试,准备过站
11:49:31.782 | <RRCC>设置为不测试,准备过站
11:49:31.887 | <RRCC>设置为不测试,准备过站
11:49:31.956 | <RRCC>设置为不测试,准备过站
11:49:32.028 | <RRCC>设置为不测试,准备过站
11:49:32.095 | <RRCC>设置为不测试,准备过站
11:49:32.214 | <RRCC>设置为不测试,准备过站
11:49:32.294 | <RRCC>设置为不测试,准备过站
11:49:32.350 | <RRCC>设置为不测试,准备过站
11:49:32.410 | <RRCC>设置为不测试,准备过站
11:49:32.476 | <RRCC>设置为不测试,准备过站
11:49:32.541 | <RRCC>设置为不测试,准备过站
11:49:32.602 | <RRCC>设置为不测试,准备过站
11:49:32.667 | <RRCC>设置为不测试,准备过站
11:49:32.745 | <RRCC>设置为不测试,准备过站
11:49:32.803 | <RRCC>设置为不测试,准备过站
11:49:32.860 | <RRCC>设置为不测试,准备过站
11:49:33.627 | <RRCC>设置为不测试,准备过站
11:49:33.695 | <RRCC>设置为不测试,准备过站
11:49:33.762 | <RRCC>设置为不测试,准备过站
11:49:33.842 | <RRCC>设置为不测试,准备过站
11:49:33.951 | <RRCC>设置为不测试,准备过站
11:49:34.024 | <RRCC>设置为不测试,准备过站
11:49:34.096 | <RRCC>设置为不测试,准备过站
11:49:34.169 | <RRCC>设置为不测试,准备过站
11:49:34.247 | <RRCC>设置为不测试,准备过站
11:49:34.314 | <RRCC>设置为不测试,准备过站
11:49:34.372 | <RRCC>设置为不测试,准备过站
11:49:34.440 | <RRCC>设置为不测试,准备过站
11:49:34.507 | <RRCC>设置为不测试,准备过站
11:49:34.579 | <RRCC>设置为不测试,准备过站
11:49:34.648 | <RRCC>设置为不测试,准备过站
11:49:35.449 | <RRCC>设置为不测试,准备过站
11:49:35.526 | <RRCC>设置为不测试,准备过站
11:49:35.594 | <RRCC>设置为不测试,准备过站
11:49:35.679 | <RRCC>设置为不测试,准备过站
11:49:35.737 | <RRCC>设置为不测试,准备过站
11:49:35.806 | <RRCC>设置为不测试,准备过站
11:49:35.886 | <RRCC>设置为不测试,准备过站
11:49:35.955 | <RRCC>设置为不测试,准备过站
11:49:36.031 | <RRCC>设置为不测试,准备过站
11:49:36.100 | <RRCC>设置为不测试,准备过站
11:49:36.163 | <RRCC>设置为不测试,准备过站
11:49:36.251 | <RRCC>设置为不测试,准备过站
11:49:36.779 | <RRCC>设置为不测试,准备过站
11:49:36.848 | <RRCC>设置为不测试,准备过站
11:49:36.914 | <RRCC>设置为不测试,准备过站
11:49:36.980 | <RRCC>设置为不测试,准备过站
11:49:37.046 | <RRCC>设置为不测试,准备过站
11:49:37.118 | <RRCC>设置为不测试,准备过站
11:49:37.219 | <RRCC>设置为不测试,准备过站
11:49:37.294 | <RRCC>设置为不测试,准备过站
11:49:37.372 | <RRCC>设置为不测试,准备过站
11:49:37.433 | <RRCC>设置为不测试,准备过站
11:49:37.492 | <RRCC>设置为不测试,准备过站
11:49:37.560 | <RRCC>设置为不测试,准备过站
11:49:37.631 | <RRCC>设置为不测试,准备过站
11:49:37.709 | <RRCC>设置为不测试,准备过站
11:49:37.775 | <RRCC>设置为不测试,准备过站
11:49:37.864 | <RRCC>设置为不测试,准备过站
11:49:37.945 | <RRCC>设置为不测试,准备过站
11:49:38.026 | <RRCC>设置为不测试,准备过站
11:49:38.093 | <RRCC>设置为不测试,准备过站
11:49:38.171 | <RRCC>设置为不测试,准备过站
11:49:38.273 | <RRCC>设置为不测试,准备过站
11:49:38.346 | <RRCC>设置为不测试,准备过站
11:49:38.416 | <RRCC>设置为不测试,准备过站
11:49:38.489 | <RRCC>设置为不测试,准备过站
11:49:38.563 | <RRCC>设置为不测试,准备过站
11:49:38.630 | <RRCC>设置为不测试,准备过站
11:49:38.696 | <RRCC>设置为不测试,准备过站
11:49:38.795 | <RRCC>设置为不测试,准备过站
11:49:38.867 | <RRCC>设置为不测试,准备过站
11:49:38.935 | <RRCC>设置为不测试,准备过站
11:49:39.053 | <RRCC>设置为不测试,准备过站
11:49:39.118 | <RRCC>设置为不测试,准备过站
11:49:39.178 | <RRCC>设置为不测试,准备过站
11:49:39.248 | <RRCC>设置为不测试,准备过站
11:49:39.315 | <RRCC>设置为不测试,准备过站
11:49:39.373 | <RRCC>设置为不测试,准备过站
11:49:39.436 | <RRCC>设置为不测试,准备过站
11:49:39.515 | <RRCC>设置为不测试,准备过站
11:49:39.641 | <RRCC>设置为不测试,准备过站
11:49:39.762 | <RRCC>设置为不测试,准备过站
11:49:39.833 | <RRCC>设置为不测试,准备过站
11:49:39.901 | <RRCC>设置为不测试,准备过站
11:49:39.980 | <RRCC>设置为不测试,准备过站
11:49:40.048 | <RRCC>设置为不测试,准备过站
11:49:40.115 | <RRCC>设置为不测试,准备过站
11:49:40.219 | <RRCC>设置为不测试,准备过站
11:49:40.287 | <RRCC>设置为不测试,准备过站
11:49:40.363 | <RRCC>设置为不测试,准备过站
11:49:40.430 | <RRCC>设置为不测试,准备过站
11:49:40.531 | <RRCC>设置为不测试,准备过站
11:49:40.598 | <RRCC>设置为不测试,准备过站
11:49:40.666 | <RRCC>设置为不测试,准备过站
11:49:40.743 | <RRCC>设置为不测试,准备过站
11:49:40.807 | <RRCC>设置为不测试,准备过站
11:49:40.864 | <RRCC>设置为不测试,准备过站
11:49:40.929 | <RRCC>设置为不测试,准备过站
11:49:41.000 | <RRCC>设置为不测试,准备过站
11:49:41.075 | <RRCC>设置为不测试,准备过站
11:49:41.135 | <RRCC>设置为不测试,准备过站
11:49:41.235 | <RRCC>设置为不测试,准备过站
11:49:41.302 | <RRCC>设置为不测试,准备过站
11:49:41.369 | <RRCC>设置为不测试,准备过站
11:49:41.460 | <RRCC>设置为不测试,准备过站
11:49:41.539 | <RRCC>设置为不测试,准备过站
11:49:41.614 | <RRCC>设置为不测试,准备过站
11:49:41.683 | <RRCC>设置为不测试,准备过站
11:49:41.795 | <RRCC>设置为不测试,准备过站
11:49:41.865 | <RRCC>设置为不测试,准备过站
11:49:41.942 | <RRCC>设置为不测试,准备过站
11:49:42.014 | <RRCC>设置为不测试,准备过站
11:49:42.080 | <RRCC>设置为不测试,准备过站
11:49:42.181 | <RRCC>设置为不测试,准备过站
11:49:42.299 | <RRCC>设置为不测试,准备过站
11:49:42.381 | <RRCC>设置为不测试,准备过站
11:49:42.449 | <RRCC>设置为不测试,准备过站
11:49:42.520 | <RRCC>设置为不测试,准备过站
11:49:42.598 | <RRCC>设置为不测试,准备过站
11:49:42.665 | <RRCC>设置为不测试,准备过站
11:49:42.734 | <RRCC>设置为不测试,准备过站
11:49:42.844 | <RRCC>设置为不测试,准备过站
11:49:42.915 | <RRCC>设置为不测试,准备过站
11:49:42.983 | <RRCC>设置为不测试,准备过站
11:49:43.047 | <RRCC>设置为不测试,准备过站
11:49:43.121 | <RRCC>设置为不测试,准备过站
11:49:43.236 | <RRCC>设置为不测试,准备过站
11:49:43.306 | <RRCC>设置为不测试,准备过站
11:49:43.373 | <RRCC>设置为不测试,准备过站
11:49:43.478 | <RRCC>设置为不测试,准备过站
11:49:43.552 | <RRCC>设置为不测试,准备过站
11:49:43.620 | <RRCC>设置为不测试,准备过站
11:49:43.688 | <RRCC>设置为不测试,准备过站
11:49:43.794 | <RRCC>设置为不测试,准备过站
11:49:43.876 | <RRCC>设置为不测试,准备过站
11:49:43.943 | <RRCC>设置为不测试,准备过站
11:49:44.155 | <RRCC>设置为不测试,准备过站
11:49:44.419 | <RRCC>设置为不测试,准备过站
11:49:44.506 | <RRCC>设置为不测试,准备过站
11:49:44.574 | <RRCC>设置为不测试,准备过站
11:49:44.691 | <RRCC>设置为不测试,准备过站
11:49:44.770 | <RRCC>设置为不测试,准备过站
11:49:44.838 | <RRCC>设置为不测试,准备过站
11:49:44.908 | <RRCC>设置为不测试,准备过站
11:49:45.011 | <RRCC>设置为不测试,准备过站
11:49:45.081 | <RRCC>设置为不测试,准备过站
11:49:45.150 | <RRCC>设置为不测试,准备过站
11:49:45.231 | <RRCC>设置为不测试,准备过站
13:34:21.635 | 成功连接到PLC1主机
13:34:25.458 | 成功打开读卡器串口COM1
13:34:25.497 | 服务器[端口:8000]启动监听.
13:34:25.534 | 启动测试TCP服务器监听:端口[8000]
13:34:25.732 | 成功连接MES远端服务器【192.168.3.200】
13:34:26.152 | 启动PLC监控线程.
13:34:26.192 | 启动测试站检查线程.
13:34:26.235 | 启动测试站检查线程.
13:34:26.277 | PLC1报警,请检查!
13:34:27.316 | PLC1报警,请检查!
13:34:28.352 | PLC1报警,请检查!
13:34:29.389 | PLC1报警,请检查!
13:34:30.426 | PLC1报警,请检查!
13:34:31.206 | PLC异常报警,请查看PLC1触摸屏.
13:34:31.466 | PLC1报警,请检查!
13:34:32.505 | PLC1报警,请检查!
13:34:33.544 | PLC1报警,请检查!
13:34:34.654 | PLC1报警,请检查!
13:34:35.693 | PLC1报警,请检查!
13:34:36.733 | PLC1报警,请检查!
13:34:37.247 | PLC异常报警,请查看PLC1触摸屏.
13:34:37.775 | PLC1报警,请检查!
13:34:38.823 | PLC1报警,请检查!
13:34:39.862 | PLC1报警,请检查!
13:34:40.902 | PLC1报警,请检查!
13:34:41.934 | PLC1报警,请检查!
13:34:42.965 | PLC1报警,请检查!
13:34:43.293 | PLC异常报警,请查看PLC1触摸屏.
13:34:44.010 | PLC1报警,请检查!
13:34:57.811 | <人工下机位>治具[0003513875到位,检查治具流程.
13:34:58.060 | <人工下机位>治具[0003513875为空治具,准备过站
13:35:35.459 | 关闭读卡器串口COM1
13:35:35.503 | 停止测试TCP服务器监听:端口[8000]
13:35:35.549 | 测试站检查线程销毁.
13:35:35.603 | 测试站测试线程销毁.
13:36:56.018 | 成功连接到PLC1主机
13:36:59.904 | 成功打开读卡器串口COM1
13:36:59.942 | 服务器[端口:8000]启动监听.
13:36:59.978 | 启动测试TCP服务器监听:端口[8000]
13:37:00.106 | 成功连接MES远端服务器【192.168.3.200】
13:37:00.451 | 启动PLC监控线程.
13:37:00.501 | 启动测试站检查线程.
13:37:00.547 | 启动测试站检查线程.
13:37:00.963 | <人工下机位>治具[0003513875到位,检查治具流程.
13:37:01.195 | <人工下机位>治具[0003513875为空治具,准备过站
13:38:10.243 | <TURNON>治具[0003513875]到位,检查治具流程.
13:38:10.299 | <TURNON>治具[0003513875]为空治具,准备过站
13:38:13.050 | <HIPOT1>治具[0003513875]到位,检查治具流程.
13:38:13.101 | <HIPOT1>治具[0003513875]为空治具,准备过站
13:38:15.865 | <HIPOT2>治具[0003513875]到位,检查治具流程.
13:38:15.907 | <HIPOT2>治具[0003513875]为空治具,准备过站
13:38:18.677 | <ATE1>治具[0003513875]到位,检查治具流程.
13:38:18.730 | <ATE1>治具[0003513875]为空治具,准备过站
13:38:22.279 | <ATE2>治具[0003513875]到位,检查治具流程.
13:38:22.322 | <ATE2>治具[0003513875]为空治具,准备过站
13:38:25.155 | <ATE3>治具[0003513875]到位,检查治具流程.
13:38:25.212 | <ATE3>治具[0003513875]为空治具,准备过站
13:38:27.659 | <ATE4>设置为不测试,准备过站
13:38:27.723 | <ATE4>设置为不测试,准备过站
13:38:30.035 | <RRCC>设置为不测试,准备过站
13:38:39.138 | <人工下机位>治具[0003513875到位,检查治具流程.
13:38:39.357 | <人工下机位>治具[0003513875为空治具,准备过站
13:38:39.905 | PLC1报警,请检查!
13:38:40.958 | PLC1报警,请检查!
13:38:42.002 | PLC1报警,请检查!
13:38:43.044 | PLC1报警,请检查!
13:38:44.109 | PLC1报警,请检查!
13:38:44.918 | PLC异常报警,请查看PLC1触摸屏.
13:38:45.153 | PLC1报警,请检查!
13:38:46.196 | PLC1报警,请检查!
13:38:47.249 | PLC1报警,请检查!
13:38:48.292 | PLC1报警,请检查!
13:38:49.346 | PLC1报警,请检查!
13:38:50.388 | PLC1报警,请检查!
13:38:50.965 | PLC异常报警,请查看PLC1触摸屏.
13:38:51.437 | PLC1报警,请检查!
13:38:52.479 | PLC1报警,请检查!
13:38:53.523 | PLC1报警,请检查!
13:38:54.577 | PLC1报警,请检查!
13:38:55.619 | PLC1报警,请检查!
13:38:56.662 | PLC1报警,请检查!
13:38:57.013 | 测试站检查线程销毁.
13:38:57.722 | 关闭读卡器串口COM1
13:38:57.758 | 停止测试TCP服务器监听:端口[8000]
13:38:57.820 | 测试站测试线程销毁.
