21:01:24.421 | 成功打开Chroma ID电子负载,初始化Chroma ID电子负载成功
21:01:24.500 | 成功控制IO板串口,检测控制IO板通信正常.
21:01:24.500 | <Chroma仪器1>开始启动测试
21:01:24.625 | <Chroma仪器1>测试通道【1】开始测试
21:01:25.625 | 成功加载Chroma负载参数[TEST]步骤1
21:01:31.859 | <Chroma仪器1>测试通道【2】开始测试
21:01:32.859 | 成功加载Chroma负载参数[TEST]步骤1
21:01:36.156 | <Chroma仪器1>System.NullReferenceException: Object reference not set to an instance of an object.
   at GJ.Para.TURNON.udcRun.onChromaTesting(Int32 idNo) in E:\群光后段自动线\GJ_ATE\GJ.Para\TURNON\udcRun.cs:line 2176
21:01:36.156 | <Chroma仪器1>测试结束:11.6秒
21:02:19.843 | 成功打开Chroma ID电子负载,初始化Chroma ID电子负载成功
21:02:19.875 | <Chroma仪器1>开始启动测试
21:02:20.000 | <Chroma仪器1>测试通道【1】开始测试
21:02:21.000 | 成功加载Chroma负载参数[TEST]步骤1
21:02:27.250 | <Chroma仪器1>测试通道【2】开始测试
21:02:28.250 | 成功加载Chroma负载参数[TEST]步骤1
21:15:07.453 | 成功打开Chroma ID电子负载,初始化Chroma ID电子负载成功
21:15:07.484 | 成功连接到PLC主机
21:15:07.562 | 成功控制IO板串口,检测控制IO板通信正常.
21:15:07.562 | TurnON成功连接测试服务器[192.168.3.209]:8000
21:15:07.578 | <TCP/IP主线程>启动监控测试
21:15:07.609 | <Chroma电子负载前工位>治具[0004954973]到位就绪,等待启动测试
21:15:07.609 | <Chroma仪器1>开始启动测试
21:15:07.718 | <Chroma仪器1>测试通道【1】开始测试
21:15:08.718 | 成功加载Chroma负载参数[A180A017]步骤1
21:15:14.921 | <Chroma仪器1>测试通道【2】开始测试
21:15:15.296 | TurnON断开连接测试服务器[192.168.3.209]:8000
21:15:15.328 | 断开连接PLC主机
21:15:15.359 | 关闭控制IO板串口
21:15:15.437 | 关闭Chroma ID电子负载串口
21:15:15.437 | <TCP/IP主线程>销毁退出
