21:03:36.390 | 成功打开Chroma ID电子负载,初始化Chroma ID电子负载成功
21:03:36.468 | 成功控制IO板串口,检测控制IO板通信正常.
21:03:36.515 | 成功连接到PLC主机
21:03:36.531 | <Chroma仪器1>开始启动测试
21:03:36.640 | <Chroma仪器1>测试通道【1】开始测试
21:03:37.640 | 成功加载Chroma负载参数[TEST]步骤1
21:03:43.906 | <Chroma仪器1>测试通道【2】开始测试
21:03:44.906 | 成功加载Chroma负载参数[TEST]步骤1
21:03:52.203 | <Chroma仪器1>测试结束:15.7秒
21:04:53.265 | 成功打开Chroma ID电子负载,初始化Chroma ID电子负载成功
21:04:53.312 | <Chroma仪器1>开始启动测试
21:04:53.421 | <Chroma仪器1>测试通道【1】开始测试
21:04:54.421 | 成功加载Chroma负载参数[TEST]步骤1
21:05:00.656 | <Chroma仪器1>测试通道【2】开始测试
21:05:01.656 | 成功加载Chroma负载参数[TEST]步骤1
21:05:08.953 | <Chroma仪器1>测试结束:15.6秒
21:06:45.734 | 成功打开Chroma ID电子负载,初始化Chroma ID电子负载成功
21:06:45.812 | 成功控制IO板串口,检测控制IO板通信正常.
21:06:45.828 | 成功连接到PLC主机
21:06:45.875 | <Chroma仪器1>开始启动测试
21:06:45.984 | <Chroma仪器1>测试通道【1】开始测试
21:06:46.984 | 成功加载Chroma负载参数[TEST]步骤1
21:06:53.203 | <Chroma仪器1>测试通道【2】开始测试
21:06:54.203 | 成功加载Chroma负载参数[TEST]步骤1
21:07:00.015 | <Chroma电子负载前工位>设置PLC关闭AC电源失败:接收数据超时
21:07:04.015 | <Chroma仪器1>测试结束:18.1秒
21:08:08.296 | 成功打开Chroma ID电子负载,初始化Chroma ID电子负载成功
21:08:08.359 | <Chroma仪器1>开始启动测试
21:08:08.468 | <Chroma仪器1>测试通道【1】开始测试
21:08:09.468 | 成功加载Chroma负载参数[TEST]步骤1
21:08:15.703 | <Chroma仪器1>测试通道【2】开始测试
21:08:16.703 | 成功加载Chroma负载参数[TEST]步骤1
21:08:24.000 | <Chroma仪器1>测试结束:15.6秒
21:17:47.265 | 成功打开Chroma ID电子负载,初始化Chroma ID电子负载成功
21:17:47.281 | 成功连接到PLC主机
21:17:47.375 | 成功控制IO板串口,检测控制IO板通信正常.
21:17:47.375 | TurnON成功连接测试服务器[192.168.3.209]:8000
21:17:47.390 | <TCP/IP主线程>启动监控测试
21:17:47.406 | <Chroma电子负载前工位>治具[0004954973]到位就绪,等待启动测试
21:17:47.406 | <Chroma仪器1>开始启动测试
21:17:47.562 | <Chroma仪器1>测试通道【1】开始测试
21:17:48.562 | 成功加载Chroma负载参数[A180A017]步骤1
21:17:54.796 | <Chroma仪器1>测试通道【2】开始测试
21:17:55.796 | 成功加载Chroma负载参数[A180A017]步骤1
21:18:03.093 | <Chroma仪器1>测试结束:15.7秒
21:18:03.109 | <Chroma电子负载前工位>治具[0004954973]电子负载测试:PASS,准备过站
21:19:45.750 | TurnON断开连接测试服务器[192.168.3.209]:8000
21:19:45.765 | 断开连接PLC主机
21:19:45.796 | 关闭控制IO板串口
21:19:45.828 | 关闭Chroma ID电子负载串口
21:19:45.828 | <TCP/IP主线程>销毁退出
21:19:49.640 | 成功打开Chroma ID电子负载,初始化Chroma ID电子负载成功
21:19:49.656 | 成功连接到PLC主机
21:19:49.734 | 成功控制IO板串口,检测控制IO板通信正常.
21:19:49.750 | TurnON成功连接测试服务器[192.168.3.209]:8000
21:19:49.750 | <TCP/IP主线程>启动监控测试
21:20:08.468 | <Chroma电子负载前工位>治具[0003406058]到位就绪,等待启动测试
21:20:08.484 | <Chroma仪器1>开始启动测试
21:20:08.625 | <Chroma仪器1>测试通道【1】开始测试
21:20:09.625 | 成功加载Chroma负载参数[A180A017]步骤1
21:20:12.875 | <Chroma仪器1>测试通道【2】开始测试
21:20:13.875 | 成功加载Chroma负载参数[A180A017]步骤1
21:20:17.156 | <Chroma仪器1>测试结束:8.7秒
21:20:17.203 | <Chroma电子负载前工位>治具[0003406058]电子负载测试:PASS,准备过站
21:21:36.171 | TurnON断开连接测试服务器[192.168.3.209]:8000
21:21:36.187 | 断开连接PLC主机
21:21:36.218 | 关闭控制IO板串口
21:21:36.250 | 关闭Chroma ID电子负载串口
21:21:36.250 | <TCP/IP主线程>销毁退出
21:22:27.343 | 成功打开Chroma ID电子负载,初始化Chroma ID电子负载成功
21:22:27.421 | 成功控制IO板串口,检测控制IO板通信正常.
21:22:27.437 | 成功连接到PLC主机
21:22:27.484 | <Chroma仪器1>开始启动测试
21:22:27.625 | <Chroma仪器1>测试通道【1】开始测试
21:22:28.625 | 成功加载Chroma负载参数[A180A017]步骤1
21:22:31.859 | <Chroma仪器1>测试通道【2】开始测试
21:22:32.859 | 成功加载Chroma负载参数[A180A017]步骤1
21:22:36.171 | <Chroma仪器1>测试结束:8.7秒
21:24:02.109 | 成功打开Chroma ID电子负载,初始化Chroma ID电子负载成功
21:24:02.140 | <Chroma仪器1>开始启动测试
21:24:02.281 | <Chroma仪器1>测试通道【1】开始测试
21:24:03.281 | 成功加载Chroma负载参数[A180A017]步骤1
21:24:06.515 | <Chroma仪器1>测试通道【2】开始测试
21:24:07.515 | 成功加载Chroma负载参数[A180A017]步骤1
21:24:10.828 | <Chroma仪器1>测试结束:8.7秒
21:24:29.937 | 成功打开Chroma ID电子负载,初始化Chroma ID电子负载成功
21:24:29.984 | <Chroma仪器1>开始启动测试
21:24:30.125 | <Chroma仪器1>测试通道【1】开始测试
21:24:31.125 | 成功加载Chroma负载参数[A180A017]步骤1
21:24:34.375 | <Chroma仪器1>测试通道【2】开始测试
21:24:35.375 | 成功加载Chroma负载参数[A180A017]步骤1
21:24:38.687 | <Chroma仪器1>测试结束:8.7秒
21:24:46.343 | 成功打开Chroma ID电子负载,初始化Chroma ID电子负载成功
21:24:46.390 | <Chroma仪器1>开始启动测试
21:24:46.531 | <Chroma仪器1>测试通道【1】开始测试
21:24:47.531 | 成功加载Chroma负载参数[A180A017]步骤1
21:24:50.781 | <Chroma仪器1>测试通道【2】开始测试
21:24:51.781 | 成功加载Chroma负载参数[A180A017]步骤1
21:24:55.093 | <Chroma仪器1>测试结束:8.7秒
21:25:04.343 | 成功打开Chroma ID电子负载,初始化Chroma ID电子负载成功
21:25:04.390 | <Chroma仪器1>开始启动测试
21:25:04.531 | <Chroma仪器1>测试通道【1】开始测试
21:25:05.546 | 成功加载Chroma负载参数[A180A017]步骤1
21:25:08.812 | <Chroma仪器1>测试通道【2】开始测试
21:25:09.812 | 成功加载Chroma负载参数[A180A017]步骤1
21:25:13.109 | <Chroma仪器1>测试结束:8.7秒
21:25:42.828 | 成功打开Chroma ID电子负载,初始化Chroma ID电子负载成功
21:25:42.890 | <Chroma仪器1>开始启动测试
21:25:43.031 | <Chroma仪器1>测试通道【1】开始测试
21:25:44.031 | 成功加载Chroma负载参数[A180A017]步骤1
21:25:47.281 | <Chroma仪器1>测试通道【2】开始测试
21:25:48.281 | 成功加载Chroma负载参数[A180A017]步骤1
21:25:53.593 | <Chroma仪器1>测试结束:10.7秒
21:25:59.593 | 成功打开Chroma ID电子负载,初始化Chroma ID电子负载成功
21:25:59.640 | <Chroma仪器1>开始启动测试
21:25:59.781 | <Chroma仪器1>测试通道【1】开始测试
21:26:00.796 | 成功加载Chroma负载参数[A180A017]步骤1
21:26:04.046 | <Chroma仪器1>测试通道【2】开始测试
21:26:05.046 | 成功加载Chroma负载参数[A180A017]步骤1
21:26:10.312 | <Chroma仪器1>测试结束:10.7秒
21:26:27.937 | 成功打开Chroma ID电子负载,初始化Chroma ID电子负载成功
21:26:27.953 | TurnON成功连接测试服务器[192.168.3.209]:8000
21:26:27.953 | <TCP/IP主线程>启动监控测试
21:26:28.031 | <Chroma电子负载前工位>治具[0004972359]到位就绪,等待启动测试
21:26:28.046 | <Chroma仪器1>开始启动测试
21:26:28.187 | <Chroma仪器1>测试通道【1】开始测试
21:26:29.187 | 成功加载Chroma负载参数[A180A017]步骤1
21:26:32.468 | <Chroma仪器1>测试通道【2】开始测试
21:26:33.468 | 成功加载Chroma负载参数[A180A017]步骤1
21:26:38.812 | <Chroma仪器1>测试结束:10.8秒
21:26:38.890 | <Chroma电子负载前工位>治具[0004972359]电子负载测试:PASS,准备过站
21:26:48.625 | <Chroma电子负载前工位>治具[0004972359]到位就绪,等待启动测试
21:26:48.640 | <Chroma仪器1>开始启动测试
21:26:48.781 | <Chroma仪器1>测试通道【1】开始测试
21:26:49.781 | 成功加载Chroma负载参数[A180A017]步骤1
21:26:53.031 | <Chroma仪器1>测试通道【2】开始测试
21:26:54.031 | 成功加载Chroma负载参数[A180A017]步骤1
21:26:59.343 | <Chroma仪器1>测试结束:10.7秒
21:26:59.437 | <Chroma电子负载前工位>治具[0004972359]电子负载测试:PASS,准备过站
21:31:17.937 | <Chroma电子负载前工位>治具[0004968646]到位就绪,等待启动测试
21:31:17.937 | <Chroma仪器1>开始启动测试
21:31:18.062 | <Chroma仪器1>测试通道【1】开始测试
21:31:19.062 | 成功加载Chroma负载参数[A180A017]步骤1
21:31:21.562 | TurnON断开连接测试服务器[192.168.3.209]:8000
21:31:21.578 | 断开连接PLC主机
21:31:21.609 | 关闭控制IO板串口
21:31:21.640 | 关闭Chroma ID电子负载串口
21:31:21.640 | <TCP/IP主线程>销毁退出
21:31:22.328 | <Chroma仪器1>测试通道【2】开始测试
21:31:22.390 | <Chroma仪器1>测试结束:4.5秒
21:31:26.906 | 成功打开Chroma ID电子负载,初始化Chroma ID电子负载成功
21:31:26.984 | 成功控制IO板串口,检测控制IO板通信正常.
21:31:27.000 | 成功连接到PLC主机
21:31:27.046 | <Chroma仪器1>开始启动测试
21:31:27.187 | <Chroma仪器1>测试通道【1】开始测试
21:31:28.203 | 成功加载Chroma负载参数[A180A017]步骤1
21:31:31.453 | <Chroma仪器1>测试通道【2】开始测试
21:31:32.453 | 成功加载Chroma负载参数[A180A017]步骤1
21:31:37.765 | <Chroma仪器1>测试结束:10.7秒
21:31:52.531 | 成功打开Chroma ID电子负载,初始化Chroma ID电子负载成功
21:31:52.578 | <Chroma仪器1>开始启动测试
21:31:52.718 | <Chroma仪器1>测试通道【1】开始测试
21:31:53.718 | 成功加载Chroma负载参数[A180A017]步骤1
21:31:56.984 | <Chroma仪器1>测试通道【2】开始测试
21:31:57.984 | 成功加载Chroma负载参数[A180A017]步骤1
21:32:03.281 | <Chroma仪器1>测试结束:10.7秒
21:32:20.656 | 成功打开Chroma ID电子负载,初始化Chroma ID电子负载成功
21:32:20.703 | <Chroma仪器1>开始启动测试
21:32:20.828 | <Chroma仪器1>测试通道【1】开始测试
21:32:21.828 | 成功加载Chroma负载参数[A180A017]步骤1
21:32:25.109 | <Chroma仪器1>测试通道【2】开始测试
21:32:26.109 | 成功加载Chroma负载参数[A180A017]步骤1
21:32:31.437 | <Chroma仪器1>测试结束:10.7秒
21:33:00.406 | 成功打开Chroma ID电子负载,初始化Chroma ID电子负载成功
21:33:00.468 | <Chroma仪器1>开始启动测试
21:33:00.625 | <Chroma仪器1>测试通道【1】开始测试
21:33:01.625 | 成功加载Chroma负载参数[A180A017]步骤1
21:33:05.875 | <Chroma仪器1>测试通道【2】开始测试
21:33:06.875 | 成功加载Chroma负载参数[A180A017]步骤1
21:33:12.187 | <Chroma仪器1>测试结束:11.7秒
21:33:22.031 | 成功打开Chroma ID电子负载,初始化Chroma ID电子负载成功
21:33:22.078 | <Chroma仪器1>开始启动测试
21:33:22.218 | <Chroma仪器1>测试通道【1】开始测试
21:33:23.218 | 成功加载Chroma负载参数[A180A017]步骤1
21:33:27.484 | <Chroma仪器1>测试通道【2】开始测试
21:33:28.484 | 成功加载Chroma负载参数[A180A017]步骤1
21:33:33.812 | <Chroma仪器1>测试结束:11.7秒
21:33:42.859 | 成功打开Chroma ID电子负载,初始化Chroma ID电子负载成功
21:33:42.906 | <Chroma仪器1>开始启动测试
21:33:43.046 | <Chroma仪器1>测试通道【1】开始测试
21:33:44.046 | 成功加载Chroma负载参数[A180A017]步骤1
21:33:48.312 | <Chroma仪器1>测试通道【2】开始测试
21:33:49.312 | 成功加载Chroma负载参数[A180A017]步骤1
21:33:54.609 | <Chroma仪器1>测试结束:11.7秒
21:34:20.468 | 成功打开Chroma ID电子负载,初始化Chroma ID电子负载成功
21:34:20.515 | <Chroma仪器1>开始启动测试
21:34:20.656 | <Chroma仪器1>测试通道【1】开始测试
21:34:21.656 | 成功加载Chroma负载参数[A180A017]步骤1
21:34:25.921 | <Chroma仪器1>测试通道【2】开始测试
21:34:26.921 | 成功加载Chroma负载参数[A180A017]步骤1
21:34:32.218 | <Chroma仪器1>测试结束:11.7秒
21:34:44.218 | 断开连接PLC主机
21:34:44.250 | 关闭控制IO板串口
