09:13:49.774 | 成功打开Chroma开机电子负载,初始化Chroma开机电子负载成功
09:13:51.087 | 连接控制IO板失败:接收数据超时
09:14:01.212 | 成功控制IO板串口,检测控制IO板通信正常.
09:14:01.274 | <Chroma仪器1>开始启动测试
09:14:01.524 | <Chroma仪器1>测试通道【1】开始测试
09:14:01.555 | 成功加载Chroma负载参数[90W]
09:48:24.512 | 成功打开Chroma开机电子负载,初始化Chroma开机电子负载成功
09:48:25.809 | 连接控制IO板失败:接收数据超时
09:48:28.247 | 成功控制IO板串口,检测控制IO板通信正常.
09:48:28.309 | <Chroma仪器1>开始启动测试
09:48:28.559 | <Chroma仪器1>测试通道【1】开始测试
09:48:28.575 | 成功加载Chroma负载参数[90W]
16:11:11.465 | 成功打开Chroma开机电子负载,初始化Chroma开机电子负载成功
16:11:11.539 | 成功控制IO板串口,检测控制IO板通信正常.
16:15:21.176 | 成功连接到监控板
16:15:21.223 | <Chroma仪器1>开始启动测试
16:15:21.443 | <Chroma仪器1>测试通道【1】开始测试
16:15:21.467 | 成功加载Chroma负载参数[90W]
16:24:17.946 | 成功打开Chroma开机电子负载,初始化Chroma开机电子负载成功
16:24:18.019 | 成功控制IO板串口,检测控制IO板通信正常.
16:24:18.065 | 成功连接到监控板
16:24:18.105 | <Chroma仪器1>开始启动测试
16:24:18.316 | <Chroma仪器1>测试通道【1】开始测试
16:24:18.340 | 成功加载Chroma负载参数[90W]
18:46:02.411 | 成功打开Chroma开机电子负载,初始化Chroma开机电子负载成功
18:46:02.781 | 连接控制IO板失败:接收数据长度错误:FDFBFBFFFFFDB7DB
18:46:05.459 | 连接控制IO板失败:接收数据长度错误:FDFBFBFFFFFDB7DB
18:46:06.335 | 连接控制IO板失败:接收数据长度错误:FDFBFBFFFFFDB7DB
18:46:11.114 | 成功控制IO板串口,检测控制IO板通信正常.
18:46:11.158 | 成功连接到监控板
18:46:11.232 | <Chroma仪器1>开始启动测试
18:46:11.441 | <Chroma仪器1>测试通道【1】开始测试
18:46:11.467 | 成功加载Chroma负载参数[90W]
18:50:59.426 | 成功打开Chroma开机电子负载,初始化Chroma开机电子负载成功
18:50:59.493 | 成功控制IO板串口,检测控制IO板通信正常.
18:50:59.539 | 成功连接到监控板
18:50:59.602 | <Chroma仪器1>开始启动测试
18:51:02.301 | <Chroma仪器1>测试通道【1】开始测试
18:51:02.317 | 成功加载Chroma负载参数[90W]
18:54:30.038 | 成功打开Chroma开机电子负载,初始化Chroma开机电子负载成功
18:54:30.122 | 成功控制IO板串口,检测控制IO板通信正常.
18:54:30.171 | 成功连接到监控板
18:54:30.234 | <Chroma仪器1>开始启动测试
18:54:30.444 | <Chroma仪器1>测试通道【1】开始测试
18:54:30.470 | 成功加载Chroma负载参数[90W]
19:49:02.547 | <Chroma仪器1>System.ArgumentOutOfRangeException: 索引超出范围。必须为非负值并小于集合大小。
参数名: index
   在 System.ThrowHelper.ThrowArgumentOutOfRangeException(ExceptionArgument argument, ExceptionResource resource)
   在 System.Collections.Generic.List`1.get_Item(Int32 index)
   在 GJ.Para.TURNON.udcRun.onChromaTestingID(Int32 idNo) 位置 E:\PD自动线\GJ_ATE\GJ.Para\TURNON\udcRun.cs:行号 2652
19:49:02.588 | <Chroma仪器1>测试结束:3272.3秒
19:49:11.640 | 成功打开Chroma开机电子负载,初始化Chroma开机电子负载成功
19:49:11.694 | <Chroma仪器1>开始启动测试
19:49:13.128 | <Chroma仪器1>测试通道【1】开始测试
19:49:13.153 | 成功加载Chroma负载参数[90W]
19:51:41.296 | 成功打开Chroma开机电子负载,初始化Chroma开机电子负载成功
19:51:41.418 | 成功控制IO板串口,检测控制IO板通信正常.
19:51:41.480 | 成功连接到监控板
19:51:41.544 | <Chroma仪器1>开始启动测试
19:51:41.753 | <Chroma仪器1>测试通道【1】开始测试
19:51:41.778 | 成功加载Chroma负载参数[90W]
20:12:11.311 | 成功打开Chroma开机电子负载,初始化Chroma开机电子负载成功
20:12:11.381 | 成功控制IO板串口,检测控制IO板通信正常.
20:12:11.448 | 成功连接到监控板
20:12:11.508 | <Chroma仪器1>开始启动测试
20:12:12.942 | <Chroma仪器1>测试通道【1】开始测试
20:12:12.977 | 成功加载Chroma负载参数[90W]
20:12:20.597 | <Chroma仪器1>测试通道【2】开始测试
20:12:30.045 | <Chroma仪器1>测试结束:18.5秒
20:15:59.143 | 成功打开Chroma开机电子负载,初始化Chroma开机电子负载成功
20:15:59.219 | 成功控制IO板串口,检测控制IO板通信正常.
20:15:59.260 | 成功连接到监控板
20:15:59.321 | <Chroma仪器1>开始启动测试
20:16:01.732 | <Chroma仪器1>测试通道【1】开始测试
20:16:01.752 | 成功加载Chroma负载参数[90W]
20:16:08.334 | <Chroma仪器1>测试通道【2】开始测试
20:16:16.796 | <Chroma仪器1>测试结束:17.4秒
20:16:22.514 | 成功打开Chroma开机电子负载,初始化Chroma开机电子负载成功
20:16:22.638 | <Chroma仪器1>开始启动测试
20:16:23.808 | <Chroma仪器1>测试通道【1】开始测试
20:16:23.839 | 成功加载Chroma负载参数[90W]
20:16:30.456 | <Chroma仪器1>测试通道【2】开始测试
20:16:38.904 | <Chroma仪器1>测试结束:16.2秒
20:26:52.498 | 成功打开Chroma开机电子负载,初始化Chroma开机电子负载成功
20:26:52.605 | <Chroma仪器1>开始启动测试
20:26:53.761 | <Chroma仪器1>测试通道【1】开始测试
20:26:53.787 | 成功加载Chroma负载参数[90W]
20:27:00.348 | <Chroma仪器1>测试通道【2】开始测试
20:27:08.795 | <Chroma仪器1>测试结束:16.2秒
20:31:42.610 | 成功打开Chroma开机电子负载,初始化Chroma开机电子负载成功
20:31:42.715 | <Chroma仪器1>开始启动测试
20:31:43.888 | <Chroma仪器1>测试通道【1】开始测试
20:31:43.914 | 成功加载Chroma负载参数[90W]
20:31:50.473 | <Chroma仪器1>测试通道【2】开始测试
20:31:58.936 | <Chroma仪器1>测试结束:16.2秒
20:32:15.313 | 成功打开Chroma开机电子负载,初始化Chroma开机电子负载成功
20:32:15.430 | <Chroma仪器1>开始启动测试
20:32:17.824 | <Chroma仪器1>测试通道【1】开始测试
20:32:17.862 | 成功加载Chroma负载参数[90W]
20:32:24.442 | <Chroma仪器1>测试通道【2】开始测试
20:32:32.905 | <Chroma仪器1>测试结束:17.5秒
20:33:28.906 | 成功打开Chroma开机电子负载,初始化Chroma开机电子负载成功
20:33:29.027 | <Chroma仪器1>开始启动测试
20:33:31.411 | <Chroma仪器1>测试通道【1】开始测试
20:33:31.444 | 成功加载Chroma负载参数[90W]
20:33:38.020 | <Chroma仪器1>测试通道【2】开始测试
20:33:46.483 | <Chroma仪器1>测试结束:17.4秒
20:34:52.783 | 成功打开Chroma开机电子负载,初始化Chroma开机电子负载成功
20:34:53.226 | 成功控制IO板串口,检测控制IO板通信正常.
20:34:53.269 | 成功连接到监控板
20:34:53.334 | <Chroma仪器1>开始启动测试
20:34:57.001 | <Chroma仪器1>测试通道【1】开始测试
20:34:57.028 | 成功加载Chroma负载参数[90W]
20:35:03.676 | <Chroma仪器1>测试通道【2】开始测试
20:35:12.108 | <Chroma仪器1>测试结束:18.7秒
20:36:10.031 | 成功打开Chroma开机电子负载,初始化Chroma开机电子负载成功
20:36:10.161 | 成功控制IO板串口,检测控制IO板通信正常.
20:36:10.203 | 成功连接到监控板
20:36:10.276 | <Chroma仪器1>开始启动测试
20:36:12.652 | <Chroma仪器1>测试通道【1】开始测试
20:36:12.680 | 成功加载Chroma负载参数[90W]
20:36:19.333 | <Chroma仪器1>测试通道【2】开始测试
20:36:27.826 | <Chroma仪器1>测试结束:17.5秒
20:40:20.836 | 断开连接监控板
20:40:20.864 | 关闭控制IO板串口
20:59:26.702 | 成功打开Chroma开机电子负载,初始化Chroma开机电子负载成功
20:59:26.789 | 连接控制IO板失败:接收数据长度错误:FDFBFBFFFFFDB7DB
20:59:34.702 | 成功控制IO板串口,检测控制IO板通信正常.
20:59:34.748 | 成功连接到监控板
20:59:34.853 | <Chroma仪器1>开始启动测试
20:59:37.261 | <Chroma仪器1>测试通道【1】开始测试
20:59:37.306 | 成功加载Chroma负载参数[90W]
20:59:43.956 | <Chroma仪器1>测试通道【2】开始测试
20:59:52.420 | <Chroma仪器1>测试结束:17.5秒
21:00:01.125 | 成功打开Chroma开机电子负载,初始化Chroma开机电子负载成功
21:00:01.227 | <Chroma仪器1>开始启动测试
21:00:02.383 | <Chroma仪器1>测试通道【1】开始测试
21:00:02.429 | 成功加载Chroma负载参数[90W]
21:00:09.083 | <Chroma仪器1>测试通道【2】开始测试
21:00:17.545 | <Chroma仪器1>测试结束:16.3秒
21:00:28.858 | 成功打开Chroma开机电子负载,初始化Chroma开机电子负载成功
21:00:29.000 | <Chroma仪器1>开始启动测试
21:00:31.379 | <Chroma仪器1>测试通道【1】开始测试
21:00:31.423 | 成功加载Chroma负载参数[90W]
21:00:38.098 | <Chroma仪器1>测试通道【2】开始测试
21:00:46.561 | <Chroma仪器1>测试结束:17.5秒
21:01:22.553 | 断开连接监控板
21:01:22.581 | 关闭控制IO板串口
21:02:20.732 | 成功打开Chroma开机电子负载,初始化Chroma开机电子负载成功
21:02:20.795 | 成功控制IO板串口,检测控制IO板通信正常.
21:02:20.838 | 成功连接到监控板
21:02:20.915 | <Chroma仪器1>开始启动测试
21:02:22.070 | <Chroma仪器1>测试通道【1】开始测试
21:02:22.096 | 成功加载Chroma负载参数[90W]
21:02:28.615 | <Chroma仪器1>测试通道【2】开始测试
21:02:37.061 | <Chroma仪器1>测试结束:16.1秒
21:02:40.583 | 断开连接监控板
21:02:40.611 | 关闭控制IO板串口
