10:52:48.484 | 登录到MES成功
10:52:48.625 | 成功连接到PLC3主机
10:52:52.656 | 成功打开读卡器串口COM2
10:52:52.718 | 成功打开RRCC,初始化RRCC成功
10:52:52.750 | 成功控制IO板串口,检测控制IO板通信正常.
10:52:52.765 | 服务器[端口:8000]启动监听.
10:52:52.781 | 启动测试TCP服务器监听:端口[8000]
10:52:57.750 | 成功连接MES远端服务器【192.168.3.200】
10:52:57.968 | 启动PLC监控线程.
10:52:58.078 | 启动PLC监控线程.
10:52:58.171 | 启动PLC监控线程.
10:52:58.203 | 启动测试站检查线程.
10:52:58.234 | 启动测试站检查线程.
10:52:58.296 | 与客户端[192.168.3.205:1120]连接.
10:52:58.796 | 与客户端[192.168.3.206:1077]连接.
10:52:58.921 | 与客户端[192.168.3.202:1045]连接.
10:52:59.125 | 与客户端[192.168.3.208:1147]连接.
10:59:40.312 | 登录到MES成功
10:59:40.406 | 成功连接到PLC3主机
10:59:44.453 | 成功打开读卡器串口COM2
10:59:44.515 | 成功打开RRCC,初始化RRCC成功
10:59:44.546 | 成功控制IO板串口,检测控制IO板通信正常.
10:59:44.562 | 服务器[端口:8000]启动监听.
10:59:44.578 | 启动测试TCP服务器监听:端口[8000]
10:59:44.609 | 成功连接MES远端服务器【192.168.3.200】
10:59:44.890 | 启动PLC监控线程.
10:59:45.015 | 启动PLC监控线程.
10:59:45.218 | 启动PLC监控线程.
10:59:45.250 | 启动测试站检查线程.
10:59:45.328 | 启动测试站检查线程.
10:59:45.515 | 与客户端[192.168.3.202:1050]连接.
10:59:45.812 | 与客户端[192.168.3.206:1082]连接.
10:59:47.453 | 与客户端[192.168.3.207:1209]连接.
11:17:30.296 | 线重PLC2未运行!
11:17:32.187 | <ATE2>治具[0004977199]到位,检查治具流程.
11:17:33.750 | <ATE1>治具[0004957923]到位,检查治具流程.
11:17:34.828 | <ATE2>治具[0004977199]到位,检查治具流程.
11:17:35.437 | <ATE2>治具[0004977199]到位,等待测试.
11:17:36.203 | <ATE1>治具[0004957923]到位,检查治具流程.
11:17:36.968 | <ATE2>治具[0004977199]到位,测试中.
11:17:37.015 | <ATE1>治具[0004957923]到位,等待测试.
11:17:37.187 | <HIPOT2>治具[0004970408]到位,检查治具流程.
11:17:38.093 | <ATE1>治具[0004957923]到位,测试中.
11:17:38.625 | <HIPOT2>治具[0004970408]到位,检查治具流程.
11:17:38.671 | <HIPOT2>治具[0004970408]到位,等待测试.
11:17:39.968 | <HIPOT1>治具[0004966316]到位,检查治具流程.
11:17:39.984 | <HIPOT2>治具[0004970408]到位,测试中.
11:17:41.406 | <HIPOT1>治具[0004966316]到位,检查治具流程.
11:17:41.484 | <HIPOT1>治具[0004966316]到位,等待测试.
11:17:43.312 | <HIPOT1>治具[0004966316]到位,测试中.
11:17:46.015 | <ATE4>治具[0004961554]到位,测试结束.
11:17:50.062 | <RRCC>治具[0004961554]到位,检查治具流程.
11:17:51.484 | <TURNON>治具[0004968845]到位,检查治具流程.
11:17:52.312 | <ATE3>治具[0004970413]到位,测试结束.
11:17:52.796 | <RRCC>治具[0004961554]到位,检查治具流程.
11:17:52.859 | <TURNON>治具[0004968845]到位,检查治具流程.
11:17:52.921 | <TURNON>治具[0004968845]到位,等待测试.
11:17:52.953 | RRCC开始启动测试
11:17:52.984 | <RRCC>治具[0004961554]到位,等待测试.
11:17:53.234 | RRCC测试通道【1】开始测试
11:17:53.281 | <RRCC>治具[0004961554]到位,测试中.
11:17:55.718 | <TURNON>治具[0004968845]到位,测试中.
11:17:55.828 | RRCC测试通道【2】开始测试
11:17:57.437 | <ATE4>治具[0004970413]到位,检查治具流程.
11:17:58.406 | RRCC测试通道【3】开始测试
11:17:59.859 | <ATE4>治具[0004970413]到位,检查治具流程.
11:18:00.109 | <TURNON>治具[0004968845]到位,测试结束.
11:18:00.968 | RRCC测试通道【4】开始测试
11:18:01.062 | <ATE4>治具[0004970413]到位,等待测试.
11:18:02.312 | <ATE2>治具[0004977199]到位,测试结束.
11:18:02.328 | <ATE4>治具[0004970413]到位,测试中.
11:18:03.531 | RRCC测试通道【5】开始测试
11:18:06.109 | RRCC测试通道【6】开始测试
11:18:07.250 | <ATE3>治具[0004977199]到位,检查治具流程.
11:18:08.406 | <HIPOT2>治具[0004970408]到位,测试结束.
11:18:45.953 | 与客户端[192.168.3.202:1062]连接.
11:18:46.015 | 线重PLC3未运行!
11:18:46.109 | 与客户端[192.168.3.207:1223]连接.
11:18:46.156 | 客户端[192.168.3.202:1061]断开连接.
11:18:46.218 | 客户端[192.168.3.206:1093]断开连接.
11:18:46.234 | 客户端[192.168.3.203:1061]断开连接.
11:18:46.250 | 客户端[192.168.3.205:1132]断开连接.
11:18:46.281 | 客户端[192.168.3.207:1222]断开连接.
11:18:46.296 | 客户端[192.168.3.202:1062]断开连接.
11:18:46.328 | 客户端[192.168.3.204:1057]断开连接.
11:18:46.343 | 客户端[192.168.3.208:1157]断开连接.
11:18:46.375 | RRCC测试通道【6】开始测试
11:18:46.390 | 与客户端[192.168.3.208:1158]连接.
11:18:46.406 | 客户端[192.168.3.207:1223]断开连接.
11:18:46.437 | 与客户端[192.168.3.206:1094]连接.
11:18:46.453 | 客户端[192.168.3.208:1158]断开连接.
11:18:46.484 | 与客户端[192.168.3.205:1133]连接.
11:18:46.500 | 客户端[192.168.3.206:1094]断开连接.
11:18:46.531 | 与客户端[192.168.3.204:1058]连接.
11:18:46.546 | 客户端[192.168.3.205:1133]断开连接.
11:18:46.562 | 与客户端[192.168.3.203:1062]连接.
11:18:46.593 | 与客户端[192.168.3.207:1224]连接.
11:18:46.625 | 与客户端[192.168.3.208:1159]连接.
11:18:46.640 | 与客户端[192.168.3.206:1095]连接.
11:18:46.671 | 与客户端[192.168.3.205:1134]连接.
11:18:46.687 | 与客户端[192.168.3.202:1063]连接.
11:18:48.078 | <ATE1>治具[0004957923]到位,测试结束.
11:18:48.531 | <ATE3>治具[0004977199]到位,检查治具流程.
11:18:48.781 | <HIPOT1>治具[0004966316]到位,测试结束.
11:18:49.515 | <ATE4>治具[0004954713]到位,检查治具流程.
11:18:55.406 | RRCC测试通道【7】开始测试
11:18:56.515 | <ATE4>治具[0004970413]到位,测试结束.
11:18:56.984 | <ATE2>治具[0004957923]到位,检查治具流程.
11:18:57.640 | <ATE3>治具[0004977199]到位,等待测试.
11:18:57.671 | <ATE4>治具[0004954713]到位,等待测试.
11:18:59.000 | RRCC测试通道【8】开始测试
11:18:59.218 | <ATE2>治具[0004957923]到位,检查治具流程.
11:19:00.171 | <HIPOT2>治具[0004966316]到位,检查治具流程.
11:19:00.484 | <ATE3>治具[0004977199]到位,测试中.
11:19:00.500 | <ATE4>治具[0004954713]到位,测试中.
11:19:00.546 | <ATE2>治具[0004957923]到位,等待测试.
11:19:01.531 | <HIPOT2>治具[0004966316]到位,检查治具流程.
11:19:01.609 | <HIPOT2>治具[0004966316]到位,等待测试.
11:19:02.046 | <ATE2>治具[0004957923]到位,测试中.
11:19:02.453 | RRCC测试结束:69.5秒
11:19:02.562 | 上传条码FTH1501000286成功
11:19:02.718 | 上传条码FTH1501000364成功
11:19:02.812 | 上传条码FTH1501000148成功
11:19:02.828 | <HIPOT1>治具[0004968845]到位,检查治具流程.
11:19:02.937 | 上传条码FTH1501000318成功
11:19:03.031 | 上传条码FTH1501000209成功
11:19:03.187 | 上传条码FTH1501000339成功
11:19:03.343 | 上传条码FTH1501000069成功
11:19:03.437 | 上传条码FTH1501000338成功
11:19:03.531 | <HIPOT2>治具[0004966316]到位,测试中.
11:19:04.234 | <HIPOT1>治具[0004968845]到位,检查治具流程.
11:19:04.343 | <HIPOT1>治具[0004968845]到位,等待测试.
11:19:04.359 | <RRCC>治具[0004961554]到位,测试结束.
11:19:05.578 | <HIPOT1>治具[0004968845]到位,测试中.
11:19:12.937 | <RRCC>治具[0004970413]到位,检查治具流程.
11:19:14.906 | <RRCC>治具[0004970413]到位,检查治具流程.
11:19:14.968 | RRCC开始启动测试
11:19:15.000 | <RRCC>治具[0004970413]到位,等待测试.
11:19:15.250 | RRCC测试通道【1】开始测试
11:19:15.296 | <RRCC>治具[0004970413]到位,测试中.
11:19:17.968 | <TURNON>治具[0004953992]到位,检查治具流程.
11:19:18.828 | RRCC测试通道【2】开始测试
11:19:19.343 | <TURNON>治具[0004953992]到位,检查治具流程.
11:19:19.406 | <TURNON>治具[0004953992]到位,等待测试.
11:19:21.562 | <自动下机位>治具[0004961554到位,检查治具流程.
11:19:21.890 | <自动下机位>治具[0004961554]检查:FAIL,准备下机.
11:19:22.187 | <TURNON>治具[0004953992]到位,测试中.
11:19:43.078 | 与客户端[192.168.3.208:1160]连接.
11:19:43.265 | 客户端[192.168.3.206:1095]断开连接.
11:19:43.312 | 客户端[192.168.3.207:1224]断开连接.
11:19:43.343 | 与客户端[192.168.3.205:1135]连接.
11:19:43.359 | 客户端[192.168.3.202:1063]断开连接.
11:19:43.390 | 客户端[192.168.3.205:1134]断开连接.
11:19:43.406 | 客户端[192.168.3.208:1159]断开连接.
11:19:43.437 | 与客户端[192.168.3.206:1096]连接.
11:19:43.515 | 与客户端[192.168.3.202:1064]连接.
11:19:43.546 | 与客户端[192.168.3.207:1225]连接.
11:19:43.687 | RRCC测试通道【3】开始测试
11:19:44.187 | 客户端[192.168.3.203:1062]断开连接.
11:19:44.218 | 客户端[192.168.3.204:1058]断开连接.
11:19:44.250 | 与客户端[192.168.3.204:1059]连接.
11:19:44.265 | 与客户端[192.168.3.203:1063]连接.
11:19:44.468 | <ATE4>治具[0004954713]到位,测试结束.
11:19:45.500 | <ATE2>治具[0004957923]到位,测试结束.
11:19:46.968 | <TURNON>治具[0004953992]到位,测试结束.
11:19:47.109 | <ATE3>治具[0004977199]到位,测试结束.
11:19:47.281 | RRCC测试通道【4】开始测试
11:19:48.140 | <HIPOT1>治具[0004968845]到位,测试结束.
11:19:49.187 | <HIPOT2>治具[0004966316]到位,测试结束.
11:19:49.531 | <RRCC>治具[0004954713]到位,检查治具流程.
11:19:50.843 | RRCC测试通道【6】开始测试
11:19:52.265 | <ATE4>治具[0004977199]到位,检查治具流程.
11:19:54.421 | RRCC测试通道【7】开始测试
11:19:54.875 | <ATE3>治具[0004957923]到位,检查治具流程.
11:19:55.843 | <ATE4>治具[0004977199]到位,检查治具流程.
11:19:56.453 | <ATE4>治具[0004977199]到位,等待测试.
11:19:57.125 | <ATE3>治具[0004957923]到位,检查治具流程.
11:19:57.859 | RRCC测试结束:42.9秒
11:19:57.984 | <ATE4>治具[0004977199]到位,测试中.
11:19:58.187 | 上传条码FTH1501000066成功
11:19:58.390 | 上传条码FTH1501000213成功
11:19:58.578 | 上传条码FTH1501000258失败REPAIR
11:19:58.703 | 上传条码FTH1501000052成功
11:19:58.875 | 上传条码FTH1501000055成功
11:19:58.984 | 上传条码FTH1501000027成功
11:19:59.890 | <RRCC>治具[0004970413]到位,测试结束.
11:19:59.968 | <ATE3>治具[0004957923]到位,等待测试.
11:20:01.281 | <RRCC>治具[0004954713]到位,检查治具流程.
11:20:01.328 | <ATE3>治具[0004957923]到位,测试中.
11:20:01.390 | RRCC开始启动测试
11:20:01.421 | <RRCC>治具[0004954713]到位,等待测试.
11:20:01.671 | RRCC测试通道【1】开始测试
11:20:01.718 | <RRCC>治具[0004954713]到位,测试中.
11:20:05.250 | RRCC测试通道【2】开始测试
11:20:08.828 | RRCC测试通道【3】开始测试
11:20:12.390 | RRCC测试通道【4】开始测试
11:20:15.953 | RRCC测试通道【5】开始测试
11:20:19.515 | RRCC测试通道【6】开始测试
11:20:23.078 | RRCC测试通道【7】开始测试
11:20:26.640 | RRCC测试通道【8】开始测试
11:20:26.734 | <ATE4>治具[0004977199]到位,测试结束.
11:20:27.046 | 线重PLC2未运行!
11:20:30.062 | RRCC测试结束:28.6秒
11:20:30.234 | 上传条码FTH1501000199成功
11:20:30.453 | 上传条码FTH1501000361成功
11:20:30.609 | 上传条码FTH1501000038成功
11:20:30.828 | 上传条码FTH1501000336成功
11:20:31.046 | 上传条码FTH1501000311成功
11:20:31.250 | 上传条码FTH1501000304成功
11:20:31.390 | 上传条码FTH1501000288成功
11:20:31.484 | 上传条码FTH1501000173成功
11:20:32.406 | <RRCC>治具[0004954713]到位,测试结束.
11:20:33.296 | <ATE3>治具[0004957923]到位,测试结束.
11:20:50.437 | <自动下机位>治具[0004954713到位,检查治具流程.
11:20:50.765 | <自动下机位>治具[0004954713]检查:PASS,准备下机.
11:20:52.984 | <RRCC>治具[0004977199]到位,检查治具流程.
11:20:55.000 | <RRCC>治具[0004977199]到位,检查治具流程.
11:20:55.093 | RRCC开始启动测试
11:20:55.109 | <RRCC>治具[0004977199]到位,等待测试.
11:20:55.359 | RRCC测试通道【1】开始测试
11:20:55.406 | <RRCC>治具[0004977199]到位,测试中.
11:20:56.921 | <ATE4>治具[0004957923]到位,检查治具流程.
11:20:58.953 | RRCC测试通道【2】开始测试
11:20:59.343 | <ATE4>治具[0004957923]到位,检查治具流程.
11:21:00.093 | <ATE4>治具[0004957923]到位,等待测试.
11:21:01.640 | <ATE4>治具[0004957923]到位,测试中.
11:21:02.531 | RRCC测试通道【4】开始测试
11:21:02.984 | 线重PLC2未运行!
11:21:06.109 | RRCC测试通道【5】开始测试
11:21:09.687 | RRCC测试通道【6】开始测试
11:21:11.343 | 线重PLC2未运行!
11:21:13.265 | RRCC测试通道【8】开始测试
11:21:16.703 | RRCC测试结束:21.6秒
11:21:16.812 | 上传条码FTH1501000031成功
11:21:16.968 | 上传条码FTH1501000024成功
11:21:17.078 | 上传条码FTH1501000081成功
11:21:17.218 | 上传条码FTH1501000389成功
11:21:17.390 | 上传条码FTH1501000085成功
11:21:17.500 | 上传条码FTH1501000149成功
11:21:18.265 | <RRCC>治具[0004977199]到位,测试结束.
11:21:30.343 | <ATE4>治具[0004957923]到位,测试结束.
11:21:34.390 | <RRCC>治具[0004957923]到位,检查治具流程.
11:21:35.718 | <RRCC>治具[0004957923]到位,检查治具流程.
11:21:36.281 | <RRCC>治具[0004957923]到位,检查治具流程.
11:21:36.359 | RRCC开始启动测试
11:21:36.375 | <RRCC>治具[0004957923]到位,等待测试.
11:21:36.625 | RRCC测试通道【1】开始测试
11:21:36.687 | <RRCC>治具[0004957923]到位,测试中.
11:21:40.234 | RRCC测试通道【2】开始测试
11:21:43.812 | RRCC测试通道【3】开始测试
11:21:47.375 | RRCC测试通道【4】开始测试
11:21:50.937 | RRCC测试通道【5】开始测试
11:21:54.515 | RRCC测试通道【8】开始测试
11:21:57.953 | RRCC测试结束:21.6秒
11:21:58.093 | 上传条码FTH1501000367成功
11:21:58.250 | 上传条码FTH1501000231失败REPAIR
11:21:58.343 | 上传条码FTH1501000170成功
11:21:58.484 | 上传条码FTH1501000378成功
11:21:58.656 | 上传条码FTH1501000299成功
11:21:58.765 | 上传条码FTH1501000005成功
11:21:59.500 | <RRCC>治具[0004957923]到位,测试结束.
11:22:47.406 | 线重PLC1未运行!
11:23:57.406 | 线重PLC2未运行!
11:24:14.265 | PLC3未运行!
11:24:15.281 | PLC3未运行!
11:24:16.296 | PLC3未运行!
11:24:17.312 | PLC3未运行!
11:24:18.328 | PLC3未运行!
11:24:19.343 | PLC3未运行!
11:24:20.359 | PLC3未运行!
11:24:21.375 | PLC3未运行!
11:24:22.390 | PLC3未运行!
11:24:23.406 | PLC3未运行!
11:24:24.421 | PLC3未运行!
11:24:25.437 | PLC3未运行!
11:24:26.453 | PLC3未运行!
11:24:27.468 | PLC3未运行!
11:24:28.484 | PLC3未运行!
11:24:29.500 | PLC3未运行!
11:24:30.515 | PLC3未运行!
11:24:31.531 | PLC3未运行!
11:24:32.546 | PLC3未运行!
11:24:33.562 | PLC3未运行!
11:24:34.578 | PLC3未运行!
11:24:35.593 | PLC3未运行!
11:24:36.609 | PLC3未运行!
11:24:37.625 | PLC3未运行!
11:24:38.640 | PLC3未运行!
11:24:39.656 | PLC3未运行!
11:24:40.671 | PLC3未运行!
11:24:41.687 | PLC3未运行!
11:24:42.703 | PLC3未运行!
11:24:43.718 | PLC3未运行!
11:24:44.734 | PLC3未运行!
11:24:45.750 | PLC3未运行!
11:24:46.765 | PLC3未运行!
11:24:47.781 | PLC3未运行!
11:24:48.796 | PLC3未运行!
11:24:49.812 | PLC3未运行!
11:24:50.828 | PLC3未运行!
11:24:51.843 | PLC3未运行!
11:24:52.859 | PLC3未运行!
11:24:53.875 | PLC3未运行!
11:24:54.890 | PLC3未运行!
11:24:55.906 | PLC3未运行!
11:24:56.921 | PLC3未运行!
11:24:57.937 | PLC3未运行!
11:24:58.953 | PLC3未运行!
11:24:59.968 | PLC3未运行!
11:25:00.984 | PLC3未运行!
11:25:02.000 | PLC3未运行!
11:25:03.015 | PLC3未运行!
11:25:04.031 | PLC3未运行!
11:25:05.046 | PLC3未运行!
11:25:06.062 | PLC3未运行!
11:25:07.078 | PLC3未运行!
11:25:08.093 | PLC3未运行!
11:25:09.109 | PLC3未运行!
11:25:10.125 | PLC3未运行!
11:25:11.140 | PLC3未运行!
11:25:12.156 | PLC3未运行!
11:25:13.171 | PLC3未运行!
11:25:14.187 | PLC3未运行!
11:25:15.203 | PLC3未运行!
11:25:16.218 | PLC3未运行!
11:25:17.234 | PLC3未运行!
11:25:18.250 | PLC3未运行!
11:25:19.265 | PLC3未运行!
11:25:20.281 | PLC3未运行!
11:25:21.296 | PLC3未运行!
11:25:22.312 | PLC3未运行!
11:25:23.328 | PLC3未运行!
11:25:24.343 | PLC3未运行!
11:25:25.359 | PLC3未运行!
11:25:26.375 | PLC3未运行!
11:25:27.390 | PLC3未运行!
11:25:28.406 | PLC3未运行!
11:25:29.421 | PLC3未运行!
11:25:30.437 | PLC3未运行!
11:25:33.187 | <自动下机位>治具[0004954713到位,检查治具流程.
11:25:33.515 | <自动下机位>治具[0004954713]检查:PASS,准备下机.
11:26:43.875 | <自动下机位>治具[0004970413到位,检查治具流程.
11:26:44.218 | <自动下机位>治具[0004970413]检查:FAIL,准备下机.
11:27:19.171 | <自动下机位>治具[0004977199到位,检查治具流程.
11:27:19.531 | <自动下机位>治具[0004977199]检查:FAIL,准备下机.
11:27:28.140 | 线重PLC1未运行!
11:27:44.250 | 线重PLC1未运行!
11:28:01.359 | <自动下机位>治具[0004957923到位,检查治具流程.
11:28:01.703 | <自动下机位>治具[0004957923]检查:FAIL,准备下机.
11:28:11.656 | 线重PLC1未运行!
13:51:46.156 | 登录到MES成功
13:51:46.250 | 成功连接到PLC3主机
13:51:50.265 | 成功打开读卡器串口COM2
13:51:50.312 | 成功打开RRCC,初始化RRCC成功
13:51:50.359 | 成功控制IO板串口,检测控制IO板通信正常.
13:51:50.390 | 服务器[端口:8000]启动监听.
13:51:50.406 | 启动测试TCP服务器监听:端口[8000]
13:51:50.437 | 成功连接MES远端服务器【192.168.3.200】
13:51:50.765 | 启动PLC监控线程.
13:51:50.937 | 启动PLC监控线程.
13:51:51.062 | 启动PLC监控线程.
13:51:51.093 | 启动测试站检查线程.
13:51:51.296 | 启动测试站检查线程.
13:52:00.140 | 与客户端[192.168.3.205:1186]连接.
13:52:00.484 | 与客户端[192.168.3.207:1525]连接.
13:52:00.640 | 与客户端[192.168.3.202:1326]连接.
13:52:00.890 | 与客户端[192.168.3.206:1361]连接.
13:52:01.265 | 与客户端[192.168.3.208:1432]连接.
13:52:09.609 | 与客户端[192.168.3.204:1265]连接.
13:52:09.921 | 与客户端[192.168.3.203:1267]连接.
