19:24:50.625 | RRCC测试通道【7】开始测试
19:24:55.203 | RRCC测试通道【8】开始测试
19:24:58.218 | <自动下机位>治具[0004976183到位,检查治具流程.
19:24:58.531 | <自动下机位>治具[0004976183]检查:PASS,准备下机.
19:24:59.625 | RRCC测试结束:36.8秒
19:25:00.406 | <ATE4>治具[0004967161]到位,测试结束.
19:25:00.625 | 上传条码MH22XXX76870成功
19:25:00.734 | 上传条码MH22XXX76728成功
19:25:00.843 | 上传条码MH22XXX76809成功
19:25:00.984 | 上传条码MH22XXX76406成功
19:25:01.093 | 上传条码MH22XXX76212成功
19:25:01.203 | 上传条码MH22XXX76752成功
19:25:01.328 | 上传条码MH22XXX76504成功
19:25:01.453 | 上传条码MH22XXX76515成功
19:25:02.437 | <RRCC>治具[0004967931]到位,测试结束.
19:25:11.593 | <RRCC>治具[0004967161]到位,检查治具流程.
19:25:13.390 | <RRCC>治具[0004967161]到位,检查治具流程.
19:25:13.468 | RRCC开始启动测试
19:25:13.500 | <RRCC>治具[0004967161]到位,等待测试.
19:25:13.750 | RRCC测试通道【1】开始测试
19:25:13.984 | <ATE4>治具[0004960925]到位,检查治具流程.
19:25:14.625 | <ATE4>治具[0004960925]全为FAIL,准备过站
19:25:14.718 | <RRCC>治具[0004967161]到位,测试中.
19:25:16.968 | <ATE3>治具[0004974240]到位,检查治具流程.
19:25:17.609 | <ATE3>治具[0004974240]全为FAIL,准备过站
19:25:18.375 | RRCC测试通道【2】开始测试
19:25:20.015 | <ATE2>治具[0004980568]到位,检查治具流程.
19:25:20.031 | <ATE2>治具[0004980568]为空治具,准备过站
19:25:22.953 | RRCC测试通道【3】开始测试
19:25:23.281 | <RRCC>治具[0004965653]到位,检查治具流程.
19:25:23.296 | <RRCC>治具[0004965653]全为FAIL,准备过站
19:25:27.187 | <ATE4>治具[0004980481]到位,检查治具流程.
19:25:27.546 | RRCC测试通道【4】开始测试
19:25:27.812 | <ATE4>治具[0004980481]全为FAIL,准备过站
19:25:30.265 | <ATE3>治具[0004954945]到位,检查治具流程.
19:25:30.890 | <ATE3>治具[0004954945]全为FAIL,准备过站
19:25:32.140 | RRCC测试通道【5】开始测试
19:25:37.703 | RRCC测试通道【6】开始测试
19:25:42.312 | RRCC测试通道【7】开始测试
19:25:45.609 | <自动下机位>治具[0004967931到位,检查治具流程.
19:25:45.937 | <自动下机位>治具[0004967931]检查:PASS,准备下机.
19:25:46.906 | RRCC测试通道【8】开始测试
19:25:51.343 | RRCC测试结束:37.8秒
19:25:51.515 | 上传条码MH22XXX76658成功
19:25:51.640 | 上传条码MH22XXX76793成功
19:25:51.781 | 上传条码MH22XXX76706成功
19:25:51.921 | 上传条码MH22XXX76007成功
19:25:52.046 | 上传条码MH22XXX76648成功
19:25:52.156 | 上传条码MH22XXX76122成功
19:25:52.281 | 上传条码MH22XXX76655成功
19:25:52.406 | 上传条码MH22XXX76612成功
19:25:53.390 | <RRCC>治具[0004967161]到位,测试结束.
19:26:04.421 | <RRCC>治具[0004960925]到位,检查治具流程.
19:26:04.437 | <RRCC>治具[0004960925]全为FAIL,准备过站
19:26:07.375 | <ATE4>治具[0004974240]到位,检查治具流程.
19:26:08.000 | <ATE4>治具[0004974240]全为FAIL,准备过站
19:26:10.078 | <ATE3>治具[0004980568]到位,检查治具流程.
19:26:10.093 | <ATE3>治具[0004980568]为空治具,准备过站
19:26:26.281 | <自动下机位>治具[0004970838到位,检查治具流程.
19:26:26.531 | <自动下机位>治具[0004970838]检查:PASS,准备下机.
19:26:36.703 | <RRCC>治具[0004980481]到位,检查治具流程.
19:26:36.718 | <RRCC>治具[0004980481]全为FAIL,准备过站
19:26:40.625 | <ATE4>治具[0004954945]到位,检查治具流程.
19:26:41.250 | <ATE4>治具[0004954945]全为FAIL,准备过站
19:27:10.609 | <自动下机位>治具[0004967161到位,检查治具流程.
19:27:10.953 | <自动下机位>治具[0004967161]检查:PASS,准备下机.
19:27:25.609 | <RRCC>治具[0004974240]到位,检查治具流程.
19:27:25.625 | <RRCC>治具[0004974240]全为FAIL,准备过站
19:27:27.937 | <ATE4>治具[0004980568]到位,检查治具流程.
19:27:27.968 | <ATE4>治具[0004980568]为空治具,准备过站
19:27:51.625 | <自动下机位>治具[0004965653到位,检查治具流程.
19:27:51.937 | <自动下机位>治具[0004965653]检查:PASS,准备下机.
19:28:02.109 | <RRCC>治具[0004954945]到位,检查治具流程.
19:28:02.125 | <RRCC>治具[0004954945]全为FAIL,准备过站
19:28:36.515 | <自动下机位>治具[0004960925到位,检查治具流程.
19:28:36.843 | <自动下机位>治具[0004960925]检查:PASS,准备下机.
19:28:50.703 | <RRCC>治具[0004980568]到位,检查治具流程.
19:28:50.734 | <RRCC>治具[0004980568]为空治具,准备过站
19:29:35.968 | <自动下机位>治具[0004980481到位,检查治具流程.
19:29:36.296 | <自动下机位>治具[0004980481]检查:PASS,准备下机.
19:30:21.437 | <自动下机位>治具[0004974240到位,检查治具流程.
19:30:21.765 | <自动下机位>治具[0004974240]检查:PASS,准备下机.
19:31:09.703 | <自动下机位>治具[0004954945到位,检查治具流程.
19:31:10.031 | <自动下机位>治具[0004954945]检查:PASS,准备下机.
19:31:57.078 | <自动下机位>治具[0004980568到位,检查治具流程.
19:31:57.250 | <自动下机位>治具[0004980568为空治具,准备过站
19:35:18.171 | 关闭MES连接
19:35:18.218 | 关闭读卡器串口COM2
19:35:18.265 | 关闭RRCC串口
19:35:18.328 | 关闭控制IO板串口
19:35:18.390 | 停止测试TCP服务器监听:端口[8000]
19:35:18.500 | 测试站检查线程销毁.
19:35:18.515 | 测试站测试线程销毁.
19:35:35.531 | 登录到MES成功
19:35:35.609 | 成功连接到PLC3主机
19:35:39.625 | 成功打开读卡器串口COM2
19:35:39.687 | 成功打开RRCC,初始化RRCC成功
19:35:39.734 | 成功控制IO板串口,检测控制IO板通信正常.
19:35:39.750 | 服务器[端口:8000]启动监听.
19:35:39.781 | 启动测试TCP服务器监听:端口[8000]
19:35:39.796 | 成功连接MES远端服务器【192.168.3.200】
19:35:40.031 | 启动PLC监控线程.
19:35:40.140 | 启动PLC监控线程.
19:35:40.343 | 启动PLC监控线程.
19:35:40.375 | 启动测试站检查线程.
19:35:40.500 | 启动测试站检查线程.
19:35:42.765 | 与客户端[192.168.3.206:1723]连接.
19:35:42.875 | 与客户端[192.168.3.205:1794]连接.
19:35:43.265 | 与客户端[192.168.3.207:1696]连接.
19:35:43.406 | 与客户端[192.168.3.208:1720]连接.
19:35:43.812 | 与客户端[192.168.3.202:1119]连接.
19:35:44.390 | 关闭MES连接
19:35:44.421 | 关闭读卡器串口COM2
19:35:44.468 | 关闭RRCC串口
19:35:44.500 | 关闭控制IO板串口
19:35:44.656 | 停止测试TCP服务器监听:端口[8000]
19:35:44.687 | 测试站测试线程销毁.
19:35:44.718 | 测试站检查线程销毁.
19:36:36.843 | 成功打开RRCC,初始化RRCC成功
19:36:36.875 | 成功控制IO板串口,检测控制IO板通信正常.
19:36:37.000 | 成功控制IO板串口,检测控制IO板通信正常.
19:36:37.046 | RRCC开始启动测试
19:36:37.328 | RRCC测试通道【1】开始测试
19:36:41.921 | RRCC测试通道【2】开始测试
19:36:46.515 | RRCC测试通道【3】开始测试
19:36:51.109 | RRCC测试通道【4】开始测试
19:36:55.703 | RRCC测试通道【5】开始测试
19:37:00.296 | RRCC测试通道【6】开始测试
19:37:04.890 | RRCC测试通道【7】开始测试
19:37:09.484 | RRCC测试通道【8】开始测试
19:37:13.921 | RRCC测试结束:36.8秒
19:38:08.234 | 登录到MES成功
19:38:08.312 | 成功连接到PLC3主机
19:38:12.328 | 成功打开读卡器串口COM2
19:38:12.343 | 服务器[端口:8000]启动监听.
19:38:12.375 | 启动测试TCP服务器监听:端口[8000]
19:38:12.390 | 成功连接MES远端服务器【192.168.3.200】
19:38:12.609 | 启动PLC监控线程.
19:38:12.718 | 启动PLC监控线程.
19:38:12.828 | 启动PLC监控线程.
19:38:12.859 | 启动测试站检查线程.
19:38:13.046 | 启动测试站检查线程.
19:38:18.078 | 与客户端[192.168.3.204:1497]连接.
19:38:18.625 | 与客户端[192.168.3.206:1732]连接.
19:38:18.937 | 与客户端[192.168.3.203:1561]连接.
19:38:19.031 | 与客户端[192.168.3.205:1803]连接.
19:38:19.453 | 与客户端[192.168.3.208:1729]连接.
19:38:19.687 | 与客户端[192.168.3.207:1705]连接.
19:38:20.046 | 与客户端[192.168.3.202:1128]连接.
19:38:38.046 | 客户端[192.168.3.202:1128]断开连接.
19:38:47.656 | 与客户端[192.168.3.202:1129]连接.
19:38:49.500 | 客户端[192.168.3.204:1497]断开连接.
19:38:50.796 | 与客户端[192.168.3.204:1498]连接.
19:38:54.250 | 客户端[192.168.3.203:1561]断开连接.
19:38:56.140 | 与客户端[192.168.3.203:1562]连接.
19:38:57.109 | 测试站检查线程销毁.
19:38:58.109 | 关闭MES连接
19:38:58.140 | 关闭读卡器串口COM2
19:38:58.171 | 关闭RRCC串口
19:38:58.218 | 关闭控制IO板串口
19:38:58.390 | 停止测试TCP服务器监听:端口[8000]
19:38:58.421 | 测试站测试线程销毁.
19:39:39.375 | 登录到MES成功
19:39:39.453 | 成功连接到PLC3主机
19:39:43.468 | 成功打开读卡器串口COM2
19:39:43.531 | 成功打开RRCC,初始化RRCC成功
19:39:43.578 | 成功控制IO板串口,检测控制IO板通信正常.
19:39:43.593 | 服务器[端口:8000]启动监听.
19:39:43.625 | 启动测试TCP服务器监听:端口[8000]
19:39:43.640 | 成功连接MES远端服务器【192.168.3.200】
19:39:43.921 | 启动PLC监控线程.
19:39:44.078 | 启动PLC监控线程.
19:39:44.250 | 启动PLC监控线程.
19:39:44.281 | 启动测试站检查线程.
19:39:44.468 | 启动测试站检查线程.
19:39:57.671 | 与客户端[192.168.3.203:1565]连接.
19:39:59.796 | 与客户端[192.168.3.206:1736]连接.
19:40:00.062 | 与客户端[192.168.3.202:1133]连接.
19:40:00.312 | 与客户端[192.168.3.207:1709]连接.
19:40:00.593 | 与客户端[192.168.3.208:1733]连接.
19:40:19.140 | 测试站检查线程销毁.
19:40:20.140 | 关闭MES连接
19:40:20.187 | 关闭读卡器串口COM2
19:40:20.234 | 关闭RRCC串口
19:40:20.296 | 关闭控制IO板串口
19:40:20.468 | 停止测试TCP服务器监听:端口[8000]
19:40:20.500 | 测试站测试线程销毁.
19:40:28.281 | 登录到MES成功
19:40:28.343 | 成功连接到PLC3主机
19:40:32.359 | 成功打开读卡器串口COM2
19:40:32.421 | 成功打开RRCC,初始化RRCC成功
19:40:32.468 | 成功控制IO板串口,检测控制IO板通信正常.
19:40:32.484 | 服务器[端口:8000]启动监听.
19:40:32.515 | 启动测试TCP服务器监听:端口[8000]
19:40:32.546 | 成功连接MES远端服务器【192.168.3.200】
19:40:32.765 | 启动PLC监控线程.
19:40:32.890 | 启动PLC监控线程.
19:40:33.015 | 启动PLC监控线程.
19:40:33.046 | 启动测试站检查线程.
19:40:33.125 | 启动测试站检查线程.
19:40:33.437 | 与客户端[192.168.3.203:1566]连接.
19:40:44.640 | 与客户端[192.168.3.206:1738]连接.
19:40:44.875 | 与客户端[192.168.3.202:1135]连接.
19:40:45.093 | 与客户端[192.168.3.207:1711]连接.
19:40:45.234 | 与客户端[192.168.3.208:1735]连接.
