12:33:01.343 | 成功打开高压机,初始化高压机
12:33:03.500 | 成功控制IO板串口,检测控制IO板通信正常.
12:33:48.828 | <HP仪器1>开始启动测试
12:36:01.343 | 成功打开高压机,初始化高压机
12:36:01.375 | 成功控制IO板串口,检测控制IO板通信正常.
12:36:02.328 | <HP仪器1>开始启动测试
12:42:56.234 | 成功打开高压机,初始化高压机
12:42:59.296 | 成功控制IO板串口,检测控制IO板通信正常.
12:43:00.015 | 开始加载HIPOT参数[],请稍等..
12:44:45.203 | 成功加载HIPOT参数[].
12:45:05.031 | <HP仪器1>开始启动测试
13:09:21.000 | 成功打开高压机,初始化高压机
13:09:21.031 | 成功控制IO板串口,检测控制IO板通信正常.
13:09:21.046 | 开始加载HIPOT参数[],请稍等..
13:09:21.218 | 成功加载HIPOT参数[].
13:09:23.156 | <HP仪器1>开始启动测试
13:10:15.156 | <HP仪器1>测试通道【1】开始测试
13:11:15.062 | 启动高压机测试超时.
14:22:45.796 | 成功打开高压机,初始化高压机
14:22:47.921 | 成功控制IO板串口,检测控制IO板通信正常.
14:22:47.921 | 开始加载HIPOT参数[],请稍等..
14:30:02.171 | 成功加载HIPOT参数[].
14:30:15.359 | <HP仪器1>开始启动测试
14:31:30.281 | <HP仪器1>测试通道【1】开始测试
14:31:41.734 | 启动高压机测试超时.
15:01:07.500 | 成功打开高压机,初始化高压机
15:01:07.531 | 成功控制IO板串口,检测控制IO板通信正常.
15:01:07.546 | 开始加载HIPOT参数[],请稍等..
15:01:13.734 | 成功加载HIPOT参数[].
15:01:20.078 | <HP仪器1>开始启动测试
15:02:35.562 | 成功打开高压机,初始化高压机
15:02:37.109 | 成功控制IO板串口,检测控制IO板通信正常.
15:02:38.343 | 开始加载HIPOT参数[],请稍等..
15:10:18.546 | 成功打开高压机,初始化高压机
15:10:18.578 | 成功控制IO板串口,检测控制IO板通信正常.
15:10:18.578 | 开始加载HIPOT参数[],请稍等..
15:16:05.390 | 成功加载HIPOT参数[].
15:16:05.421 | <HP仪器1>开始启动测试
15:27:05.093 | 打开高压机串口失败:System.UnauthorizedAccessException: Access to the port 'COM3' is denied.
   at System.IO.Ports.InternalResources.WinIOError(Int32 errorCode, String str)
   at System.IO.Ports.SerialStream..ctor(String portName, Int32 baudRate, Parity parity, Int32 dataBits, StopBits stopBits, Int32 readTimeout, Int32 writeTimeout, Handshake handshake, Boolean dtrEnable, Boolean rtsEnable, Boolean discardNull, Byte parityReplace)
   at System.IO.Ports.SerialPort.Open()
   at GJ.Dev.COM.CSerialPort.open(String comName, String& er, String setting) in F:\群光自动线\GJ_ATE\GJ.Dev\COM\CSerialPort.cs:line 103
15:27:18.718 | 成功打开高压机,初始化高压机
15:27:18.750 | 成功控制IO板串口,检测控制IO板通信正常.
15:27:18.750 | 开始加载HIPOT参数[],请稍等..
15:28:09.640 | 成功加载HIPOT参数[].
15:28:09.656 | <HP仪器1>开始启动测试
15:31:52.578 | 成功打开高压机,初始化高压机
15:31:52.609 | 成功控制IO板串口,检测控制IO板通信正常.
15:31:52.625 | 开始加载HIPOT参数[],请稍等..
15:31:55.312 | 成功加载HIPOT参数[].
15:31:55.328 | <HP仪器1>开始启动测试
15:33:52.046 | <HP仪器1>测试通道【1】开始测试
15:49:07.562 | 成功打开高压机,初始化高压机
15:49:07.609 | 成功控制IO板串口,检测控制IO板通信正常.
15:49:07.609 | 开始加载HIPOT参数[],请稍等..
15:49:10.359 | 成功加载HIPOT参数[].
15:49:10.375 | <HP仪器1>开始启动测试
17:27:16.031 | 打开高压机串口失败:System.UnauthorizedAccessException: Access to the port 'COM3' is denied.
   at System.IO.Ports.InternalResources.WinIOError(Int32 errorCode, String str)
   at System.IO.Ports.SerialStream..ctor(String portName, Int32 baudRate, Parity parity, Int32 dataBits, StopBits stopBits, Int32 readTimeout, Int32 writeTimeout, Handshake handshake, Boolean dtrEnable, Boolean rtsEnable, Boolean discardNull, Byte parityReplace)
   at System.IO.Ports.SerialPort.Open()
   at GJ.Dev.COM.CSerialPort.open(String comName, String& er, String setting) in F:\群光自动线\GJ_ATE\GJ.Dev\COM\CSerialPort.cs:line 103
17:27:49.406 | 成功打开高压机,初始化高压机
17:27:49.437 | 成功控制IO板串口,检测控制IO板通信正常.
17:27:49.437 | 开始加载HIPOT参数[],请稍等..
17:27:56.125 | 成功加载HIPOT参数[].
17:27:56.156 | <HP仪器1>开始启动测试
17:28:02.531 | <HP仪器1>测试通道【1】开始测试
17:35:57.640 | 成功打开高压机,初始化高压机
17:35:59.437 | 成功控制IO板串口,检测控制IO板通信正常.
17:35:59.453 | 开始加载HIPOT参数[],请稍等..
17:36:01.250 | 成功加载HIPOT参数[].
17:36:01.265 | <HP仪器1>开始启动测试
17:36:03.578 | <HP仪器1>测试通道【1】开始测试
17:52:13.218 | 成功打开高压机,初始化高压机
17:52:14.421 | 成功控制IO板串口,检测控制IO板通信正常.
17:52:14.859 | 开始加载HIPOT参数[],请稍等..
17:52:19.140 | 成功加载HIPOT参数[].
17:52:19.156 | <HP仪器1>开始启动测试
17:52:21.890 | <HP仪器1>测试通道【1】开始测试
17:54:15.640 | 成功打开高压机,初始化高压机
17:54:15.671 | 成功控制IO板串口,检测控制IO板通信正常.
17:54:15.671 | 开始加载HIPOT参数[],请稍等..
17:54:17.796 | 成功加载HIPOT参数[].
17:54:17.812 | <HP仪器1>开始启动测试
17:54:19.781 | <HP仪器1>测试通道【1】开始测试
17:54:58.187 | <HP仪器1>测试通道【2】开始测试
17:55:15.234 | <HP仪器1>测试通道【3】开始测试
17:55:27.484 | <HP仪器1>测试通道【4】开始测试
17:55:39.781 | <HP仪器1>测试通道【5】开始测试
17:55:52.093 | <HP仪器1>测试通道【6】开始测试
17:56:04.343 | <HP仪器1>测试通道【7】开始测试
17:56:16.578 | <HP仪器1>测试通道【8】开始测试
17:56:28.265 | <HP仪器1>测试结束:130.4秒
17:58:12.984 | 开始加载HIPOT参数[],请稍等..
17:58:14.781 | 成功加载HIPOT参数[].
17:58:14.828 | <HP仪器1>开始启动测试
17:58:18.625 | <HP仪器1>测试通道【1】开始测试
17:58:30.953 | <HP仪器1>测试通道【2】开始测试
17:58:43.250 | <HP仪器1>测试通道【3】开始测试
17:58:55.562 | <HP仪器1>测试通道【4】开始测试
17:59:07.828 | <HP仪器1>测试通道【5】开始测试
17:59:20.078 | <HP仪器1>测试通道【6】开始测试
17:59:32.375 | <HP仪器1>测试通道【7】开始测试
17:59:44.687 | <HP仪器1>测试通道【8】开始测试
17:59:56.312 | <HP仪器1>测试结束:101.5秒
18:08:09.296 | 开始加载HIPOT参数[],请稍等..
18:08:11.000 | 成功加载HIPOT参数[].
18:08:11.015 | <HP仪器1>开始启动测试
18:08:11.671 | <HP仪器1>测试通道【1】开始测试
18:08:15.937 | <HP仪器1>测试通道【2】开始测试
18:08:20.218 | <HP仪器1>测试通道【3】开始测试
18:08:24.500 | <HP仪器1>测试通道【4】开始测试
18:08:28.781 | <HP仪器1>测试通道【5】开始测试
18:08:33.062 | <HP仪器1>测试通道【6】开始测试
18:08:37.343 | <HP仪器1>测试通道【7】开始测试
18:08:41.609 | <HP仪器1>测试通道【8】开始测试
18:08:45.453 | <HP仪器1>测试结束:34.4秒
18:16:39.890 | 成功打开高压机,初始化高压机
18:16:39.921 | 成功控制IO板串口,检测控制IO板通信正常.
18:16:39.921 | 开始加载HIPOT参数[],请稍等..
18:16:41.609 | 成功加载HIPOT参数[].
18:16:41.640 | <HP仪器1>开始启动测试
18:16:42.031 | <HP仪器1>测试通道【1】开始测试
18:21:00.437 | 成功打开高压机,初始化高压机
18:21:00.468 | 成功控制IO板串口,检测控制IO板通信正常.
18:21:00.468 | 开始加载HIPOT参数[],请稍等..
18:21:02.156 | 成功加载HIPOT参数[].
18:21:02.171 | <HP仪器1>开始启动测试
18:21:02.562 | <HP仪器1>测试通道【1】开始测试
18:21:06.843 | <HP仪器1>测试通道【2】开始测试
18:21:11.109 | <HP仪器1>测试通道【3】开始测试
18:21:15.375 | <HP仪器1>测试通道【4】开始测试
18:21:19.640 | <HP仪器1>测试通道【5】开始测试
18:21:23.921 | <HP仪器1>测试通道【6】开始测试
18:21:28.203 | <HP仪器1>测试通道【7】开始测试
18:21:32.484 | <HP仪器1>测试通道【8】开始测试
18:21:36.328 | <HP仪器1>测试结束:34.1秒
18:22:28.359 | 成功打开高压机,初始化高压机
18:22:28.390 | 成功控制IO板串口,检测控制IO板通信正常.
18:22:28.390 | 开始加载HIPOT参数[],请稍等..
18:22:30.078 | 成功加载HIPOT参数[].
18:22:30.093 | <HP仪器1>开始启动测试
18:22:30.484 | <HP仪器1>测试通道【1】开始测试
18:22:34.765 | <HP仪器1>测试通道【2】开始测试
18:22:38.984 | <HP仪器1>测试通道【3】开始测试
18:22:43.265 | <HP仪器1>测试通道【4】开始测试
18:22:47.531 | <HP仪器1>测试通道【5】开始测试
18:22:51.796 | <HP仪器1>测试通道【6】开始测试
18:22:56.015 | <HP仪器1>测试通道【7】开始测试
18:23:00.296 | <HP仪器1>测试通道【8】开始测试
18:23:04.140 | <HP仪器1>测试结束:34.0秒
18:29:25.484 | 成功打开高压机,初始化高压机
18:29:25.515 | 成功控制IO板串口,检测控制IO板通信正常.
18:29:25.515 | 开始加载HIPOT参数[1],请稍等..
18:29:27.203 | 成功加载HIPOT参数[1].
18:29:27.218 | <HP仪器1>开始启动测试
18:29:27.609 | <HP仪器1>测试通道【1】开始测试
18:29:31.890 | <HP仪器1>测试通道【2】开始测试
18:29:36.156 | <HP仪器1>测试通道【3】开始测试
18:29:40.453 | <HP仪器1>测试通道【4】开始测试
18:29:44.734 | <HP仪器1>测试通道【5】开始测试
18:29:49.015 | <HP仪器1>测试通道【6】开始测试
18:29:53.296 | <HP仪器1>测试通道【7】开始测试
18:29:57.578 | <HP仪器1>测试通道【8】开始测试
18:30:01.421 | <HP仪器1>测试结束:34.2秒
20:12:13.328 | 开始加载HIPOT参数[],请稍等..
20:12:15.453 | 成功加载HIPOT参数[].
20:12:15.468 | <HP仪器1>开始启动测试
20:12:15.859 | <HP仪器1>测试通道【1】开始测试
20:12:28.187 | <HP仪器1>测试通道【2】开始测试
20:12:40.484 | <HP仪器1>测试通道【3】开始测试
20:12:52.796 | <HP仪器1>测试通道【4】开始测试
20:13:05.093 | <HP仪器1>测试通道【5】开始测试
20:13:17.390 | <HP仪器1>测试通道【6】开始测试
20:13:29.703 | <HP仪器1>测试通道【7】开始测试
20:13:41.953 | <HP仪器1>测试通道【8】开始测试
20:13:53.562 | <HP仪器1>测试结束:98.1秒
20:14:12.359 | 关闭高压机串口
20:14:12.390 | 关闭控制IO板串口
20:24:10.593 | 成功打开高压机,初始化高压机
20:24:10.640 | 成功控制IO板串口,检测控制IO板通信正常.
20:24:10.656 | 开始加载HIPOT参数[123],请稍等..
20:24:12.437 | 成功加载HIPOT参数[123].
20:24:12.453 | <HP仪器1>开始启动测试
20:24:12.843 | <HP仪器1>测试通道【1】开始测试
20:26:57.015 | <HP仪器1>测试通道【2】开始测试
20:27:08.000 | <HP仪器1>测试通道【3】开始测试
20:27:14.796 | <HP仪器1>测试通道【4】开始测试
20:27:18.515 | <HP仪器1>测试通道【5】开始测试
20:27:22.250 | <HP仪器1>测试通道【6】开始测试
20:27:25.984 | <HP仪器1>测试通道【7】开始测试
20:27:29.687 | <HP仪器1>测试通道【8】开始测试
20:27:32.781 | <HP仪器1>测试结束:200.3秒
20:27:35.671 | 关闭高压机串口
20:27:35.703 | 关闭控制IO板串口
19:32:33.171 | 成功打开高压机,初始化高压机
19:32:33.734 | 连接控制IO板失败:接收数据超时
19:33:13.734 | 成功控制IO板串口,检测控制IO板通信正常.
19:33:13.734 | 开始加载HIPOT参数[123],请稍等..
19:33:15.187 | 成功加载HIPOT参数[123].
19:33:15.203 | <HP仪器1>开始启动测试
19:33:15.593 | <HP仪器1>测试通道【1】开始测试
19:33:19.375 | <HP仪器1>测试通道【2】开始测试
19:33:23.093 | <HP仪器1>测试通道【3】开始测试
19:33:26.828 | <HP仪器1>测试通道【4】开始测试
19:33:30.546 | <HP仪器1>测试通道【5】开始测试
19:33:34.250 | <HP仪器1>测试通道【6】开始测试
19:33:37.968 | <HP仪器1>测试通道【7】开始测试
19:33:41.671 | <HP仪器1>测试通道【8】开始测试
19:33:44.765 | <HP仪器1>测试结束:29.5秒
19:33:48.390 | 关闭高压机串口
19:33:48.421 | 关闭控制IO板串口
20:56:39.859 | 成功打开Chroma电子负载,初始化Chroma电子负载
20:56:42.609 | 连接控制IO板失败:接收数据长度错误:00
20:58:57.828 | 成功打开Chroma电子负载,初始化Chroma电子负载
