14:42:56.543 | 成功打开Chroma开机电子负载,初始化Chroma开机电子负载成功
14:42:56.668 | 成功控制IO板串口,检测控制IO板通信正常.
14:42:56.731 | 成功连接到监控板
14:42:56.793 | <Chroma仪器1>开始启动测试
14:42:57.043 | <Chroma仪器1>测试通道【1】开始测试
14:42:57.059 | 成功加载Chroma负载参数[A090A098PHW01]
14:43:15.950 | 成功加载Chroma负载参数[A090A098PHW01]步骤1
14:43:59.825 | 成功加载Chroma负载参数[A090A098PHW01]步骤2
14:46:50.969 | 成功打开Chroma开机电子负载,初始化Chroma开机电子负载成功
14:46:51.062 | 成功控制IO板串口,检测控制IO板通信正常.
14:46:51.125 | 成功连接到监控板
14:46:51.203 | <Chroma仪器1>开始启动测试
14:46:51.453 | <Chroma仪器1>测试通道【1】开始测试
14:46:51.469 | 成功加载Chroma负载参数[A090A098PHW01]
14:46:53.031 | 成功加载Chroma负载参数[A090A098PHW01]步骤1
14:47:02.125 | 成功加载Chroma负载参数[A090A098PHW01]步骤2
14:47:07.828 | 成功加载Chroma负载参数[A090A098PHW01]步骤3
14:47:12.344 | <Chroma仪器1>测试通道【2】开始测试
14:47:13.891 | 成功加载Chroma负载参数[A090A098PHW01]步骤1
14:47:19.422 | 成功加载Chroma负载参数[A090A098PHW01]步骤2
14:47:24.921 | 成功加载Chroma负载参数[A090A098PHW01]步骤3
14:47:30.359 | <Chroma仪器1>测试结束:39.1秒
14:48:05.328 | 成功打开Chroma开机电子负载,初始化Chroma开机电子负载成功
14:48:05.515 | <Chroma仪器1>开始启动测试
14:48:05.781 | <Chroma仪器1>测试通道【1】开始测试
14:48:05.812 | 成功加载Chroma负载参数[A090A098PHW01]
14:48:18.968 | 成功加载Chroma负载参数[A090A098PHW01]步骤1
14:48:20.593 | 断开连接监控板
14:48:20.640 | 关闭控制IO板串口
14:48:20.687 | 关闭Chroma电子负载串口
14:48:38.282 | <Chroma仪器1>System.NullReferenceException: 未将对象引用设置到对象的实例。
   在 GJ.Para.TURNON.udcRun.onChromaTestingID(Int32 idNo) 位置 E:\PD自动线\GJ_ATE\GJ.Para\TURNON\udcRun.cs:行号 2605
14:48:39.016 | <Chroma仪器1>测试结束:33.5秒
14:48:43.938 | 成功打开Chroma开机电子负载,初始化Chroma开机电子负载成功
14:48:44.329 | 成功控制IO板串口,检测控制IO板通信正常.
14:48:44.376 | 成功连接到监控板
14:48:44.454 | <Chroma仪器1>开始启动测试
14:48:44.704 | <Chroma仪器1>测试通道【1】开始测试
14:48:44.719 | 成功加载Chroma负载参数[A090A098PHW01]
14:48:50.438 | 成功加载Chroma负载参数[A090A098PHW01]步骤1
14:49:23.783 | 成功加载Chroma负载参数[A090A098PHW01]步骤2
14:50:12.223 | 成功加载Chroma负载参数[A090A098PHW01]步骤3
14:50:16.769 | <Chroma仪器1>测试通道【2】开始测试
14:50:18.379 | 成功加载Chroma负载参数[A090A098PHW01]步骤1
14:50:23.863 | 成功加载Chroma负载参数[A090A098PHW01]步骤2
14:50:29.316 | 成功加载Chroma负载参数[A090A098PHW01]步骤3
14:50:34.769 | <Chroma仪器1>测试结束:110.3秒
