19:52:41.359 | 成功打开Chroma ID电子负载,初始化Chroma ID电子负载成功
19:52:41.484 | 成功控制IO板串口,检测控制IO板通信正常.
19:52:42.531 | 设置负载参数成功
19:52:42.546 | <Chroma仪器1>开始启动测试
19:52:42.687 | <Chroma仪器1>测试通道【1】开始测试
19:52:43.843 | 成功加载Chroma负载参数[A150A013PHW01]步骤1
19:52:50.171 | <Chroma仪器1>测试通道【2】开始测试
19:52:51.312 | 成功加载Chroma负载参数[A150A013PHW01]步骤1
19:52:54.578 | <Chroma仪器1>测试结束:12.0秒
19:54:15.421 | 成功打开Chroma ID电子负载,初始化Chroma ID电子负载成功
19:54:16.437 | 设置负载参数成功
19:54:16.484 | <Chroma仪器1>开始启动测试
19:54:16.609 | <Chroma仪器1>测试通道【1】开始测试
19:54:17.750 | 成功加载Chroma负载参数[A150A013PHW01]步骤1
19:54:24.031 | <Chroma仪器1>测试通道【2】开始测试
19:54:25.171 | 成功加载Chroma负载参数[A150A013PHW01]步骤1
19:54:28.484 | <Chroma仪器1>测试结束:12.0秒
19:54:40.781 | 成功打开Chroma ID电子负载,初始化Chroma ID电子负载成功
19:54:41.812 | 设置负载参数成功
19:54:41.875 | <Chroma仪器1>开始启动测试
19:54:42.000 | <Chroma仪器1>测试通道【1】开始测试
19:54:44.093 | 成功加载Chroma负载参数[A150A013PHW01]步骤1
19:54:50.421 | <Chroma仪器1>测试通道【2】开始测试
19:54:51.593 | 成功加载Chroma负载参数[A150A013PHW01]步骤1
19:54:52.750 | 关闭控制IO板串口
19:54:52.796 | 关闭Chroma ID电子负载串口
19:54:54.625 | <Chroma仪器1>System.NullReferenceException: Object reference not set to an instance of an object.
   at GJ.Para.TURNON.udcRun.onChromaTesting(Int32 idNo) in G:\群光后段自动线\GJ_ATE\GJ.Para\TURNON\udcRun.cs:line 1954
19:54:54.640 | <Chroma仪器1>测试结束:12.8秒
19:55:39.828 | 成功打开Chroma ID电子负载,初始化Chroma ID电子负载成功
19:55:39.921 | 成功控制IO板串口,检测控制IO板通信正常.
19:55:40.937 | 设置负载参数成功
19:55:40.984 | <Chroma仪器1>开始启动测试
19:55:41.109 | <Chroma仪器1>测试通道【1】开始测试
19:55:42.250 | 成功加载Chroma负载参数[A150A013PHW01]步骤1
19:55:48.593 | <Chroma仪器1>测试通道【2】开始测试
19:55:49.750 | 成功加载Chroma负载参数[A150A013PHW01]步骤1
19:55:53.031 | <Chroma仪器1>测试结束:12.0秒
19:57:16.093 | 成功打开Chroma ID电子负载,初始化Chroma ID电子负载成功
19:57:17.109 | 设置负载参数成功
19:57:17.156 | <Chroma仪器1>开始启动测试
19:57:17.281 | <Chroma仪器1>测试通道【1】开始测试
19:57:18.421 | 成功加载Chroma负载参数[A150A013PHW01]步骤1
19:57:24.734 | <Chroma仪器1>测试通道【2】开始测试
19:57:26.203 | 成功加载Chroma负载参数[A150A013PHW01]步骤1
19:57:29.500 | <Chroma仪器1>测试结束:12.3秒
19:59:46.156 | 成功打开Chroma ID电子负载,初始化Chroma ID电子负载成功
19:59:46.203 | <Chroma仪器1>开始启动测试
19:59:46.328 | <Chroma仪器1>测试通道【1】开始测试
19:59:47.468 | 成功加载Chroma负载参数[A150A013PHW01]步骤1
19:59:54.843 | <Chroma仪器1>测试通道【2】开始测试
19:59:56.250 | 成功加载Chroma负载参数[A150A013PHW01]步骤1
19:59:59.562 | <Chroma仪器1>测试结束:13.3秒
20:00:03.781 | 成功打开Chroma ID电子负载,初始化Chroma ID电子负载成功
20:00:03.828 | <Chroma仪器1>开始启动测试
20:00:03.953 | <Chroma仪器1>测试通道【1】开始测试
20:00:05.093 | 成功加载Chroma负载参数[A150A013PHW01]步骤1
20:00:12.468 | <Chroma仪器1>测试通道【2】开始测试
20:00:13.609 | 成功加载Chroma负载参数[A150A013PHW01]步骤1
20:00:16.937 | <Chroma仪器1>测试结束:13.1秒
20:00:36.921 | 成功打开Chroma ID电子负载,初始化Chroma ID电子负载成功
20:00:36.968 | <Chroma仪器1>开始启动测试
20:00:37.093 | <Chroma仪器1>测试通道【1】开始测试
20:00:38.234 | 成功加载Chroma负载参数[A150A013PHW01]步骤1
20:00:45.609 | <Chroma仪器1>测试通道【2】开始测试
20:00:46.750 | 成功加载Chroma负载参数[A150A013PHW01]步骤1
20:00:50.046 | <Chroma仪器1>测试结束:13.1秒
20:01:00.250 | 成功打开Chroma ID电子负载,初始化Chroma ID电子负载成功
20:01:00.312 | <Chroma仪器1>开始启动测试
20:01:00.437 | <Chroma仪器1>测试通道【1】开始测试
20:01:01.578 | 成功加载Chroma负载参数[A150A013PHW01]步骤1
20:01:08.968 | <Chroma仪器1>测试通道【2】开始测试
20:01:10.500 | 成功加载Chroma负载参数[A150A013PHW01]步骤1
20:01:13.796 | <Chroma仪器1>测试结束:13.5秒
20:02:58.140 | 成功打开Chroma ID电子负载,初始化Chroma ID电子负载成功
20:02:58.187 | <Chroma仪器1>开始启动测试
20:02:58.312 | <Chroma仪器1>测试通道【1】开始测试
20:02:59.453 | 成功加载Chroma负载参数[A150A013PHW01]步骤1
20:03:06.828 | <Chroma仪器1>测试通道【2】开始测试
20:03:07.968 | 成功加载Chroma负载参数[A150A013PHW01]步骤1
20:03:11.250 | <Chroma仪器1>测试结束:13.0秒
20:03:15.500 | 成功打开Chroma ID电子负载,初始化Chroma ID电子负载成功
20:03:15.546 | <Chroma仪器1>开始启动测试
20:03:15.671 | <Chroma仪器1>测试通道【1】开始测试
20:03:16.812 | 成功加载Chroma负载参数[A150A013PHW01]步骤1
20:03:24.171 | <Chroma仪器1>测试通道【2】开始测试
20:03:25.593 | 成功加载Chroma负载参数[A150A013PHW01]步骤1
20:03:28.921 | <Chroma仪器1>测试结束:13.4秒
20:03:35.843 | 成功打开Chroma ID电子负载,初始化Chroma ID电子负载成功
20:03:35.906 | <Chroma仪器1>开始启动测试
20:03:36.031 | <Chroma仪器1>测试通道【1】开始测试
20:03:37.171 | 成功加载Chroma负载参数[A150A013PHW01]步骤1
20:03:44.531 | <Chroma仪器1>测试通道【2】开始测试
20:03:45.671 | 成功加载Chroma负载参数[A150A013PHW01]步骤1
20:03:48.968 | <Chroma仪器1>测试结束:13.0秒
20:03:54.203 | 成功打开Chroma ID电子负载,初始化Chroma ID电子负载成功
20:03:54.250 | <Chroma仪器1>开始启动测试
20:03:54.375 | <Chroma仪器1>测试通道【1】开始测试
20:03:55.515 | 成功加载Chroma负载参数[A150A013PHW01]步骤1
20:04:02.906 | <Chroma仪器1>测试通道【2】开始测试
20:04:04.046 | 成功加载Chroma负载参数[A150A013PHW01]步骤1
20:04:07.343 | <Chroma仪器1>测试结束:13.1秒
20:04:12.125 | 成功打开Chroma ID电子负载,初始化Chroma ID电子负载成功
20:04:12.171 | <Chroma仪器1>开始启动测试
20:04:12.296 | <Chroma仪器1>测试通道【1】开始测试
20:04:13.437 | 成功加载Chroma负载参数[A150A013PHW01]步骤1
20:04:20.812 | <Chroma仪器1>测试通道【2】开始测试
20:04:21.953 | 成功加载Chroma负载参数[A150A013PHW01]步骤1
20:04:25.234 | <Chroma仪器1>测试结束:13.0秒
20:05:07.609 | 成功打开Chroma ID电子负载,初始化Chroma ID电子负载成功
20:05:07.656 | <Chroma仪器1>开始启动测试
20:05:07.796 | <Chroma仪器1>测试通道【1】开始测试
20:05:08.937 | 成功加载Chroma负载参数[A150A013PHW01-140]步骤1
20:05:16.312 | <Chroma仪器1>测试通道【2】开始测试
20:05:17.453 | 成功加载Chroma负载参数[A150A013PHW01-140]步骤1
20:05:20.734 | <Chroma仪器1>测试结束:13.0秒
20:05:46.937 | 成功打开Chroma ID电子负载,初始化Chroma ID电子负载成功
20:05:46.984 | <Chroma仪器1>开始启动测试
20:05:47.109 | <Chroma仪器1>测试通道【1】开始测试
20:05:48.250 | 成功加载Chroma负载参数[A150A013PHW01-140]步骤1
20:05:55.609 | <Chroma仪器1>测试通道【2】开始测试
20:05:56.750 | 成功加载Chroma负载参数[A150A013PHW01-140]步骤1
20:06:00.031 | <Chroma仪器1>测试结束:13.0秒
20:06:04.015 | 成功打开Chroma ID电子负载,初始化Chroma ID电子负载成功
20:06:04.062 | <Chroma仪器1>开始启动测试
20:06:04.187 | <Chroma仪器1>测试通道【1】开始测试
20:06:05.328 | 成功加载Chroma负载参数[A150A013PHW01]步骤1
20:06:12.671 | <Chroma仪器1>测试通道【2】开始测试
20:06:13.812 | 成功加载Chroma负载参数[A150A013PHW01]步骤1
20:06:17.078 | <Chroma仪器1>测试结束:13.0秒
20:07:24.343 | 成功打开Chroma ID电子负载,初始化Chroma ID电子负载成功
20:07:24.390 | <Chroma仪器1>开始启动测试
20:07:24.515 | <Chroma仪器1>测试通道【1】开始测试
20:07:25.671 | 成功加载Chroma负载参数[A150A013PHW01-140]步骤1
20:07:33.062 | <Chroma仪器1>测试通道【2】开始测试
20:07:34.203 | 成功加载Chroma负载参数[A150A013PHW01]步骤1
20:07:37.484 | <Chroma仪器1>测试结束:13.1秒
20:07:40.968 | 成功打开Chroma ID电子负载,初始化Chroma ID电子负载成功
20:07:41.015 | <Chroma仪器1>开始启动测试
20:07:41.140 | <Chroma仪器1>测试通道【1】开始测试
20:07:42.281 | 成功加载Chroma负载参数[A150A013PHW01]步骤1
20:07:49.625 | <Chroma仪器1>测试通道【2】开始测试
20:07:50.781 | 成功加载Chroma负载参数[A150A013PHW01]步骤1
20:07:54.062 | <Chroma仪器1>测试结束:13.0秒
20:12:37.500 | 成功打开Chroma ID电子负载,初始化Chroma ID电子负载成功
20:12:37.546 | <Chroma仪器1>开始启动测试
20:12:37.687 | <Chroma仪器1>测试通道【1】开始测试
20:12:38.640 | 成功加载Chroma负载参数[A150A013PHW01-140]步骤1
20:12:46.000 | <Chroma仪器1>测试通道【2】开始测试
20:12:46.968 | 成功加载Chroma负载参数[A150A013PHW01-140]步骤1
20:12:50.234 | <Chroma仪器1>测试结束:12.7秒
20:12:55.437 | 成功打开Chroma ID电子负载,初始化Chroma ID电子负载成功
20:12:55.484 | <Chroma仪器1>开始启动测试
20:12:55.609 | <Chroma仪器1>测试通道【1】开始测试
20:12:56.578 | 成功加载Chroma负载参数[A150A013PHW01-140]步骤1
20:13:03.968 | <Chroma仪器1>测试通道【2】开始测试
20:13:04.921 | 成功加载Chroma负载参数[A150A013PHW01-140]步骤1
20:13:08.203 | <Chroma仪器1>测试结束:12.7秒
20:13:13.421 | 成功打开Chroma ID电子负载,初始化Chroma ID电子负载成功
20:13:13.468 | <Chroma仪器1>开始启动测试
20:13:13.593 | <Chroma仪器1>测试通道【1】开始测试
20:13:14.546 | 成功加载Chroma负载参数[A150A013PHW01-140]步骤1
20:13:21.937 | <Chroma仪器1>测试通道【2】开始测试
20:13:22.921 | 成功加载Chroma负载参数[A150A013PHW01-140]步骤1
20:13:26.218 | <Chroma仪器1>测试结束:12.7秒
20:13:30.500 | 成功打开Chroma ID电子负载,初始化Chroma ID电子负载成功
20:13:30.546 | <Chroma仪器1>开始启动测试
20:13:30.687 | <Chroma仪器1>测试通道【1】开始测试
20:13:31.640 | 成功加载Chroma负载参数[A150A013PHW01-140]步骤1
20:13:39.468 | <Chroma仪器1>测试通道【2】开始测试
20:13:40.421 | 成功加载Chroma负载参数[A150A013PHW01-140]步骤1
20:13:43.703 | <Chroma仪器1>测试结束:13.1秒
20:13:56.703 | 成功打开Chroma ID电子负载,初始化Chroma ID电子负载成功
20:13:56.750 | <Chroma仪器1>开始启动测试
20:13:56.875 | <Chroma仪器1>测试通道【1】开始测试
20:13:57.828 | 成功加载Chroma负载参数[A150A013PHW01]步骤1
20:14:05.203 | <Chroma仪器1>测试通道【2】开始测试
20:14:06.171 | 成功加载Chroma负载参数[A150A013PHW01]步骤1
20:14:09.468 | <Chroma仪器1>测试结束:12.7秒
20:14:16.203 | 成功打开Chroma ID电子负载,初始化Chroma ID电子负载成功
20:14:16.250 | <Chroma仪器1>开始启动测试
20:14:16.375 | <Chroma仪器1>测试通道【1】开始测试
20:14:17.328 | 成功加载Chroma负载参数[A150A013PHW01]步骤1
20:14:24.703 | <Chroma仪器1>测试通道【2】开始测试
20:14:25.671 | 成功加载Chroma负载参数[A150A013PHW01]步骤1
20:14:28.968 | <Chroma仪器1>测试结束:12.7秒
20:14:35.078 | 成功打开Chroma ID电子负载,初始化Chroma ID电子负载成功
20:14:35.125 | <Chroma仪器1>开始启动测试
20:14:35.250 | <Chroma仪器1>测试通道【1】开始测试
20:14:36.218 | 成功加载Chroma负载参数[A150A013PHW01-140]步骤1
20:14:43.609 | <Chroma仪器1>测试通道【2】开始测试
20:14:44.578 | 成功加载Chroma负载参数[A150A013PHW01-140]步骤1
20:14:47.875 | <Chroma仪器1>测试结束:12.7秒
20:18:21.968 | 关闭控制IO板串口
20:20:11.562 | 成功打开Chroma ID电子负载,初始化Chroma ID电子负载成功
20:20:11.656 | 成功控制IO板串口,检测控制IO板通信正常.
20:20:11.671 | <Chroma仪器1>开始启动测试
20:20:11.812 | <Chroma仪器1>测试通道【1】开始测试
20:20:12.765 | 成功加载Chroma负载参数[A150A013PHW01]步骤1
20:20:20.125 | <Chroma仪器1>测试通道【2】开始测试
20:20:21.078 | 成功加载Chroma负载参数[A150A013PHW01]步骤1
20:20:24.343 | <Chroma仪器1>测试结束:12.6秒
20:20:28.515 | 成功打开Chroma ID电子负载,初始化Chroma ID电子负载成功
20:20:28.546 | <Chroma仪器1>开始启动测试
20:20:28.687 | <Chroma仪器1>测试通道【1】开始测试
20:20:29.656 | 成功加载Chroma负载参数[A150A013PHW01]步骤1
20:20:37.031 | <Chroma仪器1>测试通道【2】开始测试
20:20:38.421 | 成功加载Chroma负载参数[A150A013PHW01]步骤1
20:20:41.687 | <Chroma仪器1>测试结束:13.1秒
20:20:45.609 | 成功打开Chroma ID电子负载,初始化Chroma ID电子负载成功
20:20:45.656 | <Chroma仪器1>开始启动测试
20:20:45.781 | <Chroma仪器1>测试通道【1】开始测试
20:20:46.734 | 成功加载Chroma负载参数[A150A013PHW01]步骤1
20:20:54.171 | <Chroma仪器1>测试通道【2】开始测试
20:20:55.437 | 成功加载Chroma负载参数[A150A013PHW01]步骤1
20:20:58.687 | <Chroma仪器1>测试结束:13.0秒
20:31:15.875 | 成功打开Chroma ID电子负载,初始化Chroma ID电子负载成功
20:31:15.921 | <Chroma仪器1>开始启动测试
20:31:16.046 | <Chroma仪器1>测试通道【1】开始测试
20:31:16.875 | 成功加载Chroma负载参数[A150A013PHW01-140]步骤1
20:31:24.234 | <Chroma仪器1>测试通道【2】开始测试
20:31:25.046 | 成功加载Chroma负载参数[A150A013PHW01-140]步骤1
20:31:28.328 | <Chroma仪器1>测试结束:12.4秒
20:31:34.328 | 成功打开Chroma ID电子负载,初始化Chroma ID电子负载成功
20:31:34.375 | <Chroma仪器1>开始启动测试
20:31:34.500 | <Chroma仪器1>测试通道【1】开始测试
20:31:35.343 | 成功加载Chroma负载参数[A150A013PHW01-140]步骤1
20:31:42.734 | <Chroma仪器1>测试通道【2】开始测试
20:31:43.546 | 成功加载Chroma负载参数[A150A013PHW01-140]步骤1
20:31:46.843 | <Chroma仪器1>测试结束:12.5秒
20:32:11.406 | 成功打开Chroma ID电子负载,初始化Chroma ID电子负载成功
20:32:11.453 | <Chroma仪器1>开始启动测试
20:32:11.578 | <Chroma仪器1>测试通道【1】开始测试
20:32:12.390 | 成功加载Chroma负载参数[A150A013PHW01-140]步骤1
20:32:19.765 | <Chroma仪器1>测试通道【2】开始测试
20:32:20.578 | 成功加载Chroma负载参数[A150A013PHW01-140]步骤1
20:32:23.906 | <Chroma仪器1>测试结束:12.4秒
20:32:34.234 | 成功打开Chroma ID电子负载,初始化Chroma ID电子负载成功
20:32:34.281 | <Chroma仪器1>开始启动测试
20:32:34.406 | <Chroma仪器1>测试通道【1】开始测试
20:32:35.218 | 成功加载Chroma负载参数[A150A013PHW01-140]步骤1
20:32:42.562 | <Chroma仪器1>测试通道【2】开始测试
20:32:43.390 | 成功加载Chroma负载参数[A150A013PHW01-140]步骤1
20:32:46.703 | <Chroma仪器1>测试结束:12.4秒
20:32:50.921 | 成功打开Chroma ID电子负载,初始化Chroma ID电子负载成功
20:32:50.968 | <Chroma仪器1>开始启动测试
20:32:51.093 | <Chroma仪器1>测试通道【1】开始测试
20:32:51.906 | 成功加载Chroma负载参数[A150A013PHW01-140]步骤1
20:32:59.250 | <Chroma仪器1>测试通道【2】开始测试
20:33:00.062 | 成功加载Chroma负载参数[A150A013PHW01-140]步骤1
20:33:03.343 | <Chroma仪器1>测试结束:12.4秒
20:33:22.453 | 成功打开Chroma ID电子负载,初始化Chroma ID电子负载成功
20:33:22.500 | <Chroma仪器1>开始启动测试
20:33:22.625 | <Chroma仪器1>测试通道【1】开始测试
20:33:23.437 | 成功加载Chroma负载参数[A150A013PHW01-140]步骤1
20:33:30.812 | <Chroma仪器1>测试通道【2】开始测试
20:33:31.625 | 成功加载Chroma负载参数[A150A013PHW01-140]步骤1
20:33:34.937 | <Chroma仪器1>测试结束:12.4秒
20:33:58.218 | 成功打开Chroma ID电子负载,初始化Chroma ID电子负载成功
20:33:58.281 | <Chroma仪器1>开始启动测试
20:33:58.406 | <Chroma仪器1>测试通道【1】开始测试
20:33:59.218 | 成功加载Chroma负载参数[A150A013PHW01-140]步骤1
20:34:06.578 | <Chroma仪器1>测试通道【2】开始测试
20:34:07.390 | 成功加载Chroma负载参数[A150A013PHW01-140]步骤1
20:34:10.687 | <Chroma仪器1>测试结束:12.4秒
20:34:15.906 | 成功打开Chroma ID电子负载,初始化Chroma ID电子负载成功
20:34:15.953 | <Chroma仪器1>开始启动测试
20:34:16.078 | <Chroma仪器1>测试通道【1】开始测试
20:34:16.890 | 成功加载Chroma负载参数[A150A013PHW01-140]步骤1
20:34:24.250 | <Chroma仪器1>测试通道【2】开始测试
20:34:25.062 | 成功加载Chroma负载参数[A150A013PHW01-140]步骤1
20:34:28.359 | <Chroma仪器1>测试结束:12.4秒
20:34:32.921 | 成功打开Chroma ID电子负载,初始化Chroma ID电子负载成功
20:34:32.968 | <Chroma仪器1>开始启动测试
20:34:33.093 | <Chroma仪器1>测试通道【1】开始测试
20:34:33.906 | 成功加载Chroma负载参数[A150A013PHW01-140]步骤1
20:34:41.281 | <Chroma仪器1>测试通道【2】开始测试
20:34:42.109 | 成功加载Chroma负载参数[A150A013PHW01-140]步骤1
20:34:45.390 | <Chroma仪器1>测试结束:12.4秒
20:43:14.140 | 成功打开Chroma ID电子负载,初始化Chroma ID电子负载成功
20:43:14.187 | <Chroma仪器1>开始启动测试
20:43:14.312 | <Chroma仪器1>测试通道【1】开始测试
20:43:15.125 | 成功加载Chroma负载参数[A150A013PHW01-140]步骤1
20:43:22.531 | <Chroma仪器1>测试通道【2】开始测试
20:43:23.343 | 成功加载Chroma负载参数[A150A013PHW01-140]步骤1
20:43:26.671 | <Chroma仪器1>测试结束:12.5秒
20:43:33.734 | 成功打开Chroma ID电子负载,初始化Chroma ID电子负载成功
20:43:33.781 | <Chroma仪器1>开始启动测试
20:43:33.906 | <Chroma仪器1>测试通道【1】开始测试
20:43:34.734 | 成功加载Chroma负载参数[A150A013PHW01-140]步骤1
20:43:42.109 | <Chroma仪器1>测试通道【2】开始测试
20:43:42.953 | 成功加载Chroma负载参数[A150A013PHW01-140]步骤1
20:43:46.265 | <Chroma仪器1>测试结束:12.5秒
20:43:52.328 | 成功打开Chroma ID电子负载,初始化Chroma ID电子负载成功
20:43:52.375 | <Chroma仪器1>开始启动测试
20:43:52.515 | <Chroma仪器1>测试通道【1】开始测试
20:43:53.328 | 成功加载Chroma负载参数[A150A013PHW01-140]步骤1
20:44:01.203 | <Chroma仪器1>测试通道【2】开始测试
20:44:02.015 | 成功加载Chroma负载参数[A150A013PHW01-140]步骤1
20:44:05.343 | <Chroma仪器1>测试结束:12.9秒
20:44:50.890 | 成功打开Chroma ID电子负载,初始化Chroma ID电子负载成功
20:44:50.937 | <Chroma仪器1>开始启动测试
20:44:51.093 | <Chroma仪器1>测试通道【1】开始测试
20:44:58.359 | 成功加载Chroma负载参数[A150A013PHW01-140]步骤1
20:45:06.781 | <Chroma仪器1>测试通道【2】开始测试
20:45:06.921 | 成功加载Chroma负载参数[A150A013PHW01-140]步骤1
20:45:10.218 | <Chroma仪器1>测试结束:19.2秒
20:45:15.500 | 成功打开Chroma ID电子负载,初始化Chroma ID电子负载成功
20:45:15.546 | <Chroma仪器1>开始启动测试
20:45:15.687 | <Chroma仪器1>测试通道【1】开始测试
20:45:15.828 | 成功加载Chroma负载参数[A150A013PHW01-140]步骤1
20:45:24.250 | <Chroma仪器1>测试通道【2】开始测试
20:45:24.390 | 成功加载Chroma负载参数[A150A013PHW01-140]步骤1
20:45:27.718 | <Chroma仪器1>测试结束:12.1秒
20:45:46.718 | 成功打开Chroma ID电子负载,初始化Chroma ID电子负载成功
20:45:46.765 | <Chroma仪器1>开始启动测试
20:45:46.890 | <Chroma仪器1>测试通道【1】开始测试
20:45:47.031 | 成功加载Chroma负载参数[A150A013PHW01-140]步骤1
20:45:55.484 | <Chroma仪器1>测试通道【2】开始测试
20:45:55.625 | 成功加载Chroma负载参数[A150A013PHW01-140]步骤1
20:45:58.953 | <Chroma仪器1>测试结束:12.2秒
20:46:02.921 | 成功打开Chroma ID电子负载,初始化Chroma ID电子负载成功
20:46:02.968 | <Chroma仪器1>开始启动测试
20:46:03.109 | <Chroma仪器1>测试通道【1】开始测试
20:46:03.250 | 成功加载Chroma负载参数[A150A013PHW01-140]步骤1
20:46:11.703 | <Chroma仪器1>测试通道【2】开始测试
20:46:11.859 | 成功加载Chroma负载参数[A150A013PHW01-140]步骤1
20:46:15.140 | <Chroma仪器1>测试结束:12.1秒
20:46:20.125 | 成功打开Chroma ID电子负载,初始化Chroma ID电子负载成功
20:46:20.187 | <Chroma仪器1>开始启动测试
20:46:20.312 | <Chroma仪器1>测试通道【1】开始测试
20:46:20.468 | 成功加载Chroma负载参数[A150A013PHW01-140]步骤1
20:46:28.937 | <Chroma仪器1>测试通道【2】开始测试
20:46:29.078 | 成功加载Chroma负载参数[A150A013PHW01-140]步骤1
20:46:32.406 | <Chroma仪器1>测试结束:12.2秒
20:46:54.734 | 成功打开Chroma ID电子负载,初始化Chroma ID电子负载成功
20:46:54.781 | <Chroma仪器1>开始启动测试
20:46:54.921 | <Chroma仪器1>测试通道【1】开始测试
20:46:55.062 | 成功加载Chroma负载参数[A150A013PHW01-140]步骤1
20:47:11.500 | <Chroma仪器1>测试通道【2】开始测试
20:47:11.656 | 成功加载Chroma负载参数[A150A013PHW01-140]步骤1
20:47:18.968 | <Chroma仪器1>测试结束:24.2秒
20:47:24.265 | 成功打开Chroma ID电子负载,初始化Chroma ID电子负载成功
20:47:24.328 | <Chroma仪器1>开始启动测试
20:47:24.453 | <Chroma仪器1>测试通道【1】开始测试
20:47:24.593 | 成功加载Chroma负载参数[A150A013PHW01-140]步骤1
20:49:47.062 | 成功打开Chroma ID电子负载,初始化Chroma ID电子负载成功
20:49:47.125 | <Chroma仪器1>开始启动测试
20:49:47.250 | <Chroma仪器1>测试通道【1】开始测试
20:49:47.390 | 成功加载Chroma负载参数[A150A013PHW01]步骤1
20:49:55.812 | <Chroma仪器1>测试通道【2】开始测试
20:49:55.968 | 成功加载Chroma负载参数[A150A013PHW01]步骤1
20:49:59.265 | <Chroma仪器1>测试结束:12.1秒
21:03:59.750 | 关闭控制IO板串口
