19:10:33.703 | 成功打开Chroma电子负载,初始化Chroma电子负载
19:10:45.562 | 连接控制IO板失败:接收数据超时
19:11:53.812 | 成功打开Chroma电子负载,初始化Chroma电子负载
19:30:59.281 | 成功打开Chroma电子负载,初始化Chroma电子负载
19:31:07.609 | 成功控制IO板串口,检测控制IO板通信正常.
19:31:10.593 | 成功控制IO板串口,检测控制IO板通信正常.
19:32:14.984 | 成功控制IO板串口,检测控制IO板通信正常.
19:36:08.593 | 成功打开Chroma电子负载,初始化Chroma电子负载
19:36:10.578 | 成功控制IO板串口,检测控制IO板通信正常.
19:36:13.953 | 成功控制IO板串口,检测控制IO板通信正常.
19:37:28.765 | 成功打开Chroma电子负载,初始化Chroma电子负载
19:37:30.125 | 成功控制IO板串口,检测控制IO板通信正常.
19:37:32.421 | 成功控制IO板串口,检测控制IO板通信正常.
19:39:32.750 | 成功打开Chroma电子负载,初始化Chroma电子负载
19:39:33.984 | 成功控制IO板串口,检测控制IO板通信正常.
19:39:35.312 | 成功控制IO板串口,检测控制IO板通信正常.
19:39:50.812 | RRCC开始启动测试
19:40:02.796 | RRCC测试通道【1】开始测试
19:40:53.234 | RRCC测试通道【2】开始测试
19:40:53.500 | RRCC测试通道【3】开始测试
19:40:53.750 | RRCC测试通道【4】开始测试
19:40:54.000 | RRCC测试通道【5】开始测试
19:40:54.234 | RRCC测试通道【6】开始测试
19:40:54.484 | RRCC测试通道【7】开始测试
19:40:54.750 | RRCC测试通道【8】开始测试
19:40:54.859 | RRCC测试结束:64.0秒
19:48:07.500 | 成功打开Chroma电子负载,初始化Chroma电子负载
19:48:07.531 | 成功控制IO板串口,检测控制IO板通信正常.
19:48:07.656 | 成功控制IO板串口,检测控制IO板通信正常.
19:48:07.671 | RRCC开始启动测试
19:48:07.953 | RRCC测试通道【1】开始测试
19:48:09.234 | RRCC测试通道【2】开始测试
19:48:10.484 | RRCC测试通道【3】开始测试
19:48:11.734 | RRCC测试通道【4】开始测试
19:48:13.015 | RRCC测试通道【5】开始测试
19:48:14.265 | RRCC测试通道【6】开始测试
19:48:15.531 | RRCC测试通道【7】开始测试
19:48:16.781 | RRCC测试通道【8】开始测试
19:48:17.890 | RRCC测试结束:10.2秒
19:48:21.828 | RRCC开始启动测试
19:48:22.093 | RRCC测试通道【1】开始测试
19:48:23.359 | RRCC测试通道【2】开始测试
19:48:24.640 | RRCC测试通道【3】开始测试
19:48:25.890 | RRCC测试通道【4】开始测试
19:48:27.156 | RRCC测试通道【5】开始测试
19:48:28.406 | RRCC测试通道【6】开始测试
19:48:29.656 | RRCC测试通道【7】开始测试
19:48:30.921 | RRCC测试通道【8】开始测试
19:48:32.031 | RRCC测试结束:10.2秒
19:48:34.281 | RRCC开始启动测试
19:48:34.562 | RRCC测试通道【1】开始测试
19:48:35.828 | RRCC测试通道【2】开始测试
19:48:37.093 | RRCC测试通道【3】开始测试
19:48:38.343 | RRCC测试通道【4】开始测试
19:48:39.593 | RRCC测试通道【5】开始测试
19:48:40.859 | RRCC测试通道【6】开始测试
19:48:42.109 | RRCC测试通道【7】开始测试
19:48:43.375 | RRCC测试通道【8】开始测试
19:48:44.484 | RRCC测试结束:10.2秒
19:53:12.828 | 成功打开Chroma电子负载,初始化Chroma电子负载
19:53:12.875 | 成功控制IO板串口,检测控制IO板通信正常.
19:53:13.000 | 成功控制IO板串口,检测控制IO板通信正常.
19:53:13.015 | RRCC开始启动测试
19:53:13.296 | RRCC测试通道【1】开始测试
19:53:14.578 | RRCC测试通道【2】开始测试
19:53:15.843 | RRCC测试通道【3】开始测试
19:53:17.109 | RRCC测试通道【4】开始测试
19:53:18.375 | RRCC测试通道【5】开始测试
19:53:19.640 | RRCC测试通道【6】开始测试
19:53:20.890 | RRCC测试通道【7】开始测试
19:53:22.140 | RRCC测试通道【8】开始测试
19:53:23.250 | RRCC测试结束:10.2秒
19:53:35.750 | RRCC开始启动测试
19:53:36.015 | RRCC测试通道【1】开始测试
19:54:36.500 | RRCC测试通道【2】开始测试
19:54:37.765 | RRCC测试通道【3】开始测试
19:54:39.015 | RRCC测试通道【4】开始测试
19:54:40.281 | RRCC测试通道【5】开始测试
19:54:41.562 | RRCC测试通道【6】开始测试
19:54:42.828 | RRCC测试通道【7】开始测试
19:54:44.093 | RRCC测试通道【8】开始测试
19:54:45.203 | RRCC测试结束:69.4秒
19:54:47.203 | RRCC开始启动测试
19:54:47.468 | RRCC测试通道【1】开始测试
19:54:48.734 | RRCC测试通道【2】开始测试
19:54:50.015 | RRCC测试通道【3】开始测试
19:54:51.281 | RRCC测试通道【4】开始测试
19:54:52.546 | RRCC测试通道【5】开始测试
19:54:53.812 | RRCC测试通道【6】开始测试
19:54:55.078 | RRCC测试通道【7】开始测试
19:54:56.343 | RRCC测试通道【8】开始测试
19:54:57.468 | RRCC测试结束:10.3秒
19:55:01.250 | RRCC开始启动测试
19:55:01.515 | RRCC测试通道【1】开始测试
19:55:02.781 | RRCC测试通道【2】开始测试
19:55:04.062 | RRCC测试通道【3】开始测试
19:55:05.328 | RRCC测试通道【4】开始测试
19:55:06.593 | RRCC测试通道【5】开始测试
19:55:07.859 | RRCC测试通道【6】开始测试
19:55:09.125 | RRCC测试通道【7】开始测试
19:55:10.390 | RRCC测试通道【8】开始测试
19:55:11.500 | RRCC测试结束:10.2秒
19:55:14.187 | RRCC开始启动测试
19:55:14.453 | RRCC测试通道【1】开始测试
19:55:15.718 | RRCC测试通道【2】开始测试
19:55:16.968 | RRCC测试通道【3】开始测试
19:55:18.218 | RRCC测试通道【4】开始测试
19:55:19.468 | RRCC测试通道【5】开始测试
19:55:20.734 | RRCC测试通道【6】开始测试
19:55:21.984 | RRCC测试通道【7】开始测试
19:55:23.234 | RRCC测试通道【8】开始测试
19:55:24.343 | RRCC测试结束:10.1秒
19:55:41.656 | RRCC开始启动测试
19:55:41.921 | RRCC测试通道【1】开始测试
19:55:43.187 | RRCC测试通道【2】开始测试
19:55:44.468 | RRCC测试通道【3】开始测试
19:55:45.765 | RRCC测试通道【4】开始测试
19:55:47.031 | RRCC测试通道【5】开始测试
19:55:48.312 | RRCC测试通道【6】开始测试
19:55:49.578 | RRCC测试通道【7】开始测试
19:55:50.843 | RRCC测试通道【8】开始测试
19:55:51.953 | RRCC测试结束:10.3秒
19:55:56.093 | RRCC开始启动测试
19:55:56.375 | RRCC测试通道【1】开始测试
19:55:57.640 | RRCC测试通道【2】开始测试
19:55:58.906 | RRCC测试通道【3】开始测试
19:56:00.171 | RRCC测试通道【4】开始测试
19:56:01.453 | RRCC测试通道【5】开始测试
19:56:02.718 | RRCC测试通道【6】开始测试
19:56:03.984 | RRCC测试通道【7】开始测试
19:56:05.265 | RRCC测试通道【8】开始测试
19:56:06.375 | RRCC测试结束:10.3秒
19:56:09.796 | RRCC开始启动测试
19:56:10.062 | RRCC测试通道【1】开始测试
19:56:11.328 | RRCC测试通道【2】开始测试
19:56:12.609 | RRCC测试通道【3】开始测试
19:56:13.890 | RRCC测试通道【4】开始测试
19:56:15.156 | RRCC测试通道【5】开始测试
19:56:16.421 | RRCC测试通道【6】开始测试
19:56:17.687 | RRCC测试通道【7】开始测试
19:56:18.953 | RRCC测试通道【8】开始测试
19:56:20.062 | RRCC测试结束:10.3秒
19:58:09.328 | 成功打开Chroma电子负载,初始化Chroma电子负载
19:58:09.359 | 成功控制IO板串口,检测控制IO板通信正常.
19:58:09.484 | 成功控制IO板串口,检测控制IO板通信正常.
19:58:09.500 | RRCC开始启动测试
19:58:09.781 | RRCC测试通道【1】开始测试
19:58:11.046 | RRCC测试通道【2】开始测试
19:58:12.328 | RRCC测试通道【3】开始测试
19:58:13.593 | RRCC测试通道【4】开始测试
19:58:14.875 | RRCC测试通道【5】开始测试
19:58:16.156 | RRCC测试通道【6】开始测试
19:58:17.421 | RRCC测试通道【7】开始测试
19:58:18.687 | RRCC测试通道【8】开始测试
19:58:19.796 | RRCC测试结束:10.3秒
