16:25:26.437 | 成功打开Chroma ID电子负载,初始化Chroma ID电子负载成功
16:25:26.562 | 成功控制IO板串口,检测控制IO板通信正常.
16:25:27.593 | 设置负载参数成功
16:25:28.609 | 设置负载参数成功
16:25:28.625 | <Chroma仪器1>开始启动测试
16:25:28.765 | <Chroma仪器1>测试通道【1】开始测试
16:25:29.843 | 加载Chroma参数[1]失败:[设置负载参数成功]
16:25:30.968 | 加载Chroma参数[1]失败:[设置负载参数成功]
16:25:30.984 | <Chroma仪器1>设置Chroma负载参数1错误:设置负载参数成功
16:25:31.000 | <Chroma仪器1>测试结束:2.3秒
16:30:51.468 | 成功打开Chroma ID电子负载,初始化Chroma ID电子负载成功
16:30:52.484 | 设置负载参数成功
16:30:53.500 | 设置负载参数成功
16:30:53.515 | <Chroma仪器1>开始启动测试
16:30:53.640 | <Chroma仪器1>测试通道【1】开始测试
16:39:36.875 | 成功打开Chroma ID电子负载,初始化Chroma ID电子负载成功
16:39:38.062 | 成功控制IO板串口,检测控制IO板通信正常.
16:39:39.078 | 设置负载参数成功
16:39:39.093 | <Chroma仪器1>开始启动测试
16:39:39.218 | <Chroma仪器1>测试通道【1】开始测试
16:39:46.500 | 成功加载Chroma参数[1].
16:40:48.156 | 成功加载Chroma参数[1].
16:40:55.906 | 成功加载Chroma参数[1].
16:41:00.203 | <Chroma仪器1>测试通道【2】开始测试
16:41:01.406 | 成功加载Chroma参数[1].
16:41:04.859 | 成功加载Chroma参数[1].
16:41:08.312 | 成功加载Chroma参数[1].
16:41:10.687 | <Chroma仪器1>测试结束:91.6秒
16:41:45.750 | 关闭控制IO板串口
