18:13:24.311 | 初始化高压机失败:接收数据超时:
18:13:47.722 | 成功打开高压机,初始化高压机
18:13:49.052 | 成功控制IO板串口,检测控制IO板通信正常.
18:13:49.067 | 开始加载HIPOT参数[DEMO],请稍等..
18:13:50.692 | 成功加载HIPOT参数[DEMO].
18:13:50.755 | <HP仪器1>开始启动测试
18:13:52.249 | <HP仪器1>测试通道【1】开始测试
18:13:55.731 | <HP仪器1>测试通道【2】开始测试
18:13:59.199 | <HP仪器1>测试通道【3】开始测试
18:14:02.584 | <HP仪器1>测试通道【4】开始测试
18:14:05.959 | <HP仪器1>测试通道【5】开始测试
18:14:09.421 | <HP仪器1>测试通道【6】开始测试
18:14:12.868 | <HP仪器1>测试通道【7】开始测试
18:14:16.243 | <HP仪器1>测试通道【8】开始测试
18:14:17.855 | <HP仪器1>测试结束:27.1秒
18:14:25.232 | 关闭高压机串口
18:14:25.263 | 关闭控制IO板串口
18:54:54.482 | 初始化Chroma电子负载失败:接收数据超时:
18:55:32.309 | 初始化Chroma电子负载失败:接收数据超时:
18:55:40.615 | 初始化Chroma电子负载失败:接收数据超时:
18:58:37.441 | 初始化Chroma电子负载失败:接收数据超时:
19:03:02.120 | 初始化高压机失败:接收数据超时:
19:03:08.494 | 初始化高压机失败:接收数据超时:
19:03:39.197 | 初始化高压机失败:接收数据超时:
19:03:58.977 | 初始化高压机失败:接收数据超时:
19:04:53.464 | 初始化高压机失败:接收数据超时:
19:37:51.079 | 初始化RRCC失败:接收数据超时:
19:42:14.602 | 成功打开RRCC,初始化RRCC成功
19:42:15.858 | 连接控制IO板失败:接收数据超时
19:42:15.960 | 成功控制IO板串口,检测控制IO板通信正常.
19:42:16.085 | 成功控制IO板串口,检测控制IO板通信正常.
19:42:16.138 | RRCC开始启动测试
19:42:16.498 | RRCC测试通道【1】开始测试
19:42:19.576 | RRCC测试通道【2】开始测试
19:42:22.629 | RRCC测试通道【3】开始测试
19:42:25.692 | RRCC测试通道【4】开始测试
19:42:28.749 | RRCC测试通道【5】开始测试
19:42:31.811 | RRCC测试通道【6】开始测试
19:42:34.889 | RRCC测试通道【7】开始测试
19:42:37.942 | RRCC测试通道【8】开始测试
19:42:40.858 | RRCC测试结束:24.7秒
20:11:27.097 | 成功打开Chroma开机电子负载,初始化Chroma开机电子负载成功
20:11:28.409 | 连接控制IO板失败:接收数据超时
20:11:31.253 | 连接控制IO板失败:接收数据超时
20:12:01.234 | 连接控制IO板失败:接收数据超时
20:16:12.275 | 成功打开Chroma开机电子负载,初始化Chroma开机电子负载成功
20:17:18.446 | 成功控制IO板串口,检测控制IO板通信正常.
