10:21:26.368 | 初始化RRCC失败:接收数据超时:
10:21:45.162 | 初始化RRCC失败:接收数据超时:
10:21:48.523 | 初始化RRCC失败:接收数据超时:
10:21:51.931 | 初始化RRCC失败:接收数据超时:
10:21:55.305 | 初始化RRCC失败:接收数据超时:
10:22:46.375 | 成功打开RRCC,初始化RRCC成功
10:22:46.429 | 成功控制IO板串口,检测控制IO板通信正常.
10:22:46.563 | 成功控制IO板串口,检测控制IO板通信正常.
10:22:46.621 | RRCC开始启动测试
10:22:46.902 | RRCC测试通道【1】开始测试
10:22:49.834 | RRCC测试通道【2】开始测试
10:22:52.763 | RRCC测试通道【3】开始测试
10:22:55.646 | RRCC测试通道【4】开始测试
10:22:58.568 | RRCC测试通道【5】开始测试
10:23:01.468 | RRCC测试通道【6】开始测试
10:23:04.368 | RRCC测试通道【7】开始测试
10:23:07.281 | RRCC测试通道【8】开始测试
10:23:10.110 | RRCC测试结束:23.5秒
10:23:17.174 | RRCC开始启动测试
10:23:17.430 | RRCC测试通道【1】开始测试
10:23:20.344 | RRCC测试通道【2】开始测试
10:23:23.239 | RRCC测试通道【3】开始测试
10:23:26.134 | RRCC测试通道【4】开始测试
10:23:29.034 | RRCC测试通道【5】开始测试
10:23:31.931 | RRCC测试通道【6】开始测试
10:23:34.825 | RRCC测试通道【7】开始测试
10:23:37.726 | RRCC测试通道【8】开始测试
10:23:40.541 | RRCC测试结束:23.3秒
