13:41:47.973 | 初始化Chroma电子负载失败:接收数据超时:
13:42:34.582 | 成功打开Chroma开机电子负载,初始化Chroma开机电子负载成功
13:42:34.676 | 成功控制IO板串口,检测控制IO板通信正常.
13:42:34.723 | 成功连接到PLC主机
13:42:34.786 | <Chroma仪器1>开始启动测试
13:42:34.957 | <Chroma仪器1>测试通道【1】开始测试
13:42:36.076 | 成功加载Chroma负载参数[90W]
13:42:42.967 | <Chroma仪器1>测试通道【2】开始测试
13:42:51.702 | <Chroma仪器1>测试结束:16.9秒
13:43:49.324 | 成功打开Chroma开机电子负载,初始化Chroma开机电子负载成功
13:43:49.438 | <Chroma仪器1>开始启动测试
13:43:49.626 | <Chroma仪器1>测试通道【1】开始测试
13:43:50.751 | 成功加载Chroma负载参数[90W]
13:47:01.162 | <Chroma仪器1>测试通道【2】开始测试
13:47:38.124 | <Chroma仪器1>测试结束:228.6秒
13:47:39.499 | 成功打开Chroma开机电子负载,初始化Chroma开机电子负载成功
13:47:39.624 | <Chroma仪器1>开始启动测试
13:47:39.796 | <Chroma仪器1>测试通道【1】开始测试
13:47:40.905 | 成功加载Chroma负载参数[90W]
13:56:26.937 | <Chroma仪器1>测试通道【2】开始测试
13:56:35.940 | <Chroma仪器1>测试结束:536.3秒
13:56:41.159 | 成功打开Chroma开机电子负载,初始化Chroma开机电子负载成功
13:56:41.269 | <Chroma仪器1>开始启动测试
13:56:41.456 | <Chroma仪器1>测试通道【1】开始测试
13:56:42.566 | 成功加载Chroma负载参数[90W]
13:56:49.612 | <Chroma仪器1>测试通道【2】开始测试
13:56:58.628 | <Chroma仪器1>测试结束:17.3秒
14:04:15.293 | 成功打开Chroma开机电子负载,初始化Chroma开机电子负载成功
14:04:15.387 | 成功控制IO板串口,检测控制IO板通信正常.
14:04:15.433 | 成功连接到PLC主机
14:04:15.496 | <Chroma仪器1>开始启动测试
14:04:15.668 | <Chroma仪器1>测试通道【1】开始测试
14:04:16.777 | 成功加载Chroma负载参数[90W]
14:07:52.598 | 成功打开Chroma开机电子负载,初始化Chroma开机电子负载成功
14:07:52.691 | 成功控制IO板串口,检测控制IO板通信正常.
14:07:52.723 | 成功连接到PLC主机
14:07:52.801 | <Chroma仪器1>开始启动测试
14:07:53.051 | <Chroma仪器1>测试通道【1】开始测试
14:07:54.129 | 成功加载Chroma负载参数[90W]
14:08:06.582 | <Chroma仪器1>测试通道【2】开始测试
14:08:16.316 | <Chroma仪器1>测试结束:23.5秒
14:08:21.706 | 成功打开Chroma开机电子负载,初始化Chroma开机电子负载成功
14:08:21.831 | <Chroma仪器1>开始启动测试
14:08:22.097 | <Chroma仪器1>测试通道【1】开始测试
14:08:23.206 | 成功加载Chroma负载参数[90W]
14:08:31.065 | <Chroma仪器1>测试通道【2】开始测试
14:08:40.831 | <Chroma仪器1>测试结束:19.0秒
14:15:53.883 | 成功打开Chroma开机电子负载,初始化Chroma开机电子负载成功
14:15:54.008 | <Chroma仪器1>开始启动测试
14:15:54.258 | <Chroma仪器1>测试通道【1】开始测试
14:15:55.351 | 成功加载Chroma负载参数[90W]
14:16:03.164 | <Chroma仪器1>测试通道【2】开始测试
14:16:12.929 | <Chroma仪器1>测试结束:18.9秒
14:16:56.612 | 成功打开Chroma开机电子负载,初始化Chroma开机电子负载成功
14:16:56.737 | <Chroma仪器1>开始启动测试
14:16:56.988 | <Chroma仪器1>测试通道【1】开始测试
14:16:58.050 | 成功加载Chroma负载参数[90W]
14:17:05.940 | <Chroma仪器1>测试通道【2】开始测试
14:17:15.672 | <Chroma仪器1>测试结束:18.9秒
14:18:24.137 | 成功打开Chroma开机电子负载,初始化Chroma开机电子负载成功
14:18:24.246 | <Chroma仪器1>开始启动测试
14:18:24.496 | <Chroma仪器1>测试通道【1】开始测试
14:18:25.621 | 成功加载Chroma负载参数[90W]
14:18:33.496 | <Chroma仪器1>测试通道【2】开始测试
14:18:43.262 | <Chroma仪器1>测试结束:19.0秒
14:24:17.884 | 成功打开Chroma开机电子负载,初始化Chroma开机电子负载成功
14:24:18.009 | <Chroma仪器1>开始启动测试
14:24:18.259 | <Chroma仪器1>测试通道【1】开始测试
14:24:19.353 | 成功加载Chroma负载参数[90W]
14:24:27.197 | <Chroma仪器1>测试通道【2】开始测试
14:24:36.962 | <Chroma仪器1>测试结束:18.9秒
14:31:06.077 | 成功打开Chroma开机电子负载,初始化Chroma开机电子负载成功
14:31:06.202 | <Chroma仪器1>开始启动测试
14:31:06.452 | <Chroma仪器1>测试通道【1】开始测试
14:31:07.577 | 成功加载Chroma负载参数[90W]
14:31:15.483 | <Chroma仪器1>测试通道【2】开始测试
14:31:25.264 | <Chroma仪器1>测试结束:19.0秒
14:33:29.149 | 成功打开Chroma开机电子负载,初始化Chroma开机电子负载成功
14:33:29.274 | <Chroma仪器1>开始启动测试
14:33:29.524 | <Chroma仪器1>测试通道【1】开始测试
14:33:30.617 | 成功加载Chroma负载参数[90W]
14:33:38.508 | <Chroma仪器1>测试通道【2】开始测试
14:33:48.258 | <Chroma仪器1>测试结束:19.0秒
14:34:04.889 | 成功打开Chroma开机电子负载,初始化Chroma开机电子负载成功
14:34:05.014 | <Chroma仪器1>开始启动测试
14:34:05.264 | <Chroma仪器1>测试通道【1】开始测试
14:34:06.358 | 成功加载Chroma负载参数[90W]
14:34:14.186 | <Chroma仪器1>测试通道【2】开始测试
14:34:23.936 | <Chroma仪器1>测试结束:18.9秒
14:36:55.766 | 成功打开Chroma开机电子负载,初始化Chroma开机电子负载成功
14:36:55.844 | 成功控制IO板串口,检测控制IO板通信正常.
14:37:16.969 | 连接PLC通信失败:无法连接服务器[192.168.3.100:502]:System.Net.Sockets.SocketException (0x80004005): 由于连接方在一段时间后没有正确答复或连接的主机没有反应，连接尝试失败。 192.168.3.100:502
   在 System.Net.Sockets.Socket.DoConnect(EndPoint endPointSnapshot, SocketAddress socketAddress)
   在 System.Net.Sockets.Socket.Connect(EndPoint remoteEP)
   在 GJ.Dev.COM.CTcpPort.open(String comName, String& er, String setting) 位置 E:\PD自动线\GJ_ATE\GJ.Dev\COM\CTcpPort.cs:行号 70
14:37:46.214 | 成功打开Chroma开机电子负载,初始化Chroma开机电子负载成功
14:37:46.308 | 成功控制IO板串口,检测控制IO板通信正常.
14:38:07.464 | 连接PLC通信失败:无法连接服务器[192.168.3.100:502]:System.Net.Sockets.SocketException (0x80004005): 由于连接方在一段时间后没有正确答复或连接的主机没有反应，连接尝试失败。 192.168.3.100:502
   在 System.Net.Sockets.Socket.DoConnect(EndPoint endPointSnapshot, SocketAddress socketAddress)
   在 System.Net.Sockets.Socket.Connect(EndPoint remoteEP)
   在 GJ.Dev.COM.CTcpPort.open(String comName, String& er, String setting) 位置 E:\PD自动线\GJ_ATE\GJ.Dev\COM\CTcpPort.cs:行号 70
14:38:46.468 | 成功打开Chroma开机电子负载,初始化Chroma开机电子负载成功
14:38:46.561 | 成功控制IO板串口,检测控制IO板通信正常.
14:40:08.278 | 成功打开Chroma开机电子负载,初始化Chroma开机电子负载成功
14:40:08.372 | 成功控制IO板串口,检测控制IO板通信正常.
14:40:08.434 | <Chroma仪器1>开始启动测试
14:40:08.700 | <Chroma仪器1>测试通道【1】开始测试
14:40:08.715 | 成功加载Chroma负载参数[90W]
14:40:17.543 | <Chroma仪器1>测试通道【2】开始测试
14:40:28.315 | <Chroma仪器1>测试结束:19.9秒
14:40:58.352 | 成功打开Chroma开机电子负载,初始化Chroma开机电子负载成功
14:40:58.461 | <Chroma仪器1>开始启动测试
14:40:58.711 | <Chroma仪器1>测试通道【1】开始测试
14:40:58.727 | 成功加载Chroma负载参数[90W]
14:41:07.648 | <Chroma仪器1>测试通道【2】开始测试
14:41:18.429 | <Chroma仪器1>测试结束:19.9秒
14:42:11.988 | 成功打开Chroma开机电子负载,初始化Chroma开机电子负载成功
14:42:12.113 | <Chroma仪器1>开始启动测试
14:42:12.394 | <Chroma仪器1>测试通道【1】开始测试
14:42:12.410 | 成功加载Chroma负载参数[90W]
14:42:21.363 | <Chroma仪器1>测试通道【2】开始测试
14:42:32.128 | <Chroma仪器1>测试结束:20.0秒
14:43:53.612 | 成功打开Chroma开机电子负载,初始化Chroma开机电子负载成功
14:43:53.727 | <Chroma仪器1>开始启动测试
14:43:53.993 | <Chroma仪器1>测试通道【1】开始测试
14:43:54.055 | 成功加载Chroma负载参数[90W]
14:44:02.993 | <Chroma仪器1>测试通道【2】开始测试
14:44:13.789 | <Chroma仪器1>测试结束:20.0秒
14:45:10.763 | 成功打开Chroma开机电子负载,初始化Chroma开机电子负载成功
14:45:10.888 | <Chroma仪器1>开始启动测试
14:45:11.154 | <Chroma仪器1>测试通道【1】开始测试
14:45:11.169 | 成功加载Chroma负载参数[90W]
14:45:20.013 | <Chroma仪器1>测试通道【2】开始测试
14:45:30.803 | <Chroma仪器1>测试结束:19.9秒
14:54:35.952 | 成功打开Chroma开机电子负载,初始化Chroma开机电子负载成功
14:54:36.061 | 成功控制IO板串口,检测控制IO板通信正常.
14:54:36.123 | <Chroma仪器1>开始启动测试
14:54:36.373 | <Chroma仪器1>测试通道【1】开始测试
14:54:36.389 | 成功加载Chroma负载参数[90W]
14:58:05.229 | 成功打开Chroma开机电子负载,初始化Chroma开机电子负载成功
14:58:05.323 | 成功控制IO板串口,检测控制IO板通信正常.
14:58:05.385 | <Chroma仪器1>开始启动测试
14:58:05.635 | <Chroma仪器1>测试通道【1】开始测试
14:58:05.651 | 成功加载Chroma负载参数[90W]
14:58:14.510 | <Chroma仪器1>测试通道【2】开始测试
14:58:25.236 | <Chroma仪器1>测试结束:19.8秒
15:00:32.532 | 成功打开Chroma开机电子负载,初始化Chroma开机电子负载成功
15:00:32.657 | <Chroma仪器1>开始启动测试
15:00:32.907 | <Chroma仪器1>测试通道【1】开始测试
15:00:32.938 | 成功加载Chroma负载参数[90W]
15:00:41.829 | <Chroma仪器1>测试通道【2】开始测试
15:00:52.594 | <Chroma仪器1>测试结束:19.9秒
15:01:11.181 | 成功打开Chroma开机电子负载,初始化Chroma开机电子负载成功
15:01:11.306 | <Chroma仪器1>开始启动测试
15:01:11.556 | <Chroma仪器1>测试通道【1】开始测试
15:01:11.572 | 成功加载Chroma负载参数[90W]
15:01:20.447 | <Chroma仪器1>测试通道【2】开始测试
15:01:31.290 | <Chroma仪器1>测试结束:20.0秒
15:03:53.799 | 成功打开Chroma开机电子负载,初始化Chroma开机电子负载成功
15:03:53.924 | <Chroma仪器1>开始启动测试
15:03:54.174 | <Chroma仪器1>测试通道【1】开始测试
15:03:54.190 | 成功加载Chroma负载参数[90W]
15:04:03.065 | <Chroma仪器1>测试通道【2】开始测试
15:04:13.862 | <Chroma仪器1>测试结束:19.9秒
15:07:25.083 | 成功打开Chroma开机电子负载,初始化Chroma开机电子负载成功
15:07:25.208 | <Chroma仪器1>开始启动测试
15:07:25.474 | <Chroma仪器1>测试通道【1】开始测试
15:07:25.490 | 成功加载Chroma负载参数[90W]
15:07:34.349 | <Chroma仪器1>测试通道【2】开始测试
15:07:45.067 | <Chroma仪器1>测试结束:19.8秒
15:08:48.872 | 成功打开Chroma开机电子负载,初始化Chroma开机电子负载成功
15:08:48.981 | <Chroma仪器1>开始启动测试
15:08:49.231 | <Chroma仪器1>测试通道【1】开始测试
15:08:49.263 | 成功加载Chroma负载参数[90W]
15:08:58.122 | <Chroma仪器1>测试通道【2】开始测试
15:09:08.859 | <Chroma仪器1>测试结束:19.9秒
15:09:47.902 | 成功打开Chroma开机电子负载,初始化Chroma开机电子负载成功
15:09:48.027 | <Chroma仪器1>开始启动测试
15:09:48.277 | <Chroma仪器1>测试通道【1】开始测试
15:09:48.293 | 成功加载Chroma负载参数[90W]
15:09:57.154 | <Chroma仪器1>测试通道【2】开始测试
15:10:07.938 | <Chroma仪器1>测试结束:19.9秒
15:11:55.886 | 成功打开Chroma开机电子负载,初始化Chroma开机电子负载成功
15:11:56.011 | <Chroma仪器1>开始启动测试
15:11:56.277 | <Chroma仪器1>测试通道【1】开始测试
15:11:56.293 | 成功加载Chroma负载参数[90W]
15:12:05.199 | <Chroma仪器1>测试通道【2】开始测试
15:12:15.948 | <Chroma仪器1>测试结束:19.9秒
15:22:19.935 | 成功打开Chroma开机电子负载,初始化Chroma开机电子负载成功
15:22:20.060 | <Chroma仪器1>开始启动测试
15:22:20.326 | <Chroma仪器1>测试通道【1】开始测试
15:22:20.357 | 成功加载Chroma负载参数[90W]
15:22:29.216 | <Chroma仪器1>测试通道【2】开始测试
15:22:39.950 | <Chroma仪器1>测试结束:19.8秒
15:24:33.007 | 成功打开Chroma开机电子负载,初始化Chroma开机电子负载成功
15:24:33.116 | <Chroma仪器1>开始启动测试
15:24:33.382 | <Chroma仪器1>测试通道【1】开始测试
15:24:33.413 | 成功加载Chroma负载参数[90W]
15:24:56.819 | <Chroma仪器1>测试通道【2】开始测试
15:25:07.554 | <Chroma仪器1>测试结束:34.4秒
15:25:14.022 | 成功打开Chroma开机电子负载,初始化Chroma开机电子负载成功
15:25:14.147 | <Chroma仪器1>开始启动测试
15:25:14.397 | <Chroma仪器1>测试通道【1】开始测试
15:25:14.444 | 成功加载Chroma负载参数[90W]
15:25:23.319 | <Chroma仪器1>测试通道【2】开始测试
15:25:34.146 | <Chroma仪器1>测试结束:20.0秒
15:25:43.312 | 成功打开Chroma开机电子负载,初始化Chroma开机电子负载成功
15:25:43.421 | <Chroma仪器1>开始启动测试
15:25:43.687 | <Chroma仪器1>测试通道【1】开始测试
15:25:43.703 | 成功加载Chroma负载参数[90W]
15:25:52.577 | <Chroma仪器1>测试通道【2】开始测试
15:27:32.729 | 成功打开Chroma开机电子负载,初始化Chroma开机电子负载成功
15:27:32.838 | 成功控制IO板串口,检测控制IO板通信正常.
15:27:32.885 | <Chroma仪器1>开始启动测试
15:27:33.167 | <Chroma仪器1>测试通道【1】开始测试
15:27:33.182 | 成功加载Chroma负载参数[90W]
15:27:42.157 | <Chroma仪器1>测试通道【2】开始测试
15:27:52.985 | <Chroma仪器1>测试结束:20.1秒
15:31:57.955 | 成功打开Chroma开机电子负载,初始化Chroma开机电子负载成功
15:31:58.846 | 成功控制IO板串口,检测控制IO板通信正常.
15:31:58.908 | <Chroma仪器1>开始启动测试
15:31:59.158 | <Chroma仪器1>测试通道【1】开始测试
15:31:59.174 | 成功加载Chroma负载参数[90W]
15:32:08.189 | <Chroma仪器1>测试通道【2】开始测试
15:32:19.001 | <Chroma仪器1>测试结束:20.1秒
15:35:19.689 | 成功打开Chroma开机电子负载,初始化Chroma开机电子负载成功
15:35:19.814 | <Chroma仪器1>开始启动测试
15:35:20.064 | <Chroma仪器1>测试通道【1】开始测试
15:35:20.080 | 成功加载Chroma负载参数[90W]
15:35:29.070 | <Chroma仪器1>测试通道【2】开始测试
15:35:39.914 | <Chroma仪器1>测试结束:20.1秒
15:36:39.579 | 成功打开Chroma开机电子负载,初始化Chroma开机电子负载成功
15:36:39.689 | <Chroma仪器1>开始启动测试
15:36:39.954 | <Chroma仪器1>测试通道【1】开始测试
15:36:39.970 | 成功加载Chroma负载参数[90W]
15:36:48.907 | <Chroma仪器1>测试通道【2】开始测试
15:36:59.766 | <Chroma仪器1>测试结束:20.0秒
15:37:43.716 | 成功打开Chroma开机电子负载,初始化Chroma开机电子负载成功
15:37:43.841 | <Chroma仪器1>开始启动测试
15:37:44.091 | <Chroma仪器1>测试通道【1】开始测试
15:37:44.107 | 成功加载Chroma负载参数[90W]
15:37:53.061 | <Chroma仪器1>测试通道【2】开始测试
15:38:03.858 | <Chroma仪器1>测试结束:20.0秒
16:14:42.178 | 成功打开Chroma开机电子负载,初始化Chroma开机电子负载成功
16:14:42.287 | <Chroma仪器1>开始启动测试
16:14:42.537 | <Chroma仪器1>测试通道【1】开始测试
16:14:42.569 | 成功加载Chroma负载参数[90W]
16:14:51.490 | <Chroma仪器1>测试通道【2】开始测试
16:15:02.271 | <Chroma仪器1>测试结束:20.0秒
16:15:12.490 | 成功打开Chroma开机电子负载,初始化Chroma开机电子负载成功
16:15:12.615 | <Chroma仪器1>开始启动测试
16:15:12.880 | <Chroma仪器1>测试通道【1】开始测试
16:15:12.896 | 成功加载Chroma负载参数[90W]
16:15:21.849 | <Chroma仪器1>测试通道【2】开始测试
16:15:32.677 | <Chroma仪器1>测试结束:20.0秒
16:17:49.127 | 成功打开Chroma开机电子负载,初始化Chroma开机电子负载成功
16:17:49.252 | <Chroma仪器1>开始启动测试
16:18:05.198 | <Chroma仪器1>测试通道【1】开始测试
16:18:05.245 | 成功加载Chroma负载参数[90W]
16:18:14.168 | <Chroma仪器1>测试通道【2】开始测试
16:18:25.042 | <Chroma仪器1>测试结束:35.8秒
16:34:29.176 | 成功打开Chroma开机电子负载,初始化Chroma开机电子负载成功
16:34:29.270 | 成功控制IO板串口,检测控制IO板通信正常.
16:34:29.317 | <Chroma仪器1>开始启动测试
16:34:29.786 | <Chroma仪器1>测试通道【1】开始测试
16:34:29.801 | 成功加载Chroma负载参数[90W]
16:34:38.864 | <Chroma仪器1>测试通道【2】开始测试
16:34:49.749 | <Chroma仪器1>测试结束:20.2秒
16:35:11.386 | 关闭控制IO板串口
16:35:54.652 | 成功打开Chroma开机电子负载,初始化Chroma开机电子负载成功
16:35:54.746 | 成功控制IO板串口,检测控制IO板通信正常.
16:35:54.824 | <Chroma仪器1>开始启动测试
16:35:55.074 | <Chroma仪器1>测试通道【1】开始测试
16:35:55.089 | 成功加载Chroma负载参数[90W]
16:36:04.167 | <Chroma仪器1>测试通道【2】开始测试
16:36:15.015 | <Chroma仪器1>测试结束:20.2秒
16:42:18.567 | 成功打开Chroma开机电子负载,初始化Chroma开机电子负载成功
16:42:18.676 | 成功控制IO板串口,检测控制IO板通信正常.
16:42:18.739 | <Chroma仪器1>开始启动测试
16:42:18.989 | <Chroma仪器1>测试通道【1】开始测试
16:42:19.020 | 成功加载Chroma负载参数[90W]
16:47:10.830 | <Chroma仪器1>测试通道【1】开始测试
16:47:10.846 | 成功加载Chroma负载参数[90W]
16:48:23.273 | <Chroma仪器1>测试通道【1】开始测试
16:48:23.288 | 成功加载Chroma负载参数[90W]
16:50:02.512 | <Chroma仪器1>测试通道【1】开始测试
16:50:02.528 | 成功加载Chroma负载参数[90W]
16:56:11.123 | <Chroma仪器1>测试通道【1】开始测试
16:56:11.155 | 成功加载Chroma负载参数[90W]
16:56:53.407 | <Chroma仪器1>测试通道【1】开始测试
16:56:53.423 | 成功加载Chroma负载参数[90W]
16:58:58.689 | <Chroma仪器1>测试通道【1】开始测试
16:58:58.705 | 成功加载Chroma负载参数[90W]
17:00:59.328 | <Chroma仪器1>测试通道【1】开始测试
17:00:59.344 | 成功加载Chroma负载参数[90W]
17:04:31.955 | <Chroma仪器1>测试通道【1】开始测试
17:04:31.971 | 成功加载Chroma负载参数[90W]
17:09:16.601 | 成功打开Chroma开机电子负载,初始化Chroma开机电子负载成功
17:09:16.695 | 成功控制IO板串口,检测控制IO板通信正常.
17:09:16.757 | <Chroma仪器1>开始启动测试
17:09:16.992 | <Chroma仪器1>测试通道【1】开始测试
17:09:17.023 | 成功加载Chroma负载参数[90W]
17:12:31.002 | 成功打开Chroma开机电子负载,初始化Chroma开机电子负载成功
17:12:31.111 | 成功控制IO板串口,检测控制IO板通信正常.
17:12:31.158 | <Chroma仪器1>开始启动测试
17:12:31.408 | <Chroma仪器1>测试通道【1】开始测试
17:12:31.439 | 成功加载Chroma负载参数[90W]
17:25:42.315 | <Chroma仪器1>测试通道【1】开始测试
17:25:42.330 | 成功加载Chroma负载参数[90W]
18:45:52.262 | 成功打开Chroma开机电子负载,初始化Chroma开机电子负载成功
18:45:52.606 | 成功控制IO板串口,检测控制IO板通信正常.
18:45:52.668 | <Chroma仪器1>开始启动测试
18:45:52.912 | <Chroma仪器1>测试通道【1】开始测试
18:45:52.928 | 成功加载Chroma负载参数[90W]
19:19:15.281 | 成功打开Chroma开机电子负载,初始化Chroma开机电子负载成功
19:19:16.062 | 成功控制IO板串口,检测控制IO板通信正常.
19:19:16.109 | <Chroma仪器1>开始启动测试
19:19:16.359 | <Chroma仪器1>测试通道【1】开始测试
19:19:16.390 | 成功加载Chroma负载参数[90W]
19:20:17.670 | 成功打开Chroma开机电子负载,初始化Chroma开机电子负载成功
19:20:17.764 | 成功控制IO板串口,检测控制IO板通信正常.
19:20:17.811 | <Chroma仪器1>开始启动测试
19:20:18.076 | <Chroma仪器1>测试通道【1】开始测试
19:20:18.107 | 成功加载Chroma负载参数[90W]
19:56:27.952 | 成功打开Chroma开机电子负载,初始化Chroma开机电子负载成功
19:56:28.045 | 成功控制IO板串口,检测控制IO板通信正常.
19:56:28.092 | <Chroma仪器1>开始启动测试
19:56:28.342 | <Chroma仪器1>测试通道【1】开始测试
19:56:28.374 | 成功加载Chroma负载参数[90W]
20:46:03.217 | 成功打开Chroma开机电子负载,初始化Chroma开机电子负载成功
20:46:03.295 | 成功控制IO板串口,检测控制IO板通信正常.
20:46:03.357 | <Chroma仪器1>开始启动测试
20:46:03.607 | <Chroma仪器1>测试通道【1】开始测试
20:46:03.639 | 成功加载Chroma负载参数[90W]
