10:28:36.578 | 打开串口COM2失败:System.UnauthorizedAccessException: 对端口“COM2”的访问被拒绝。
   在 System.IO.Ports.InternalResources.WinIOError(Int32 errorCode, String str)
   在 System.IO.Ports.SerialStream..ctor(String portName, Int32 baudRate, Parity parity, Int32 dataBits, StopBits stopBits, Int32 readTimeout, Int32 writeTimeout, Handshake handshake, Boolean dtrEnable, Boolean rtsEnable, Boolean discardNull, Byte parityReplace)
   在 System.IO.Ports.SerialPort.Open()
   在 GJ.Dev.COM.CSerialPort.open(String comName, String& er, String setting) 位置 F:\群光后段自动线\GJ_ATE\GJ.Dev\COM\CSerialPort.cs:行号 121
10:28:51.484 | 成功打开串口COM2
10:28:51.562 | 成功打开串口COM3
10:28:51.593 | RelayTest 开始启动测试
10:28:51.890 | 启动RelayTest开始测试
10:30:00.109 | RelayTest完成！
10:30:00.437 | RelayTest测试结束
10:30:16.937 | RelayTest 开始启动测试
10:30:17.250 | 启动RelayTest开始测试
10:30:32.593 | RelayTest完成！
10:30:32.906 | RelayTest测试结束
10:31:06.062 | RelayTest 开始启动测试
10:31:06.359 | 启动RelayTest开始测试
10:32:53.562 | RelayTest完成！
10:32:53.890 | RelayTest测试结束
10:32:55.312 | RelayTest 开始启动测试
10:32:55.609 | 启动RelayTest开始测试
10:33:16.968 | RelayTest完成！
10:33:17.296 | RelayTest测试结束
10:33:20.171 | RelayTest 开始启动测试
10:33:20.468 | 启动RelayTest开始测试
10:33:37.890 | RelayTest完成！
10:33:38.218 | RelayTest测试结束
10:34:27.171 | RelayTest 开始启动测试
10:34:27.468 | 启动RelayTest开始测试
11:19:46.921 | 成功打开串口COM2
11:19:47.000 | 成功打开串口COM3
11:19:47.031 | RelayTest 开始启动测试
11:19:47.328 | 启动RelayTest开始测试
11:20:13.843 | RelayTest完成！
11:20:14.156 | RelayTest测试结束
11:20:55.046 | RelayTest 开始启动测试
11:20:55.343 | 启动RelayTest开始测试
11:21:12.781 | RelayTest完成！
11:21:13.093 | RelayTest测试结束
11:26:13.359 | 成功打开串口COM2
11:26:13.437 | 成功打开串口COM3
11:26:13.453 | RelayTest 开始启动测试
11:26:13.765 | 启动RelayTest开始测试
11:26:13.953 | RelayTestSystem.IndexOutOfRangeException: 索引超出了数组界限。
   在 GJ.Para.ATE.udcRun.RelayTestWorker_DoWork(Object sender, DoWorkEventArgs e) 位置 F:\群光后段自动线\GJ_ATE\GJ.Para\ATE\udcRun.cs:行号 2063
11:26:13.968 | RelayTest测试结束
11:27:11.812 | 成功打开串口COM2
11:27:11.890 | 成功打开串口COM3
11:27:11.906 | RelayTest 开始启动测试
11:27:12.218 | 启动RelayTest开始测试
11:27:29.656 | RelayTest完成！
11:27:29.968 | RelayTest测试结束
11:28:41.421 | 成功打开串口COM2
11:28:41.500 | 成功打开串口COM3
11:28:41.515 | RelayTest 开始启动测试
11:28:41.828 | 启动RelayTest开始测试
11:28:59.265 | RelayTest完成！
11:28:59.671 | RelayTest测试结束
11:29:01.765 | RelayTest 开始启动测试
11:29:02.062 | 启动RelayTest开始测试
11:29:19.484 | RelayTest完成！
11:29:19.812 | RelayTest测试结束
11:29:41.937 | RelayTest 开始启动测试
11:29:42.234 | 启动RelayTest开始测试
11:29:59.656 | RelayTest完成！
11:29:59.984 | RelayTest测试结束
11:30:16.312 | RelayTest 开始启动测试
11:30:16.609 | 启动RelayTest开始测试
11:30:34.015 | RelayTest完成！
11:30:34.343 | RelayTest测试结束
11:30:54.843 | RelayTest 开始启动测试
11:30:55.140 | 启动RelayTest开始测试
11:31:12.546 | RelayTest完成！
11:31:12.859 | RelayTest测试结束
11:31:52.531 | RelayTest 开始启动测试
11:31:52.828 | 启动RelayTest开始测试
11:32:10.265 | RelayTest完成！
11:32:10.578 | RelayTest测试结束
11:32:23.500 | RelayTest 开始启动测试
11:32:23.796 | 启动RelayTest开始测试
11:32:33.203 | RelayTest完成！
11:32:33.515 | RelayTest测试结束
11:32:37.515 | RelayTest 开始启动测试
11:32:37.828 | 启动RelayTest开始测试
11:32:47.250 | RelayTest完成！
11:32:47.578 | RelayTest测试结束
11:33:03.453 | RelayTest 开始启动测试
11:33:03.765 | 启动RelayTest开始测试
11:33:17.187 | RelayTest完成！
11:33:17.515 | RelayTest测试结束
11:33:38.984 | RelayTest 开始启动测试
11:33:39.296 | 启动RelayTest开始测试
11:33:52.687 | RelayTest完成！
11:33:53.015 | RelayTest测试结束
11:34:10.812 | RelayTest 开始启动测试
11:34:11.109 | 启动RelayTest开始测试
11:34:24.515 | RelayTest完成！
11:34:24.843 | RelayTest测试结束
11:34:37.187 | RelayTest 开始启动测试
11:34:37.484 | 启动RelayTest开始测试
11:34:50.906 | RelayTest完成！
11:34:51.234 | RelayTest测试结束
11:35:13.484 | RelayTest 开始启动测试
11:35:13.781 | 启动RelayTest开始测试
11:35:27.203 | RelayTest完成！
11:35:27.531 | RelayTest测试结束
11:35:40.359 | RelayTest 开始启动测试
11:35:40.656 | 启动RelayTest开始测试
11:35:54.078 | RelayTest完成！
11:35:54.406 | RelayTest测试结束
11:36:03.390 | RelayTest 开始启动测试
11:36:03.687 | 启动RelayTest开始测试
11:36:17.109 | RelayTest完成！
11:36:17.437 | RelayTest测试结束
11:36:25.406 | RelayTest 开始启动测试
11:36:25.718 | 启动RelayTest开始测试
11:36:39.125 | RelayTest完成！
11:36:39.453 | RelayTest测试结束
11:36:44.593 | RelayTest 开始启动测试
11:36:44.890 | 启动RelayTest开始测试
11:36:58.312 | RelayTest完成！
11:36:58.640 | RelayTest测试结束
11:37:34.296 | RelayTest 开始启动测试
11:37:34.593 | 启动RelayTest开始测试
11:37:47.968 | RelayTest完成！
11:37:48.296 | RelayTest测试结束
11:40:02.796 | RelayTest 开始启动测试
11:40:03.093 | 启动RelayTest开始测试
11:40:16.515 | RelayTest完成！
11:40:16.843 | RelayTest测试结束
11:40:28.546 | RelayTest 开始启动测试
11:40:28.859 | 启动RelayTest开始测试
11:40:42.296 | RelayTest完成！
11:40:42.625 | RelayTest测试结束
11:41:18.250 | 关闭串口COM2
11:41:18.281 | 关闭串口COM3
11:48:13.328 | 成功打开串口COM2
11:48:13.453 | 成功打开串口COM3
11:48:13.468 | RelayTest 开始启动测试
11:48:13.781 | 启动RelayTest开始测试
11:48:27.218 | RelayTest完成！
11:48:27.531 | RelayTest测试结束
11:49:31.484 | 成功打开串口COM2
11:49:31.593 | 成功打开串口COM3
11:49:31.609 | RelayTest 开始启动测试
11:49:31.921 | 启动RelayTest开始测试
11:49:45.359 | RelayTest完成！
11:49:45.671 | RelayTest测试结束
11:49:52.015 | 关闭串口COM2
11:49:52.046 | 关闭串口COM3
11:53:19.250 | 成功打开串口COM2
11:53:19.406 | 成功打开串口COM3
11:53:19.421 | RelayTest 开始启动测试
11:53:19.765 | 启动RelayTest开始测试
11:53:33.187 | RelayTest完成！
11:53:45.828 | RelayTest测试结束
11:53:48.453 | RelayTest 开始启动测试
11:53:48.765 | 启动RelayTest开始测试
11:54:02.187 | RelayTest完成！
11:54:02.500 | RelayTest测试结束
11:54:07.328 | 关闭串口COM2
11:54:07.359 | 关闭串口COM3
