09:49:25.000 | 成功打开Chroma ID电子负载,初始化Chroma ID电子负载成功
09:49:25.109 | 成功控制IO板串口,检测控制IO板通信正常.
09:49:26.078 | 设置负载参数成功
09:49:26.093 | <Chroma仪器1>开始启动测试
09:49:26.218 | <Chroma仪器1>测试通道【1】开始测试
09:49:27.406 | 成功加载Chroma负载参数[A45R07DHHW01]步骤1
09:49:30.843 | 成功加载Chroma负载参数[A45R07DHHW01]步骤2
09:49:35.265 | <Chroma仪器1>测试通道【2】开始测试
09:49:36.437 | 成功加载Chroma负载参数[A45R07DHHW01]步骤1
09:49:39.859 | 成功加载Chroma负载参数[A45R07DHHW01]步骤2
09:49:42.187 | <Chroma仪器1>测试结束:16.1秒
09:50:33.343 | 成功打开Chroma ID电子负载,初始化Chroma ID电子负载成功
09:50:34.296 | 设置负载参数成功
09:50:34.343 | <Chroma仪器1>开始启动测试
09:50:34.468 | <Chroma仪器1>测试通道【1】开始测试
09:50:35.640 | 成功加载Chroma负载参数[A45R07DHHW01]步骤1
09:50:39.078 | 成功加载Chroma负载参数[A45R07DHHW01]步骤2
09:50:43.437 | <Chroma仪器1>测试通道【2】开始测试
09:50:44.609 | 成功加载Chroma负载参数[A45R07DHHW01]步骤1
09:50:48.093 | 成功加载Chroma负载参数[A45R07DHHW01]步骤2
09:50:50.437 | <Chroma仪器1>测试结束:16.1秒
09:51:02.781 | 成功打开Chroma ID电子负载,初始化Chroma ID电子负载成功
09:51:03.734 | 设置负载参数成功
09:51:03.781 | <Chroma仪器1>开始启动测试
09:51:03.906 | <Chroma仪器1>测试通道【1】开始测试
09:51:05.093 | 成功加载Chroma负载参数[A45R07DHHW01]步骤1
09:51:08.500 | 成功加载Chroma负载参数[A45R07DHHW01]步骤2
09:51:12.843 | <Chroma仪器1>测试通道【2】开始测试
09:51:14.015 | 成功加载Chroma负载参数[A45R07DHHW01]步骤1
09:51:17.437 | 成功加载Chroma负载参数[A45R07DHHW01]步骤2
09:51:19.781 | <Chroma仪器1>测试结束:16.0秒
10:06:55.531 | 初始化Chroma ID电子负载失败:接收数据超时:
10:07:03.328 | 关闭控制IO板串口
10:07:03.359 | 关闭Chroma电子负载串口
10:07:19.078 | 初始化Chroma ID电子负载失败:接收数据超时:
10:07:24.078 | 关闭Chroma电子负载串口
10:07:33.421 | 初始化Chroma ID电子负载失败:接收数据超时:
10:08:08.171 | 初始化Chroma ID电子负载失败:接收数据超时:
10:13:32.828 | 成功打开Chroma ID电子负载,初始化Chroma ID电子负载成功
10:13:33.859 | 设置负载参数成功
10:13:33.906 | <Chroma仪器1>开始启动测试
10:13:34.031 | <Chroma仪器1>测试通道【1】开始测试
10:13:35.296 | 成功加载Chroma负载参数[A45R07DHHW01]步骤1
10:13:43.671 | <Chroma仪器1>测试通道【2】开始测试
10:13:44.921 | 成功加载Chroma负载参数[A45R07DHHW01]步骤1
10:13:49.312 | <Chroma仪器1>测试结束:15.4秒
10:14:06.500 | 成功打开Chroma ID电子负载,初始化Chroma ID电子负载成功
10:14:07.531 | 设置负载参数成功
10:14:07.578 | <Chroma仪器1>开始启动测试
10:14:07.703 | <Chroma仪器1>测试通道【1】开始测试
10:14:08.953 | 成功加载Chroma负载参数[A45R07DHHW01]步骤1
10:14:14.453 | 成功加载Chroma负载参数[A45R07DHHW01]步骤2
10:14:22.812 | <Chroma仪器1>测试通道【2】开始测试
10:14:24.078 | 成功加载Chroma负载参数[A45R07DHHW01]步骤1
10:14:29.625 | 成功加载Chroma负载参数[A45R07DHHW01]步骤2
10:14:34.015 | <Chroma仪器1>测试结束:26.4秒
10:19:32.984 | 成功打开Chroma ID电子负载,初始化Chroma ID电子负载成功
10:19:34.015 | 设置负载参数成功
10:19:34.078 | <Chroma仪器1>开始启动测试
10:19:34.203 | <Chroma仪器1>测试通道【1】开始测试
10:19:35.453 | 成功加载Chroma负载参数[A45R07DHHW01]步骤1
10:19:39.890 | 成功加载Chroma负载参数[A45R07DHHW01]步骤2
10:19:46.140 | <Chroma仪器1>测试通道【2】开始测试
10:19:47.390 | 成功加载Chroma负载参数[A45R07DHHW01]步骤1
10:19:51.859 | 成功加载Chroma负载参数[A45R07DHHW01]步骤2
10:19:55.109 | <Chroma仪器1>测试结束:21.0秒
10:20:44.796 | 成功打开Chroma ID电子负载,初始化Chroma ID电子负载成功
10:20:45.812 | 设置负载参数成功
10:20:45.859 | <Chroma仪器1>开始启动测试
10:20:45.984 | <Chroma仪器1>测试通道【1】开始测试
10:20:47.234 | 成功加载Chroma负载参数[A45R07DHHW01]步骤1
10:20:51.656 | 成功加载Chroma负载参数[A45R07DHHW01]步骤2
10:20:57.921 | <Chroma仪器1>测试通道【2】开始测试
10:20:59.546 | 成功加载Chroma负载参数[A45R07DHHW01]步骤1
10:21:03.937 | 成功加载Chroma负载参数[A45R07DHHW01]步骤2
10:21:07.171 | <Chroma仪器1>测试结束:21.3秒
10:21:19.875 | 成功打开Chroma ID电子负载,初始化Chroma ID电子负载成功
10:21:20.890 | 设置负载参数成功
10:21:20.937 | <Chroma仪器1>开始启动测试
10:21:21.062 | <Chroma仪器1>测试通道【1】开始测试
10:21:22.359 | 成功加载Chroma负载参数[A45R07DHHW01]步骤1
10:21:28.609 | <Chroma仪器1>测试通道【2】开始测试
10:21:29.890 | 成功加载Chroma负载参数[A45R07DHHW01]步骤1
10:21:33.140 | <Chroma仪器1>测试结束:12.2秒
10:29:32.828 | 成功打开Chroma ID电子负载,初始化Chroma ID电子负载成功
10:29:32.921 | 成功控制IO板串口,检测控制IO板通信正常.
10:29:33.937 | 设置负载参数成功
10:29:33.953 | <Chroma仪器1>开始启动测试
10:29:34.078 | <Chroma仪器1>测试通道【1】开始测试
10:29:36.171 | 成功加载Chroma负载参数[A45R07DHHW01]步骤1
10:29:42.437 | <Chroma仪器1>测试通道【2】开始测试
10:29:43.703 | 成功加载Chroma负载参数[A45R07DHHW01]步骤1
10:29:46.984 | <Chroma仪器1>测试结束:13.0秒
