18:33:04.566 | 成功连接到PLC主机
18:33:04.801 | 成功打开读卡器串口COM1
18:33:05.136 | 成功连接MES远端服务器【localhost】
18:33:05.344 | 启动PLC监控线程.
18:33:05.352 | 启动绑定检查位测试线程.
18:33:11.377 | 绑定检查位测试线程销毁.
18:33:11.403 | PLC监控线程销毁.
18:33:11.406 | 断开连接PLC主机
18:33:11.448 | 关闭读卡器串口COM1
18:43:53.356 | 成功连接到PLC主机
18:43:53.590 | 成功打开读卡器串口COM1
18:43:53.672 | 成功连接MES远端服务器【localhost】
18:43:53.858 | 启动PLC监控线程.
18:43:53.867 | 启动绑定检查位测试线程.
18:43:56.713 | <绑定检查位>读取治具ID失败:接收数据长度错误:
B01F0F
18:44:00.818 | 绑定检查位测试线程销毁.
18:44:00.841 | PLC监控线程销毁.
18:44:00.844 | 断开连接PLC主机
18:44:00.866 | 关闭读卡器串口COM1
18:48:29.170 | 成功连接到PLC主机
18:48:29.219 | 打开读卡器串口COM1失败:System.UnauthorizedAccessException: 对端口“COM1”的访问被拒绝。
   在 System.IO.Ports.InternalResources.WinIOError(Int32 errorCode, String str)
   在 System.IO.Ports.SerialStream..ctor(String portName, Int32 baudRate, Parity parity, Int32 dataBits, StopBits stopBits, Int32 readTimeout, Int32 writeTimeout, Handshake handshake, Boolean dtrEnable, Boolean rtsEnable, Boolean discardNull, Byte parityReplace)
   在 System.IO.Ports.SerialPort.Open()
   在 GJ.Dev.COM.CSerialPort.open(String comName, String& er, String setting) 位置 E:\安装文件\PD自动线\GJ_ATE\GJ.Dev\COM\CSerialPort.cs:行号 121
18:48:29.228 | 断开连接PLC主机
18:48:29.477 | 成功连接到PLC主机
18:48:29.507 | 打开读卡器串口COM1失败:System.UnauthorizedAccessException: 对端口“COM1”的访问被拒绝。
   在 System.IO.Ports.InternalResources.WinIOError(Int32 errorCode, String str)
   在 System.IO.Ports.SerialStream..ctor(String portName, Int32 baudRate, Parity parity, Int32 dataBits, StopBits stopBits, Int32 readTimeout, Int32 writeTimeout, Handshake handshake, Boolean dtrEnable, Boolean rtsEnable, Boolean discardNull, Byte parityReplace)
   在 System.IO.Ports.SerialPort.Open()
   在 GJ.Dev.COM.CSerialPort.open(String comName, String& er, String setting) 位置 E:\安装文件\PD自动线\GJ_ATE\GJ.Dev\COM\CSerialPort.cs:行号 121
18:48:29.516 | 断开连接PLC主机
18:48:34.673 | 成功连接到PLC主机
18:48:34.700 | 打开读卡器串口COM1失败:System.UnauthorizedAccessException: 对端口“COM1”的访问被拒绝。
   在 System.IO.Ports.InternalResources.WinIOError(Int32 errorCode, String str)
   在 System.IO.Ports.SerialStream..ctor(String portName, Int32 baudRate, Parity parity, Int32 dataBits, StopBits stopBits, Int32 readTimeout, Int32 writeTimeout, Handshake handshake, Boolean dtrEnable, Boolean rtsEnable, Boolean discardNull, Byte parityReplace)
   在 System.IO.Ports.SerialPort.Open()
   在 GJ.Dev.COM.CSerialPort.open(String comName, String& er, String setting) 位置 E:\安装文件\PD自动线\GJ_ATE\GJ.Dev\COM\CSerialPort.cs:行号 121
18:48:34.705 | 断开连接PLC主机
18:48:53.457 | 成功连接到PLC主机
18:48:53.695 | 成功打开读卡器串口COM1
18:48:53.705 | 成功连接MES远端服务器【localhost】
18:48:53.911 | 启动PLC监控线程.
18:48:53.924 | 启动绑定检查位测试线程.
18:48:56.703 | <绑定检查位>读取治具ID失败:接收数据长度错误:
B01F0F
18:49:03.810 | 绑定检查位测试线程销毁.
18:49:03.841 | PLC监控线程销毁.
18:49:03.845 | 断开连接PLC主机
18:49:03.871 | 关闭读卡器串口COM1
18:49:41.673 | 成功连接到PLC主机
18:49:41.918 | 成功打开读卡器串口COM1
18:49:41.928 | 成功连接MES远端服务器【localhost】
18:49:42.096 | 启动PLC监控线程.
18:49:42.110 | 启动绑定检查位测试线程.
18:49:44.943 | <绑定检查位>读取治具ID失败:接收数据长度错误:
B01F0F
18:58:36.509 | 成功连接到PLC主机
18:58:36.744 | 成功打开读卡器串口COM1
18:58:36.827 | 成功连接MES远端服务器【localhost】
18:58:37.022 | 启动PLC监控线程.
18:58:37.030 | 启动绑定检查位测试线程.
19:05:17.691 | 成功连接到PLC主机
19:05:17.737 | 打开读卡器串口COM1失败:System.UnauthorizedAccessException: 对端口“COM1”的访问被拒绝。
   在 System.IO.Ports.InternalResources.WinIOError(Int32 errorCode, String str)
   在 System.IO.Ports.SerialStream..ctor(String portName, Int32 baudRate, Parity parity, Int32 dataBits, StopBits stopBits, Int32 readTimeout, Int32 writeTimeout, Handshake handshake, Boolean dtrEnable, Boolean rtsEnable, Boolean discardNull, Byte parityReplace)
   在 System.IO.Ports.SerialPort.Open()
   在 GJ.Dev.COM.CSerialPort.open(String comName, String& er, String setting) 位置 E:\安装文件\PD自动线\GJ_ATE\GJ.Dev\COM\CSerialPort.cs:行号 121
19:05:17.742 | 断开连接PLC主机
19:05:22.832 | 成功连接到PLC主机
19:05:23.060 | 成功打开读卡器串口COM1
19:05:23.177 | 成功连接MES远端服务器【localhost】
19:05:23.364 | 启动PLC监控线程.
19:05:23.377 | 启动绑定检查位测试线程.
19:05:30.412 | <绑定检查位>治具[0001309078]到位就绪,等待检查.
19:05:30.720 | <绑定检查位>治具[0001309078]绑定OK,准备过站.
19:05:45.149 | <绑定检查位>治具[0003513875]到位就绪,等待检查.
19:05:45.456 | <绑定检查位>治具[0003513875]绑定OK,准备过站.
19:06:05.611 | 绑定检查位测试线程销毁.
19:06:05.669 | PLC监控线程销毁.
19:06:05.673 | 断开连接PLC主机
19:06:05.698 | 关闭读卡器串口COM1
19:15:43.174 | 成功连接到PLC1主机
19:15:44.627 | 读取读卡器地址[01]数据失败:接收数据超时
19:15:58.821 | 成功连接到PLC1主机
19:16:02.840 | 成功打开读卡器串口COM1
19:16:02.855 | 服务器[端口:8000]启动监听.
19:16:02.871 | 启动测试TCP服务器监听:端口[8000]
19:16:03.011 | 成功连接MES远端服务器【192.168.3.200】
19:16:03.261 | 启动PLC监控线程.
19:16:03.277 | 启动测试站检查线程.
19:16:03.293 | 启动测试站检查线程.
19:16:03.324 | 线重PLC1未运行!
19:17:05.183 | 成功连接到PLC1主机
19:17:09.199 | 成功打开读卡器串口COM1
19:17:09.214 | 服务器[端口:8000]启动监听.
19:17:09.230 | 启动测试TCP服务器监听:端口[8000]
19:17:09.324 | 成功连接MES远端服务器【192.168.3.200】
19:17:09.574 | 启动PLC监控线程.
19:17:09.589 | 启动测试站检查线程.
19:17:16.069 | 启动测试站检查线程.
19:17:16.084 | 线重PLC1未运行!
19:18:22.262 | <TURNON>读取治具ID失败:接收数据长度错误:
B02F0C
19:18:28.890 | PLC1报警,请检查!
19:18:31.671 | PLC1报警,请检查!
19:18:33.919 | PLC1报警,请检查!
19:18:34.951 | PLC1报警,请检查!
19:18:35.982 | PLC1报警,请检查!
19:18:37.013 | PLC1报警,请检查!
19:18:38.044 | PLC1报警,请检查!
19:18:38.997 | PLC异常报警,请查看PLC1触摸屏.
19:18:39.076 | PLC1报警,请检查!
19:18:40.107 | PLC1报警,请检查!
19:18:41.138 | PLC1报警,请检查!
19:18:42.169 | PLC1报警,请检查!
19:18:43.185 | PLC1报警,请检查!
19:22:42.965 | 成功连接到PLC1主机
19:22:43.027 | 打开读卡器串口COM1失败:System.UnauthorizedAccessException: 对端口“COM1”的访问被拒绝。
   在 System.IO.Ports.InternalResources.WinIOError(Int32 errorCode, String str)
   在 System.IO.Ports.SerialStream..ctor(String portName, Int32 baudRate, Parity parity, Int32 dataBits, StopBits stopBits, Int32 readTimeout, Int32 writeTimeout, Handshake handshake, Boolean dtrEnable, Boolean rtsEnable, Boolean discardNull, Byte parityReplace)
   在 System.IO.Ports.SerialPort.Open()
   在 GJ.Dev.COM.CSerialPort.open(String comName, String& er, String setting) 位置 E:\安装文件\PD自动线\GJ_ATE\GJ.Dev\COM\CSerialPort.cs:行号 121
19:22:56.576 | 成功连接到PLC1主机
19:23:00.592 | 成功打开读卡器串口COM1
19:23:00.607 | 服务器[端口:8000]启动监听.
19:23:00.623 | 启动测试TCP服务器监听:端口[8000]
19:23:00.716 | 成功连接MES远端服务器【192.168.3.200】
19:23:00.951 | 启动PLC监控线程.
19:23:00.966 | 启动测试站检查线程.
19:23:01.013 | 启动测试站检查线程.
19:23:01.029 | 线重PLC1未运行!
19:23:02.060 | PLC1未运行!
19:23:03.091 | PLC1未运行!
19:23:04.123 | PLC1未运行!
19:23:05.154 | PLC1未运行!
19:23:06.060 | PLC处于未运行状态,请启动PLC1
19:23:06.201 | PLC1未运行!
19:23:07.248 | PLC1未运行!
19:23:08.294 | PLC1未运行!
19:23:09.341 | PLC1未运行!
19:23:10.388 | PLC1未运行!
19:23:11.435 | PLC1未运行!
19:23:12.185 | PLC处于未运行状态,请启动PLC1
19:23:12.482 | PLC1未运行!
19:23:21.004 | <TURNON>治具[0001309078]到位,检查治具流程.
19:23:27.646 | <TURNON>读取治具ID失败:接收数据长度错误:
B02F0C
19:23:28.708 | PLC1报警,请检查!
19:23:29.739 | PLC1报警,请检查!
19:23:30.771 | PLC1报警,请检查!
19:23:31.817 | PLC1报警,请检查!
19:23:32.864 | PLC1报警,请检查!
19:23:32.880 | PLC异常报警,请查看PLC1触摸屏.
19:23:33.895 | PLC1报警,请检查!
19:23:34.942 | PLC1报警,请检查!
19:23:35.989 | PLC1报警,请检查!
19:23:37.036 | PLC1报警,请检查!
19:23:38.083 | PLC1报警,请检查!
19:23:38.989 | PLC异常报警,请查看PLC1触摸屏.
19:23:39.130 | PLC1报警,请检查!
19:23:40.161 | PLC1报警,请检查!
19:23:41.192 | PLC1报警,请检查!
19:23:42.239 | PLC1报警,请检查!
19:23:43.286 | PLC1报警,请检查!
19:23:44.317 | PLC1报警,请检查!
19:23:45.114 | PLC异常报警,请查看PLC1触摸屏.
19:23:45.364 | PLC1报警,请检查!
19:23:46.411 | PLC1报警,请检查!
19:23:47.458 | PLC1报警,请检查!
19:23:48.504 | PLC1报警,请检查!
19:23:49.551 | PLC1报警,请检查!
19:23:50.598 | PLC1报警,请检查!
19:23:51.239 | PLC异常报警,请查看PLC1触摸屏.
19:23:51.645 | PLC1报警,请检查!
19:23:52.692 | PLC1报警,请检查!
19:23:53.739 | PLC1报警,请检查!
19:23:54.770 | PLC1报警,请检查!
19:23:55.817 | PLC1报警,请检查!
19:23:56.864 | PLC1报警,请检查!
19:23:57.364 | PLC异常报警,请查看PLC1触摸屏.
19:23:57.910 | PLC1报警,请检查!
19:26:53.638 | 成功连接到PLC1主机
19:26:57.664 | 成功打开读卡器串口COM1
19:26:57.680 | 服务器[端口:8000]启动监听.
19:26:57.695 | 启动测试TCP服务器监听:端口[8000]
19:26:57.781 | 成功连接MES远端服务器【192.168.3.200】
19:26:58.031 | 启动PLC监控线程.
19:26:58.047 | 启动测试站检查线程.
19:26:58.094 | 启动测试站检查线程.
19:26:58.109 | 线重PLC1未运行!
19:26:59.469 | <TURNON>治具[0001309078]到位,检查治具流程.
19:27:01.000 | <TURNON>治具[0001309078]到位,等待测试.
19:28:09.472 | <HIPOT1>读取治具ID失败:接收数据长度错误:
B04F0A
19:28:10.050 | PLC1报警,请检查!
19:28:11.082 | PLC1报警,请检查!
19:28:12.113 | PLC1报警,请检查!
19:28:13.144 | PLC1报警,请检查!
19:28:14.175 | PLC1报警,请检查!
19:28:14.722 | PLC异常报警,请查看PLC1触摸屏.
19:28:15.207 | PLC1报警,请检查!
19:28:16.238 | PLC1未运行!
19:28:17.269 | PLC1未运行!
19:28:18.300 | PLC1未运行!
19:28:19.331 | PLC1未运行!
19:28:20.363 | PLC1未运行!
19:28:20.831 | PLC处于未运行状态,请启动PLC1
19:28:21.394 | PLC1未运行!
19:28:22.425 | PLC1未运行!
19:28:23.456 | PLC1未运行!
19:28:24.488 | PLC1未运行!
19:28:25.519 | PLC1未运行!
19:28:26.550 | PLC1未运行!
19:28:26.941 | PLC处于未运行状态,请启动PLC1
19:28:27.581 | PLC1未运行!
19:28:28.612 | PLC1未运行!
19:28:29.644 | PLC1未运行!
19:28:30.675 | PLC1未运行!
19:28:31.706 | PLC1未运行!
19:28:32.737 | PLC1未运行!
19:28:33.050 | PLC处于未运行状态,请启动PLC1
19:28:33.769 | PLC1未运行!
19:28:34.800 | PLC1未运行!
19:28:35.831 | PLC1未运行!
19:28:36.862 | PLC1未运行!
19:28:37.893 | PLC1未运行!
19:28:41.975 | <TURNON>治具[0001309078]到位,检查治具流程.
19:28:43.483 | <TURNON>治具[0001309078]到位,等待测试.
19:28:50.342 | 测试站检查线程销毁.
19:28:51.295 | 关闭读卡器串口COM1
19:28:51.311 | 停止测试TCP服务器监听:端口[8000]
19:28:51.326 | 测试站测试线程销毁.
19:30:06.249 | 成功打开Chroma开机电子负载,初始化Chroma开机电子负载成功
19:30:07.532 | 连接控制IO板失败:接收数据超时
19:30:09.987 | 连接控制IO板失败:接收数据超时
19:30:18.179 | 成功控制IO板串口,检测控制IO板通信正常.
19:30:18.200 | 成功连接到PLC主机
19:30:18.245 | <Chroma仪器1>开始启动测试
19:32:40.577 | 成功打开Chroma开机电子负载,初始化Chroma开机电子负载成功
19:32:40.593 | 成功连接到PLC主机
19:32:40.671 | 成功控制IO板串口,检测控制IO板通信正常.
19:32:40.686 | TurnON成功连接测试服务器[192.168.3.209]:8000
19:32:40.702 | <TCP/IP主线程>启动监控测试
19:32:40.749 | <Chroma电子负载前工位>治具[0001309078]到位就绪,等待启动测试
19:32:40.749 | <Chroma仪器1>开始启动测试
19:32:57.346 | <Chroma仪器1>测试通道【1】开始测试
19:33:11.157 | 成功加载Chroma负载参数[A180A017]步骤1
19:34:00.329 | <Chroma仪器1>测试通道【2】开始测试
19:34:05.204 | 成功加载Chroma负载参数[A180A017]步骤1
20:38:56.088 | 成功打开Chroma开机电子负载,初始化Chroma开机电子负载成功
20:38:56.166 | 成功控制IO板串口,检测控制IO板通信正常.
20:38:56.182 | 成功连接到PLC主机
20:38:56.198 | <Chroma仪器1>开始启动测试
20:38:56.354 | <Chroma仪器1>测试通道【1】开始测试
20:46:42.703 | 成功打开Chroma开机电子负载,初始化Chroma开机电子负载成功
20:46:42.781 | 成功控制IO板串口,检测控制IO板通信正常.
20:46:42.797 | 成功连接到PLC主机
20:46:42.813 | <Chroma仪器1>开始启动测试
20:46:42.969 | <Chroma仪器1>测试通道【1】开始测试
20:46:50.199 | 成功加载Chroma负载参数[A180A017]
20:48:07.809 | <Chroma仪器1>测试通道【2】开始测试
20:48:51.345 | <Chroma仪器1>设置测试通道全部关闭错误:
20:48:53.345 | <Chroma仪器1>测试结束:130.5秒
20:49:11.510 | 成功打开Chroma开机电子负载,初始化Chroma开机电子负载成功
20:49:11.604 | <Chroma仪器1>开始启动测试
20:49:11.760 | <Chroma仪器1>测试通道【1】开始测试
20:49:12.791 | 成功加载Chroma负载参数[A180A017]
20:49:30.974 | <Chroma仪器1>测试通道【2】开始测试
20:49:39.693 | <Chroma仪器1>设置测试通道全部关闭错误:
20:49:41.693 | <Chroma仪器1>测试结束:30.1秒
20:49:57.768 | 成功打开Chroma开机电子负载,初始化Chroma开机电子负载成功
20:49:57.862 | <Chroma仪器1>开始启动测试
20:49:58.002 | <Chroma仪器1>测试通道【1】开始测试
20:49:59.033 | 成功加载Chroma负载参数[A180A017]
20:50:10.721 | <Chroma仪器1>测试通道【2】开始测试
20:50:19.455 | <Chroma仪器1>设置测试通道全部关闭错误:
20:50:21.456 | <Chroma仪器1>测试结束:23.6秒
20:54:11.510 | 成功打开Chroma开机电子负载,初始化Chroma开机电子负载成功
20:54:11.604 | <Chroma仪器1>开始启动测试
20:54:11.760 | <Chroma仪器1>测试通道【1】开始测试
20:54:12.776 | 成功加载Chroma负载参数[A180A017]
20:54:24.440 | <Chroma仪器1>测试通道【2】开始测试
20:54:33.128 | <Chroma仪器1>设置测试通道全部关闭错误:
20:54:35.127 | <Chroma仪器1>测试结束:23.5秒
20:55:15.025 | 成功打开Chroma开机电子负载,初始化Chroma开机电子负载成功
20:55:15.104 | <Chroma仪器1>开始启动测试
20:55:15.260 | <Chroma仪器1>测试通道【1】开始测试
20:55:16.275 | 成功加载Chroma负载参数[A180A017]
20:55:27.931 | <Chroma仪器1>测试通道【2】开始测试
20:55:36.634 | <Chroma仪器1>设置测试通道全部关闭错误:
20:55:38.634 | <Chroma仪器1>测试结束:23.5秒
20:56:08.400 | 成功打开Chroma开机电子负载,初始化Chroma开机电子负载成功
20:56:08.494 | <Chroma仪器1>开始启动测试
20:56:08.650 | <Chroma仪器1>测试通道【1】开始测试
20:56:09.697 | 成功加载Chroma负载参数[A180A017]
20:56:25.400 | <Chroma仪器1>测试通道【2】开始测试
20:56:38.134 | <Chroma仪器1>设置测试通道全部关闭错误:
20:56:40.134 | <Chroma仪器1>测试结束:31.6秒
20:56:53.304 | 成功打开Chroma开机电子负载,初始化Chroma开机电子负载成功
20:56:53.398 | <Chroma仪器1>开始启动测试
20:56:53.554 | <Chroma仪器1>测试通道【1】开始测试
20:56:54.585 | 成功加载Chroma负载参数[A180A017]
20:57:10.272 | <Chroma仪器1>测试通道【2】开始测试
20:57:23.006 | <Chroma仪器1>设置测试通道全部关闭错误:
20:57:25.006 | <Chroma仪器1>测试结束:31.6秒
20:57:43.850 | 成功打开Chroma开机电子负载,初始化Chroma开机电子负载成功
20:57:43.959 | <Chroma仪器1>开始启动测试
20:57:44.100 | <Chroma仪器1>测试通道【1】开始测试
20:57:45.147 | 成功加载Chroma负载参数[A180A017]
20:58:00.834 | <Chroma仪器1>测试通道【2】开始测试
20:58:13.568 | <Chroma仪器1>设置测试通道全部关闭错误:
20:58:15.568 | <Chroma仪器1>测试结束:31.6秒
20:58:28.509 | 成功打开Chroma开机电子负载,初始化Chroma开机电子负载成功
20:58:28.603 | <Chroma仪器1>开始启动测试
20:58:28.759 | <Chroma仪器1>测试通道【1】开始测试
20:58:29.774 | 成功加载Chroma负载参数[A180A017]
20:58:49.461 | <Chroma仪器1>测试通道【2】开始测试
20:59:06.195 | <Chroma仪器1>设置测试通道全部关闭错误:
20:59:08.195 | <Chroma仪器1>测试结束:39.6秒
21:01:04.646 | 成功打开Chroma开机电子负载,初始化Chroma开机电子负载成功
21:01:04.739 | <Chroma仪器1>开始启动测试
21:01:04.896 | <Chroma仪器1>测试通道【1】开始测试
21:01:05.942 | 成功加载Chroma负载参数[A180A017]
21:01:25.600 | <Chroma仪器1>测试通道【2】开始测试
21:01:42.366 | <Chroma仪器1>设置测试通道全部关闭错误:
21:01:44.366 | <Chroma仪器1>测试结束:39.6秒
21:03:17.293 | 成功打开Chroma开机电子负载,初始化Chroma开机电子负载成功
21:03:17.387 | <Chroma仪器1>开始启动测试
21:03:17.528 | <Chroma仪器1>测试通道【1】开始测试
21:03:18.559 | 成功加载Chroma负载参数[A180A017]
21:03:38.263 | <Chroma仪器1>测试通道【2】开始测试
21:03:55.029 | <Chroma仪器1>设置测试通道全部关闭错误:
21:03:57.029 | <Chroma仪器1>测试结束:39.6秒
21:04:27.494 | 成功打开Chroma开机电子负载,初始化Chroma开机电子负载成功
21:04:27.588 | <Chroma仪器1>开始启动测试
21:04:27.760 | <Chroma仪器1>测试通道【1】开始测试
21:04:28.776 | 成功加载Chroma负载参数[A180A017]
21:04:48.495 | <Chroma仪器1>测试通道【2】开始测试
21:05:05.245 | <Chroma仪器1>设置测试通道全部关闭错误:
21:05:07.245 | <Chroma仪器1>测试结束:39.6秒
21:05:20.373 | 成功打开Chroma开机电子负载,初始化Chroma开机电子负载成功
21:05:20.466 | <Chroma仪器1>开始启动测试
21:05:20.623 | <Chroma仪器1>测试通道【1】开始测试
21:05:21.670 | 成功加载Chroma负载参数[A180A017]
21:05:41.294 | <Chroma仪器1>测试通道【2】开始测试
21:05:58.012 | <Chroma仪器1>设置测试通道全部关闭错误:
21:06:00.012 | <Chroma仪器1>测试结束:39.5秒
21:08:33.397 | 成功打开Chroma开机电子负载,初始化Chroma开机电子负载成功
21:08:33.475 | <Chroma仪器1>开始启动测试
21:08:33.615 | <Chroma仪器1>测试通道【1】开始测试
21:08:34.647 | 成功加载Chroma负载参数[A180A017]
21:08:54.319 | <Chroma仪器1>测试通道【2】开始测试
21:09:11.053 | <Chroma仪器1>设置测试通道全部关闭错误:
21:09:13.053 | <Chroma仪器1>测试结束:39.6秒
21:15:18.612 | 成功打开Chroma开机电子负载,初始化Chroma开机电子负载成功
21:15:18.722 | <Chroma仪器1>开始启动测试
21:15:18.862 | <Chroma仪器1>测试通道【1】开始测试
21:15:19.893 | 成功加载Chroma负载参数[A180A017]
21:16:47.027 | 成功打开Chroma开机电子负载,初始化Chroma开机电子负载成功
21:16:47.105 | 成功控制IO板串口,检测控制IO板通信正常.
21:16:47.121 | 成功连接到PLC主机
21:16:47.137 | <Chroma仪器1>开始启动测试
21:16:47.293 | <Chroma仪器1>测试通道【1】开始测试
21:16:54.714 | 成功加载Chroma负载参数[A180A017]
21:17:14.338 | <Chroma仪器1>测试通道【2】开始测试
21:17:55.574 | <Chroma仪器1>设置测试通道全部关闭错误:
21:17:57.574 | <Chroma仪器1>测试结束:70.4秒
21:18:00.974 | 成功打开Chroma开机电子负载,初始化Chroma开机电子负载成功
21:18:01.037 | <Chroma仪器1>开始启动测试
21:18:01.193 | <Chroma仪器1>测试通道【1】开始测试
21:18:02.209 | 成功加载Chroma负载参数[A180A017]
21:18:21.802 | <Chroma仪器1>测试通道【2】开始测试
21:18:40.520 | <Chroma仪器1>测试结束:39.5秒
21:19:12.073 | 断开连接PLC主机
21:19:12.120 | 关闭控制IO板串口
