11:16:22.843 | 成功打开Chroma ID电子负载,初始化Chroma ID电子负载成功
11:16:22.984 | 成功控制IO板串口,检测控制IO板通信正常.
11:16:23.015 | <Chroma仪器1>开始启动测试
11:16:23.140 | <Chroma仪器1>测试通道【1】开始测试
11:16:24.140 | 成功加载Chroma负载参数[11111]步骤1
11:16:29.671 | 成功加载Chroma负载参数[11111]步骤2
11:16:33.671 | 成功加载Chroma负载参数[11111]步骤3
11:16:39.968 | <Chroma仪器1>测试通道【2】开始测试
11:16:40.968 | 成功加载Chroma负载参数[11111]步骤1
11:16:44.953 | 成功加载Chroma负载参数[11111]步骤2
11:16:49.937 | 成功加载Chroma负载参数[11111]步骤3
11:16:53.234 | <Chroma仪器1>测试结束:30.2秒
11:17:49.453 | 成功打开Chroma ID电子负载,初始化Chroma ID电子负载成功
11:17:49.500 | <Chroma仪器1>开始启动测试
11:17:49.625 | <Chroma仪器1>测试通道【1】开始测试
11:17:50.640 | 成功加载Chroma负载参数[11111]步骤1
11:17:55.750 | 成功加载Chroma负载参数[11111]步骤2
11:17:59.750 | 成功加载Chroma负载参数[11111]步骤3
11:18:06.093 | <Chroma仪器1>测试通道【2】开始测试
11:18:07.125 | 成功加载Chroma负载参数[11111]步骤1
11:18:11.140 | 成功加载Chroma负载参数[11111]步骤2
11:18:15.156 | 成功加载Chroma负载参数[11111]步骤3
11:18:18.500 | <Chroma仪器1>测试结束:29.0秒
11:19:37.531 | 成功打开Chroma ID电子负载,初始化Chroma ID电子负载成功
11:19:37.578 | <Chroma仪器1>开始启动测试
11:19:37.718 | <Chroma仪器1>测试通道【1】开始测试
11:19:38.718 | 成功加载Chroma负载参数[11111]步骤1
11:19:43.796 | 成功加载Chroma负载参数[11111]步骤2
11:19:47.796 | 成功加载Chroma负载参数[11111]步骤3
11:19:54.093 | <Chroma仪器1>测试通道【2】开始测试
11:19:55.125 | 成功加载Chroma负载参数[11111]步骤1
11:19:59.140 | 成功加载Chroma负载参数[11111]步骤2
11:20:03.140 | 成功加载Chroma负载参数[11111]步骤3
11:20:06.468 | <Chroma仪器1>测试结束:28.9秒
11:20:36.953 | 关闭控制IO板串口
11:21:10.453 | 成功打开Chroma ID电子负载,初始化Chroma ID电子负载成功
11:21:10.546 | 成功控制IO板串口,检测控制IO板通信正常.
11:21:10.578 | <Chroma仪器1>开始启动测试
11:21:10.718 | <Chroma仪器1>测试通道【1】开始测试
11:21:11.718 | 成功加载Chroma负载参数[11111]步骤1
11:21:16.796 | 成功加载Chroma负载参数[11111]步骤2
11:21:20.812 | 成功加载Chroma负载参数[11111]步骤3
11:21:27.140 | <Chroma仪器1>测试通道【2】开始测试
11:21:28.140 | 成功加载Chroma负载参数[11111]步骤1
11:21:32.171 | 成功加载Chroma负载参数[11111]步骤2
11:21:36.203 | 成功加载Chroma负载参数[11111]步骤3
11:21:39.593 | <Chroma仪器1>测试结束:29.0秒
11:22:35.234 | 成功打开Chroma ID电子负载,初始化Chroma ID电子负载成功
11:22:35.281 | <Chroma仪器1>开始启动测试
11:22:35.312 | 关闭控制IO板串口
11:22:35.359 | 关闭Chroma ID电子负载串口
11:22:35.406 | <Chroma仪器1>测试结束:0.1秒
11:22:42.734 | 成功打开Chroma ID电子负载,初始化Chroma ID电子负载成功
11:22:42.828 | 成功控制IO板串口,检测控制IO板通信正常.
11:22:42.843 | <Chroma仪器1>开始启动测试
11:22:42.984 | <Chroma仪器1>测试通道【1】开始测试
11:22:43.984 | 成功加载Chroma负载参数[11111]步骤1
11:22:49.093 | 成功加载Chroma负载参数[11111]步骤2
11:22:53.125 | 成功加载Chroma负载参数[11111]步骤3
11:22:59.453 | <Chroma仪器1>测试通道【2】开始测试
11:23:00.453 | 成功加载Chroma负载参数[11111]步骤1
11:23:04.546 | 成功加载Chroma负载参数[11111]步骤2
11:23:09.140 | 成功加载Chroma负载参数[11111]步骤3
11:23:12.515 | <Chroma仪器1>测试结束:29.6秒
11:24:10.906 | 关闭控制IO板串口
14:46:29.250 | 成功打开Chroma ID电子负载,初始化Chroma ID电子负载成功
14:46:29.343 | 成功控制IO板串口,检测控制IO板通信正常.
14:46:29.375 | <Chroma仪器1>开始启动测试
14:46:29.500 | <Chroma仪器1>测试通道【1】开始测试
14:46:30.515 | 成功加载Chroma负载参数[11111]步骤1
14:46:35.625 | 成功加载Chroma负载参数[11111]步骤2
14:46:39.578 | 成功加载Chroma负载参数[11111]步骤3
14:46:45.921 | <Chroma仪器1>测试通道【2】开始测试
14:46:46.921 | 成功加载Chroma负载参数[11111]步骤1
14:46:51.015 | 成功加载Chroma负载参数[11111]步骤2
14:46:55.062 | 成功加载Chroma负载参数[11111]步骤3
14:46:58.468 | <Chroma仪器1>测试结束:29.1秒
14:47:39.671 | 关闭控制IO板串口
14:49:38.765 | 成功打开Chroma ID电子负载,初始化Chroma ID电子负载成功
14:49:38.859 | 成功控制IO板串口,检测控制IO板通信正常.
14:49:38.890 | <Chroma仪器1>开始启动测试
14:49:39.031 | <Chroma仪器1>测试通道【1】开始测试
14:49:40.015 | 成功加载Chroma负载参数[11111]步骤1
14:49:45.078 | 成功加载Chroma负载参数[11111]步骤2
14:49:49.125 | 成功加载Chroma负载参数[11111]步骤3
14:49:55.468 | <Chroma仪器1>测试通道【2】开始测试
14:49:56.468 | 成功加载Chroma负载参数[11111]步骤1
14:50:00.515 | 成功加载Chroma负载参数[11111]步骤2
14:50:04.625 | 成功加载Chroma负载参数[11111]步骤3
14:50:08.062 | <Chroma仪器1>测试结束:29.1秒
14:50:13.312 | 关闭控制IO板串口
14:57:49.000 | 成功打开Chroma ID电子负载,初始化Chroma ID电子负载成功
14:57:49.093 | 成功控制IO板串口,检测控制IO板通信正常.
14:57:49.109 | <Chroma仪器1>开始启动测试
14:57:49.234 | <Chroma仪器1>测试通道【1】开始测试
14:57:50.234 | 成功加载Chroma负载参数[11111]步骤1
14:57:55.296 | 成功加载Chroma负载参数[11111]步骤2
14:57:59.296 | 成功加载Chroma负载参数[11111]步骤3
14:58:05.609 | <Chroma仪器1>测试通道【2】开始测试
14:58:06.609 | 成功加载Chroma负载参数[11111]步骤1
14:58:10.656 | 成功加载Chroma负载参数[11111]步骤2
14:58:14.687 | 成功加载Chroma负载参数[11111]步骤3
14:58:18.062 | <Chroma仪器1>测试结束:28.9秒
14:58:22.937 | 成功打开Chroma ID电子负载,初始化Chroma ID电子负载成功
14:58:22.984 | <Chroma仪器1>开始启动测试
14:58:23.109 | <Chroma仪器1>测试通道【1】开始测试
14:58:24.109 | 成功加载Chroma负载参数[11111]步骤1
14:58:29.187 | 成功加载Chroma负载参数[11111]步骤2
14:58:33.203 | 成功加载Chroma负载参数[11111]步骤3
14:58:39.546 | <Chroma仪器1>测试通道【2】开始测试
14:58:40.562 | 成功加载Chroma负载参数[11111]步骤1
14:58:44.656 | 成功加载Chroma负载参数[11111]步骤2
14:58:48.796 | 成功加载Chroma负载参数[11111]步骤3
14:58:52.171 | <Chroma仪器1>测试结束:29.2秒
15:02:17.046 | 成功打开Chroma ID电子负载,初始化Chroma ID电子负载成功
15:02:17.093 | <Chroma仪器1>开始启动测试
15:02:17.218 | <Chroma仪器1>测试通道【1】开始测试
15:02:18.218 | 成功加载Chroma负载参数[11111]步骤1
15:02:24.000 | 成功加载Chroma负载参数[11111]步骤2
15:02:28.031 | 成功加载Chroma负载参数[11111]步骤3
15:02:34.390 | <Chroma仪器1>测试通道【2】开始测试
15:02:35.390 | 成功加载Chroma负载参数[11111]步骤1
15:02:39.484 | 成功加载Chroma负载参数[11111]步骤2
15:02:43.515 | 成功加载Chroma负载参数[11111]步骤3
15:02:46.906 | <Chroma仪器1>测试结束:29.8秒
15:05:12.421 | 关闭控制IO板串口
