09:11:41.468 | 成功打开RRCC,初始化RRCC成功
09:11:42.640 | 成功控制IO板串口,检测控制IO板通信正常.
09:11:42.843 | 成功控制IO板串口,检测控制IO板通信正常.
09:11:42.890 | RRCC开始启动测试
09:11:43.171 | RRCC测试通道【1】开始测试
09:11:47.796 | RRCC测试通道【2】开始测试
09:11:52.406 | RRCC测试通道【3】开始测试
09:11:57.031 | RRCC测试通道【4】开始测试
09:12:01.656 | RRCC测试通道【5】开始测试
09:12:06.281 | RRCC测试通道【6】开始测试
09:12:10.906 | RRCC测试通道【7】开始测试
09:12:15.531 | RRCC测试通道【8】开始测试
09:12:20.000 | RRCC测试结束:37.1秒
09:13:15.515 | RRCC开始启动测试
09:13:15.812 | RRCC测试通道【1】开始测试
09:13:20.437 | RRCC测试通道【2】开始测试
09:13:25.062 | RRCC测试通道【3】开始测试
09:13:29.687 | RRCC测试通道【4】开始测试
09:13:34.312 | RRCC测试通道【5】开始测试
09:13:38.937 | RRCC测试通道【6】开始测试
09:13:43.562 | RRCC测试通道【7】开始测试
09:13:48.187 | RRCC测试通道【8】开始测试
09:13:52.656 | RRCC测试结束:37.1秒
09:14:31.062 | RRCC开始启动测试
09:14:31.343 | RRCC测试通道【1】开始测试
09:14:35.968 | RRCC测试通道【2】开始测试
09:14:40.593 | RRCC测试通道【3】开始测试
09:14:45.218 | RRCC测试通道【4】开始测试
09:14:49.843 | RRCC测试通道【5】开始测试
09:14:54.468 | RRCC测试通道【6】开始测试
09:14:59.109 | RRCC测试通道【7】开始测试
09:15:03.734 | RRCC测试通道【8】开始测试
09:15:08.203 | RRCC测试结束:37.1秒
09:22:52.734 | 成功打开RRCC,初始化RRCC成功
09:22:53.875 | 成功控制IO板串口,检测控制IO板通信正常.
09:22:54.078 | 成功控制IO板串口,检测控制IO板通信正常.
09:22:54.109 | RRCC开始启动测试
09:22:54.390 | RRCC测试通道【1】开始测试
09:22:57.015 | RRCC测试通道【2】开始测试
09:22:59.656 | RRCC测试通道【3】开始测试
09:23:02.281 | RRCC测试通道【4】开始测试
09:23:05.859 | RRCC测试通道【2】开始测试
09:24:15.437 | 成功打开RRCC,初始化RRCC成功
09:24:15.484 | 成功控制IO板串口,检测控制IO板通信正常.
09:24:15.687 | 成功控制IO板串口,检测控制IO板通信正常.
09:24:15.734 | RRCC开始启动测试
09:24:16.015 | RRCC测试通道【1】开始测试
09:24:18.640 | RRCC测试通道【2】开始测试
09:24:21.265 | RRCC测试通道【3】开始测试
09:24:23.890 | RRCC测试通道【4】开始测试
09:24:26.515 | RRCC测试通道【5】开始测试
09:24:29.140 | RRCC测试通道【6】开始测试
09:24:31.765 | RRCC测试通道【7】开始测试
09:24:34.390 | RRCC测试通道【8】开始测试
09:24:36.859 | RRCC测试结束:21.1秒
10:26:00.375 | RRCC开始启动测试
10:26:00.640 | RRCC测试通道【1】开始测试
10:26:03.265 | RRCC测试通道【2】开始测试
10:26:05.890 | RRCC测试通道【3】开始测试
10:26:08.515 | RRCC测试通道【4】开始测试
10:26:11.140 | RRCC测试通道【5】开始测试
10:26:13.765 | RRCC测试通道【6】开始测试
10:26:16.390 | RRCC测试通道【7】开始测试
10:26:19.015 | RRCC测试通道【8】开始测试
10:26:21.484 | RRCC测试结束:21.1秒
10:26:26.781 | RRCC开始启动测试
10:26:27.062 | RRCC测试通道【1】开始测试
10:26:29.687 | RRCC测试通道【2】开始测试
10:26:32.296 | RRCC测试通道【3】开始测试
10:26:34.921 | RRCC测试通道【4】开始测试
10:26:37.546 | RRCC测试通道【5】开始测试
10:26:40.171 | RRCC测试通道【6】开始测试
10:26:42.796 | RRCC测试通道【7】开始测试
10:26:45.421 | RRCC测试通道【8】开始测试
10:26:47.890 | RRCC测试结束:21.1秒
10:34:35.671 | RRCC开始启动测试
10:34:35.968 | RRCC测试通道【1】开始测试
10:34:38.593 | RRCC测试通道【2】开始测试
10:34:41.203 | RRCC测试通道【3】开始测试
10:34:43.828 | RRCC测试通道【4】开始测试
10:34:46.453 | RRCC测试通道【5】开始测试
10:34:49.078 | RRCC测试通道【6】开始测试
10:34:51.703 | RRCC测试通道【7】开始测试
10:34:54.328 | RRCC测试通道【8】开始测试
10:34:56.796 | RRCC测试结束:21.1秒
10:35:18.031 | RRCC开始启动测试
10:35:18.343 | RRCC测试通道【1】开始测试
10:35:20.968 | RRCC测试通道【2】开始测试
10:35:23.593 | RRCC测试通道【3】开始测试
10:35:26.218 | RRCC测试通道【4】开始测试
10:35:28.843 | RRCC测试通道【5】开始测试
10:35:31.468 | RRCC测试通道【6】开始测试
10:35:34.093 | RRCC测试通道【7】开始测试
10:35:36.718 | RRCC测试通道【8】开始测试
10:35:39.187 | RRCC测试结束:21.1秒
11:10:37.203 | RRCC开始启动测试
11:10:37.484 | RRCC测试通道【1】开始测试
11:10:40.109 | RRCC测试通道【2】开始测试
11:10:42.734 | RRCC测试通道【3】开始测试
11:10:45.359 | RRCC测试通道【4】开始测试
11:10:47.984 | RRCC测试通道【5】开始测试
11:10:50.609 | RRCC测试通道【6】开始测试
11:10:53.234 | RRCC测试通道【7】开始测试
11:10:55.859 | RRCC测试通道【8】开始测试
11:10:58.328 | RRCC测试结束:21.1秒
11:11:28.234 | RRCC开始启动测试
11:11:28.531 | RRCC测试通道【1】开始测试
11:11:31.156 | RRCC测试通道【2】开始测试
11:11:33.781 | RRCC测试通道【3】开始测试
11:11:36.406 | RRCC测试通道【4】开始测试
11:11:39.031 | RRCC测试通道【5】开始测试
11:11:41.656 | RRCC测试通道【6】开始测试
11:11:44.281 | RRCC测试通道【7】开始测试
11:11:46.906 | RRCC测试通道【8】开始测试
11:11:49.375 | RRCC测试结束:21.1秒
11:16:17.968 | RRCC开始启动测试
11:16:18.250 | RRCC测试通道【1】开始测试
11:16:20.875 | RRCC测试通道【2】开始测试
11:16:23.500 | RRCC测试通道【3】开始测试
11:16:26.125 | RRCC测试通道【4】开始测试
11:16:28.750 | RRCC测试通道【5】开始测试
11:16:31.375 | RRCC测试通道【6】开始测试
11:16:34.000 | RRCC测试通道【7】开始测试
11:16:36.625 | RRCC测试通道【8】开始测试
11:16:39.093 | RRCC测试结束:21.1秒
11:19:57.671 | RRCC开始启动测试
11:20:02.671 | RRCC设置测试通道1错误:接收数据超时
11:20:02.687 | RRCC测试结束:5.0秒
11:20:07.968 | RRCC开始启动测试
11:20:08.250 | RRCC测试通道【1】开始测试
11:20:10.875 | RRCC测试通道【2】开始测试
11:20:13.500 | RRCC测试通道【3】开始测试
11:20:16.125 | RRCC测试通道【4】开始测试
11:20:18.750 | RRCC测试通道【5】开始测试
11:20:21.375 | RRCC测试通道【6】开始测试
11:20:24.000 | RRCC测试通道【7】开始测试
11:20:26.625 | RRCC测试通道【8】开始测试
11:20:29.093 | RRCC测试结束:21.1秒
11:20:35.843 | RRCC开始启动测试
11:20:36.140 | RRCC测试通道【1】开始测试
11:20:38.765 | RRCC测试通道【2】开始测试
11:20:41.390 | RRCC测试通道【3】开始测试
11:20:44.015 | RRCC测试通道【4】开始测试
11:20:46.640 | RRCC测试通道【5】开始测试
11:20:49.265 | RRCC测试通道【6】开始测试
11:20:51.890 | RRCC测试通道【7】开始测试
11:20:54.515 | RRCC测试通道【8】开始测试
11:20:56.984 | RRCC测试结束:21.1秒
11:21:49.625 | RRCC开始启动测试
11:21:49.906 | RRCC测试通道【1】开始测试
11:21:52.546 | RRCC测试通道【2】开始测试
11:21:55.171 | RRCC测试通道【3】开始测试
11:21:57.796 | RRCC测试通道【4】开始测试
11:22:00.421 | RRCC测试通道【5】开始测试
11:22:03.062 | RRCC测试通道【6】开始测试
11:22:05.687 | RRCC测试通道【7】开始测试
11:22:08.312 | RRCC测试通道【8】开始测试
11:22:10.781 | RRCC测试结束:21.1秒
11:22:17.000 | RRCC开始启动测试
11:22:17.296 | RRCC测试通道【1】开始测试
11:22:19.906 | RRCC测试通道【2】开始测试
11:22:22.531 | RRCC测试通道【3】开始测试
11:22:25.156 | RRCC测试通道【2】开始测试
11:22:27.796 | RRCC测试通道【3】开始测试
11:22:30.421 | RRCC测试通道【4】开始测试
11:22:33.046 | RRCC测试通道【5】开始测试
11:22:35.671 | RRCC测试通道【6】开始测试
11:22:38.296 | RRCC测试通道【7】开始测试
11:22:40.921 | RRCC测试通道【8】开始测试
11:22:43.390 | RRCC测试结束:26.4秒
11:23:38.343 | RRCC开始启动测试
11:23:38.640 | RRCC测试通道【1】开始测试
11:23:41.265 | RRCC测试通道【2】开始测试
11:23:43.890 | RRCC测试通道【3】开始测试
11:23:46.515 | RRCC测试通道【4】开始测试
11:23:49.140 | RRCC测试通道【5】开始测试
11:23:51.765 | RRCC测试通道【6】开始测试
11:23:54.390 | RRCC测试通道【7】开始测试
11:23:57.031 | RRCC测试通道【8】开始测试
11:23:59.500 | RRCC测试结束:21.1秒
11:25:25.656 | RRCC开始启动测试
11:25:25.968 | RRCC测试通道【1】开始测试
11:25:28.593 | RRCC测试通道【2】开始测试
11:25:31.203 | RRCC测试通道【3】开始测试
11:25:33.828 | RRCC测试通道【4】开始测试
11:25:36.453 | RRCC测试通道【5】开始测试
11:25:39.078 | RRCC测试通道【6】开始测试
11:25:41.703 | RRCC测试通道【7】开始测试
11:25:44.343 | RRCC测试通道【8】开始测试
11:25:46.812 | RRCC测试结束:21.1秒
11:27:19.859 | RRCC开始启动测试
11:27:20.156 | RRCC测试通道【1】开始测试
11:27:22.781 | RRCC测试通道【2】开始测试
11:27:25.406 | RRCC测试通道【3】开始测试
11:27:28.046 | RRCC测试通道【4】开始测试
11:27:30.671 | RRCC测试通道【5】开始测试
11:27:33.296 | RRCC测试通道【6】开始测试
11:27:35.921 | RRCC测试通道【7】开始测试
11:27:38.546 | RRCC测试通道【8】开始测试
11:27:41.015 | RRCC测试结束:21.1秒
11:31:45.921 | RRCC开始启动测试
11:31:46.203 | RRCC测试通道【1】开始测试
11:31:48.828 | RRCC测试通道【2】开始测试
11:31:51.453 | RRCC测试通道【3】开始测试
11:31:54.078 | RRCC测试通道【4】开始测试
11:31:56.703 | RRCC测试通道【5】开始测试
11:31:59.328 | RRCC测试通道【6】开始测试
11:32:01.968 | RRCC测试通道【7】开始测试
11:32:04.593 | RRCC测试通道【8】开始测试
11:32:07.062 | RRCC测试结束:21.1秒
11:32:28.984 | RRCC开始启动测试
11:32:29.265 | RRCC测试通道【1】开始测试
11:32:31.890 | RRCC测试通道【2】开始测试
11:32:34.515 | RRCC测试通道【3】开始测试
11:32:37.140 | RRCC测试通道【4】开始测试
11:32:39.765 | RRCC测试通道【5】开始测试
11:32:42.406 | RRCC测试通道【6】开始测试
11:32:45.031 | RRCC测试通道【7】开始测试
11:32:47.656 | RRCC测试通道【8】开始测试
11:32:50.125 | RRCC测试结束:21.1秒
11:34:30.390 | RRCC开始启动测试
11:34:30.671 | RRCC测试通道【1】开始测试
11:34:33.296 | RRCC测试通道【2】开始测试
11:34:35.921 | RRCC测试通道【3】开始测试
11:34:38.531 | RRCC测试通道【4】开始测试
11:34:41.156 | RRCC测试通道【5】开始测试
11:34:43.765 | RRCC测试通道【6】开始测试
11:34:46.390 | RRCC测试通道【7】开始测试
11:34:49.000 | RRCC测试通道【8】开始测试
11:34:51.468 | RRCC测试结束:21.1秒
11:35:05.453 | 关闭RRCC串口
11:35:05.484 | 关闭控制IO板串口
