09:37:11.500 | 成功打开Chroma电子负载,初始化Chroma电子负载
09:37:34.375 | 连接控制IO板失败:接收数据超时
10:40:39.859 | 成功打开Chroma电子负载,初始化Chroma电子负载
10:53:19.109 | 初始化Chroma电子负载失败:
10:59:04.828 | 成功打开Chroma电子负载,初始化Chroma电子负载
11:00:47.968 | 接收数据超时:
11:07:58.125 | 成功打开Chroma电子负载,初始化Chroma电子负载
11:28:30.781 | 成功打开Chroma电子负载,初始化Chroma电子负载
11:33:01.640 | 成功打开Chroma电子负载,初始化Chroma电子负载
13:53:50.062 | 成功打开Chroma电子负载,初始化Chroma电子负载
13:54:03.640 | 连接控制IO板失败:接收数据超时
13:58:03.437 | 成功打开Chroma电子负载,初始化Chroma电子负载
14:30:01.406 | 成功打开Chroma电子负载,初始化Chroma电子负载
14:44:28.562 | 成功打开Chroma电子负载,初始化Chroma电子负载
14:54:59.984 | 成功打开Chroma电子负载,初始化Chroma电子负载
14:55:22.171 | 成功控制IO板串口,检测控制IO板通信正常.
15:15:14.484 | 成功打开Chroma电子负载,初始化Chroma电子负载
15:15:22.234 | 成功控制IO板串口,检测控制IO板通信正常.
15:48:15.812 | 成功打开Chroma电子负载,初始化Chroma电子负载
15:48:15.906 | 连接控制IO板失败:接收数据长度错误:C0EE010201140000000000000000000000000000000018EF
15:48:25.203 | 连接控制IO板失败:接收数据长度错误:FCEE010201140000000000000000000000000000000018EF
15:49:00.656 | 成功控制IO板串口,检测控制IO板通信正常.
15:49:00.718 | 设置通道1失败
15:49:08.281 | 设置负载参数成功
15:49:15.859 | <Chroma仪器1>开始启动测试
15:53:23.562 | <Chroma仪器1>测试通道【1】开始测试
16:28:43.640 | 成功打开Chroma电子负载,初始化Chroma电子负载
16:28:43.734 | 成功控制IO板串口,检测控制IO板通信正常.
16:28:43.781 | 设置通道1失败
16:28:48.500 | 设置负载参数成功
16:28:49.562 | <Chroma仪器1>开始启动测试
16:28:49.687 | <Chroma仪器1>测试通道【1】开始测试
16:37:04.125 | 成功打开Chroma电子负载,初始化Chroma电子负载
16:37:04.218 | 成功控制IO板串口,检测控制IO板通信正常.
16:37:05.265 | 设置负载参数成功
16:37:08.828 | <Chroma仪器1>开始启动测试
16:48:07.031 | <Chroma仪器1>测试通道【1】开始测试
17:16:58.375 | 成功打开Chroma电子负载,初始化Chroma电子负载
17:16:58.484 | 成功控制IO板串口,检测控制IO板通信正常.
17:16:59.500 | 设置负载参数成功
17:17:18.718 | <Chroma仪器1>开始启动测试
17:17:29.593 | <Chroma仪器1>测试通道【1】开始测试
17:22:09.562 | 成功打开Chroma电子负载,初始化Chroma电子负载
17:22:09.656 | 成功控制IO板串口,检测控制IO板通信正常.
17:22:10.687 | 设置负载参数成功
17:22:14.078 | <Chroma仪器1>开始启动测试
17:22:14.203 | <Chroma仪器1>测试通道【1】开始测试
17:24:40.734 | <Chroma仪器1>System.ArgumentOutOfRangeException: Index was out of range. Must be non-negative and less than the size of the collection.
Parameter name: index
   at System.ThrowHelper.ThrowArgumentOutOfRangeException()
   at System.Collections.Generic.List`1.get_Item(Int32 index)
   at GJ.Para.TURNON.udcRun.onChromaTesting(Int32 idNo)
17:24:40.750 | <Chroma仪器1>测试结束:146.7秒
17:24:43.531 | 成功打开Chroma电子负载,初始化Chroma电子负载
17:24:44.546 | 设置负载参数成功
17:24:44.562 | <Chroma仪器1>开始启动测试
17:24:44.687 | <Chroma仪器1>测试通道【1】开始测试
17:26:46.890 | 成功打开Chroma电子负载,初始化Chroma电子负载
17:26:46.984 | 成功控制IO板串口,检测控制IO板通信正常.
17:26:48.015 | 设置负载参数成功
17:26:48.062 | <Chroma仪器1>开始启动测试
17:26:48.187 | <Chroma仪器1>测试通道【1】开始测试
17:26:51.734 | <Chroma仪器1>测试通道【2】开始测试
17:38:33.468 | 成功打开Chroma电子负载,初始化Chroma电子负载
17:38:34.671 | 成功控制IO板串口,检测控制IO板通信正常.
17:38:35.703 | 设置负载参数成功
17:38:35.718 | <Chroma仪器1>开始启动测试
17:38:35.843 | <Chroma仪器1>测试通道【1】开始测试
17:38:38.828 | <Chroma仪器1>System.ArgumentOutOfRangeException: Index was out of range. Must be non-negative and less than the size of the collection.
Parameter name: index
   at System.ThrowHelper.ThrowArgumentOutOfRangeException()
   at System.Collections.Generic.List`1.set_Item(Int32 index, T value)
   at GJ.Para.TURNON.udcRun.onChromaTesting(Int32 idNo) in G:\群光自动线\GJ_ATE\GJ.Para\TURNON\udcRun.cs:line 1732
17:38:38.859 | <Chroma仪器1>测试结束:3.1秒
17:38:46.093 | 成功打开Chroma电子负载,初始化Chroma电子负载
17:38:47.125 | 设置负载参数成功
17:38:47.140 | <Chroma仪器1>开始启动测试
17:38:47.265 | <Chroma仪器1>测试通道【1】开始测试
17:39:29.375 | <Chroma仪器1>System.ArgumentOutOfRangeException: Index was out of range. Must be non-negative and less than the size of the collection.
Parameter name: index
   at System.ThrowHelper.ThrowArgumentOutOfRangeException()
   at System.Collections.Generic.List`1.set_Item(Int32 index, T value)
   at GJ.Para.TURNON.udcRun.onChromaTesting(Int32 idNo) in G:\群光自动线\GJ_ATE\GJ.Para\TURNON\udcRun.cs:line 1732
17:39:29.406 | <Chroma仪器1>测试结束:42.3秒
17:39:32.328 | 成功打开Chroma电子负载,初始化Chroma电子负载
17:39:33.375 | 设置负载参数成功
17:39:33.390 | <Chroma仪器1>开始启动测试
17:39:33.515 | <Chroma仪器1>测试通道【1】开始测试
17:41:51.062 | 成功打开Chroma电子负载,初始化Chroma电子负载
17:41:51.156 | 成功控制IO板串口,检测控制IO板通信正常.
17:41:52.171 | 设置负载参数成功
17:41:52.187 | <Chroma仪器1>开始启动测试
17:41:52.312 | <Chroma仪器1>测试通道【1】开始测试
17:42:45.234 | <Chroma仪器1>测试通道【2】开始测试
17:42:52.859 | <Chroma仪器1>测试结束:60.7秒
17:43:03.046 | 成功打开Chroma电子负载,初始化Chroma电子负载
17:43:04.062 | 设置负载参数成功
17:43:04.078 | <Chroma仪器1>开始启动测试
17:43:04.203 | <Chroma仪器1>测试通道【1】开始测试
17:43:05.546 | <Chroma仪器1>测试通道【2】开始测试
17:43:06.828 | <Chroma仪器1>测试结束:2.7秒
17:43:11.953 | 成功打开Chroma电子负载,初始化Chroma电子负载
17:43:12.968 | 设置负载参数成功
17:43:12.984 | <Chroma仪器1>开始启动测试
17:43:13.125 | <Chroma仪器1>测试通道【1】开始测试
17:43:14.437 | <Chroma仪器1>测试通道【2】开始测试
17:43:15.703 | <Chroma仪器1>测试结束:2.7秒
17:43:19.156 | 成功打开Chroma电子负载,初始化Chroma电子负载
17:43:20.171 | 设置负载参数成功
17:43:20.187 | <Chroma仪器1>开始启动测试
17:43:20.312 | <Chroma仪器1>测试通道【1】开始测试
17:43:21.625 | <Chroma仪器1>测试通道【2】开始测试
17:43:22.906 | <Chroma仪器1>测试结束:2.7秒
17:56:02.156 | 成功打开Chroma电子负载,初始化Chroma电子负载
17:56:02.250 | 成功控制IO板串口,检测控制IO板通信正常.
17:56:03.296 | 设置负载参数成功
17:56:03.312 | <Chroma仪器1>开始启动测试
17:56:03.437 | <Chroma仪器1>测试通道【1】开始测试
17:56:04.781 | <Chroma仪器1>测试通道【2】开始测试
17:56:06.078 | <Chroma仪器1>测试结束:2.8秒
17:56:11.468 | 成功打开Chroma电子负载,初始化Chroma电子负载
17:56:12.484 | 设置负载参数成功
17:56:12.500 | <Chroma仪器1>开始启动测试
17:56:12.625 | <Chroma仪器1>测试通道【1】开始测试
17:56:13.968 | <Chroma仪器1>测试通道【2】开始测试
17:56:15.281 | <Chroma仪器1>测试结束:2.8秒
17:56:17.156 | 成功打开Chroma电子负载,初始化Chroma电子负载
17:56:18.171 | 设置负载参数成功
17:56:18.187 | <Chroma仪器1>开始启动测试
17:56:18.312 | <Chroma仪器1>测试通道【1】开始测试
17:56:19.625 | <Chroma仪器1>测试通道【2】开始测试
17:56:20.953 | <Chroma仪器1>测试结束:2.8秒
17:56:28.125 | 成功打开Chroma电子负载,初始化Chroma电子负载
17:56:29.140 | 设置负载参数成功
17:56:29.156 | <Chroma仪器1>开始启动测试
17:56:29.281 | <Chroma仪器1>测试通道【1】开始测试
17:56:30.609 | <Chroma仪器1>测试通道【2】开始测试
17:56:31.937 | <Chroma仪器1>测试结束:2.8秒
17:56:36.062 | 关闭控制IO板串口
18:21:40.703 | 成功打开Chroma电子负载,初始化Chroma电子负载
18:21:40.796 | 成功控制IO板串口,检测控制IO板通信正常.
18:21:41.812 | 设置负载参数成功
18:21:41.828 | <Chroma仪器1>开始启动测试
18:21:41.953 | <Chroma仪器1>测试通道【1】开始测试
18:21:43.281 | <Chroma仪器1>测试通道【2】开始测试
18:21:44.578 | <Chroma仪器1>测试结束:2.7秒
18:21:54.031 | 成功打开Chroma电子负载,初始化Chroma电子负载
18:21:55.046 | 设置负载参数成功
18:21:55.062 | <Chroma仪器1>开始启动测试
18:21:55.187 | <Chroma仪器1>测试通道【1】开始测试
18:21:56.531 | <Chroma仪器1>测试通道【2】开始测试
18:21:57.812 | <Chroma仪器1>测试结束:2.7秒
18:22:08.750 | 成功打开Chroma电子负载,初始化Chroma电子负载
18:22:09.765 | 设置负载参数成功
18:22:09.781 | <Chroma仪器1>开始启动测试
18:22:09.906 | <Chroma仪器1>测试通道【1】开始测试
18:22:11.218 | <Chroma仪器1>测试通道【2】开始测试
18:22:12.515 | <Chroma仪器1>测试结束:2.7秒
18:22:19.890 | 关闭控制IO板串口
18:36:07.031 | 成功打开Chroma电子负载,初始化Chroma电子负载
18:36:07.125 | 成功控制IO板串口,检测控制IO板通信正常.
18:36:08.156 | 设置负载参数成功
18:36:08.171 | <Chroma仪器1>开始启动测试
18:36:08.296 | <Chroma仪器1>测试通道【1】开始测试
18:36:09.625 | <Chroma仪器1>测试通道【2】开始测试
18:36:10.906 | <Chroma仪器1>测试结束:2.7秒
19:34:24.531 | 成功打开Chroma电子负载,初始化Chroma电子负载
19:34:24.609 | 打开控制IO板串口失败:System.UnauthorizedAccessException: Access to the port 'COM1' is denied.
   at System.IO.Ports.InternalResources.WinIOError(Int32 errorCode, String str)
   at System.IO.Ports.SerialStream..ctor(String portName, Int32 baudRate, Parity parity, Int32 dataBits, StopBits stopBits, Int32 readTimeout, Int32 writeTimeout, Handshake handshake, Boolean dtrEnable, Boolean rtsEnable, Boolean discardNull, Byte parityReplace)
   at System.IO.Ports.SerialPort.Open()
   at GJ.Dev.COM.CSerialPort.open(String comName, String& er, String setting) in G:\群光自动线\GJ_ATE\GJ.Dev\COM\CSerialPort.cs:line 121
19:34:30.406 | 成功控制IO板串口,检测控制IO板通信正常.
19:34:31.421 | 设置负载参数成功
19:34:31.437 | <Chroma仪器1>开始启动测试
19:34:55.890 | <Chroma仪器1>测试通道【1】开始测试
19:35:43.953 | <Chroma仪器1>测试通道【2】开始测试
19:35:45.234 | <Chroma仪器1>测试结束:73.8秒
19:35:48.968 | 成功打开Chroma电子负载,初始化Chroma电子负载
19:35:50.000 | 设置负载参数成功
19:35:50.031 | <Chroma仪器1>开始启动测试
19:35:52.687 | <Chroma仪器1>测试通道【1】开始测试
19:35:56.937 | <Chroma仪器1>测试通道【2】开始测试
19:35:58.187 | <Chroma仪器1>测试结束:8.1秒
19:36:00.218 | 成功打开Chroma电子负载,初始化Chroma电子负载
19:36:01.250 | 设置负载参数成功
19:36:01.281 | <Chroma仪器1>开始启动测试
19:36:05.187 | <Chroma仪器1>测试通道【1】开始测试
19:36:06.531 | <Chroma仪器1>测试通道【2】开始测试
19:36:07.812 | <Chroma仪器1>测试结束:6.5秒
19:36:11.468 | 成功打开Chroma电子负载,初始化Chroma电子负载
19:36:12.500 | 设置负载参数成功
19:36:12.531 | <Chroma仪器1>开始启动测试
19:36:12.656 | <Chroma仪器1>测试通道【1】开始测试
19:36:13.984 | <Chroma仪器1>测试通道【2】开始测试
19:36:15.250 | <Chroma仪器1>测试结束:2.7秒
19:36:26.375 | 关闭控制IO板串口
