09:20:29.219 | 成功打开Chroma开机电子负载,初始化Chroma开机电子负载成功
09:20:29.269 | 成功控制IO板串口,检测控制IO板通信正常.
09:20:29.289 | 成功连接到PLC主机
09:20:29.314 | <Chroma仪器1>开始启动测试
09:20:29.438 | <Chroma仪器1>测试通道【1】开始测试
09:20:30.421 | 成功加载Chroma负载参数[A065RP09P]
09:20:33.983 | <Chroma仪器1>测试通道【2】开始测试
09:20:39.436 | <Chroma仪器1>测试结束:10.1秒
09:21:10.328 | 成功打开Chroma开机电子负载,初始化Chroma开机电子负载成功
09:21:10.426 | <Chroma仪器1>开始启动测试
09:21:11.768 | <Chroma仪器1>测试通道【1】开始测试
09:21:12.740 | 成功加载Chroma负载参数[A065RP09P]
09:21:19.577 | <Chroma仪器1>测试通道【2】开始测试
09:21:28.405 | <Chroma仪器1>测试结束:18.0秒
09:22:27.172 | 成功打开Chroma开机电子负载,初始化Chroma开机电子负载成功
09:22:27.270 | <Chroma仪器1>开始启动测试
09:22:27.392 | <Chroma仪器1>测试通道【1】开始测试
09:22:49.365 | 成功加载Chroma负载参数[A065RP09P]步骤1
09:22:52.686 | <Chroma仪器1>测试通道【2】开始测试
09:22:53.776 | 成功加载Chroma负载参数[A065RP09P]步骤1
09:22:57.050 | <Chroma仪器1>设置测试通道全部关闭错误:
09:22:59.045 | <Chroma仪器1>测试结束:31.8秒
09:23:11.686 | 成功打开Chroma开机电子负载,初始化Chroma开机电子负载成功
09:23:11.769 | <Chroma仪器1>开始启动测试
09:23:13.113 | <Chroma仪器1>测试通道【1】开始测试
09:23:14.209 | 成功加载Chroma负载参数[A065RP09P]步骤1
09:23:17.529 | <Chroma仪器1>测试通道【2】开始测试
09:23:18.651 | 成功加载Chroma负载参数[A065RP09P]步骤1
09:23:21.929 | <Chroma仪器1>设置测试通道全部关闭错误:
09:23:23.936 | <Chroma仪器1>测试结束:12.2秒
09:25:04.818 | 成功打开Chroma开机电子负载,初始化Chroma开机电子负载成功
09:25:04.867 | 成功控制IO板串口,检测控制IO板通信正常.
09:25:04.884 | 成功连接到PLC主机
09:25:04.907 | <Chroma仪器1>开始启动测试
09:25:09.989 | <Chroma仪器1>测试通道【1】开始测试
09:25:18.305 | 成功加载Chroma负载参数[A065RP09P]步骤1
09:25:21.686 | <Chroma仪器1>测试通道【2】开始测试
09:25:22.778 | 成功加载Chroma负载参数[A065RP09P]步骤1
09:25:28.093 | <Chroma仪器1>测试结束:23.2秒
09:25:41.944 | 断开连接PLC主机
09:25:41.969 | 关闭控制IO板串口
09:29:38.467 | 成功打开Chroma开机电子负载,初始化Chroma开机电子负载成功
09:29:38.514 | 成功控制IO板串口,检测控制IO板通信正常.
09:29:38.524 | 成功连接到PLC主机
09:29:38.545 | <Chroma仪器1>开始启动测试
09:29:39.907 | <Chroma仪器1>测试通道【1】开始测试
09:29:40.976 | 成功加载Chroma负载参数[A065RP09P]步骤1
09:30:36.717 | <Chroma仪器1>测试通道【2】开始测试
09:30:37.777 | 成功加载Chroma负载参数[A065RP09P]步骤1
09:30:45.967 | <Chroma仪器1>测试结束:67.4秒
09:35:40.606 | 成功打开Chroma开机电子负载,初始化Chroma开机电子负载成功
09:35:40.663 | 成功控制IO板串口,检测控制IO板通信正常.
09:35:40.682 | 成功连接到PLC主机
09:35:40.717 | <Chroma仪器1>开始启动测试
09:35:40.840 | <Chroma仪器1>测试通道【1】开始测试
09:35:41.853 | 成功加载Chroma负载参数[A065RP09P]
09:35:48.701 | <Chroma仪器1>测试通道【2】开始测试
09:35:57.514 | <Chroma仪器1>测试结束:16.8秒
09:36:44.922 | 成功打开Chroma开机电子负载,初始化Chroma开机电子负载成功
09:36:45.013 | <Chroma仪器1>开始启动测试
09:36:45.128 | <Chroma仪器1>测试通道【1】开始测试
09:36:46.099 | 成功加载Chroma负载参数[A065RP09P]
09:36:52.998 | <Chroma仪器1>测试通道【2】开始测试
09:37:01.858 | <Chroma仪器1>测试结束:16.8秒
09:37:08.999 | 成功打开Chroma开机电子负载,初始化Chroma开机电子负载成功
09:37:09.089 | <Chroma仪器1>开始启动测试
09:37:09.206 | <Chroma仪器1>测试通道【1】开始测试
09:37:10.176 | 成功加载Chroma负载参数[A065RP09P]
09:37:17.061 | <Chroma仪器1>测试通道【2】开始测试
09:37:25.889 | <Chroma仪器1>测试结束:16.8秒
09:38:05.172 | 成功打开Chroma开机电子负载,初始化Chroma开机电子负载成功
09:38:05.285 | <Chroma仪器1>开始启动测试
09:38:05.410 | <Chroma仪器1>测试通道【1】开始测试
09:38:06.416 | 成功加载Chroma负载参数[A065RP09P]
09:38:13.342 | <Chroma仪器1>测试通道【2】开始测试
09:38:22.171 | <Chroma仪器1>测试结束:16.9秒
09:39:02.844 | 成功打开Chroma开机电子负载,初始化Chroma开机电子负载成功
09:39:02.938 | <Chroma仪器1>开始启动测试
09:39:03.056 | <Chroma仪器1>测试通道【1】开始测试
09:39:04.036 | 成功加载Chroma负载参数[A065RP09P]
09:39:10.967 | <Chroma仪器1>测试通道【2】开始测试
09:39:19.795 | <Chroma仪器1>测试结束:16.9秒
09:40:43.422 | 成功打开Chroma开机电子负载,初始化Chroma开机电子负载成功
09:40:43.512 | <Chroma仪器1>开始启动测试
09:40:44.846 | <Chroma仪器1>测试通道【1】开始测试
09:40:51.382 | 成功加载Chroma负载参数[A065RP09P]
09:40:54.951 | <Chroma仪器1>测试通道【2】开始测试
09:41:00.436 | <Chroma仪器1>测试结束:16.9秒
